#
# There is insufficient memory for the Java Runtime Environment to continue.
# Native memory allocation (malloc) failed to allocate 1535696 bytes for Chunk::new
# Possible reasons:
#   The system is out of physical RAM or swap space
#   The process is running with CompressedOops enabled, and the Java Heap may be blocking the growth of the native heap
# Possible solutions:
#   Reduce memory load on the system
#   Increase physical memory or swap space
#   Check if swap backing store is full
#   Decrease Java heap size (-Xmx/-Xms)
#   Decrease number of Java threads
#   Decrease Java thread stack sizes (-Xss)
#   Set larger code cache with -XX:ReservedCodeCacheSize=
#   JVM is running with Unscaled Compressed Oops mode in which the Java heap is
#     placed in the first 4GB address space. The Java Heap base address is the
#     maximum limit for the native heap growth. Please use -XX:HeapBaseMinAddress
#     to set the Java Heap base and to place the Java Heap above 4GB virtual address.
# This output file may be truncated or incomplete.
#
#  Out of Memory Error (arena.cpp:168), pid=10416, tid=22864
#
# JRE version: Java(TM) SE Runtime Environment (21.0.10+8) (build 21.0.10+8-LTS-217)
# Java VM: Java HotSpot(TM) 64-Bit Server VM (21.0.10+8-LTS-217, mixed mode, sharing, tiered, compressed oops, compressed class ptrs, g1 gc, windows-amd64)
# No core dump will be written. Minidumps are not enabled by default on client versions of Windows
#

---------------  S U M M A R Y ------------

Command Line: --add-opens=java.base/java.lang=ALL-UNNAMED --add-opens=java.base/java.lang.invoke=ALL-UNNAMED --add-opens=java.base/java.util=ALL-UNNAMED --add-opens=java.prefs/java.util.prefs=ALL-UNNAMED --add-exports=jdk.compiler/com.sun.tools.javac.api=ALL-UNNAMED --add-exports=jdk.compiler/com.sun.tools.javac.util=ALL-UNNAMED --add-opens=java.base/java.util=ALL-UNNAMED --add-opens=java.prefs/java.util.prefs=ALL-UNNAMED --add-opens=java.base/java.nio.charset=ALL-UNNAMED --add-opens=java.base/java.net=ALL-UNNAMED --add-opens=java.base/java.util.concurrent.atomic=ALL-UNNAMED --add-opens=java.xml/javax.xml.namespace=ALL-UNNAMED -Xmx2048m -Dfile.encoding=UTF-8 -Duser.country=IN -Duser.language=en -Duser.variant -javaagent:C:\Users\soura\.gradle\wrapper\dists\gradle-8.13-bin\5xuhj0ry160q40clulazy9h7d\gradle-8.13\lib\agents\gradle-instrumentation-agent-8.13.jar org.gradle.launcher.daemon.bootstrap.GradleDaemon 8.13

Host: 11th Gen Intel(R) Core(TM) i5-1155G7 @ 2.50GHz, 8 cores, 7G,  Windows 11 , 64 bit Build 26100 (10.0.26100.7920)
Time: Tue Apr 14 16:14:21 2026 India Standard Time elapsed time: 11.618738 seconds (0d 0h 0m 11s)

---------------  T H R E A D  ---------------

Current thread (0x000001516895e730):  JavaThread "C2 CompilerThread1" daemon [_thread_in_native, id=22864, stack(0x0000004065f00000,0x0000004066000000) (1024K)]


Current CompileTask:
C2:  11618 2803       4       java.lang.invoke.MethodType::makeImpl (109 bytes)

Stack: [0x0000004065f00000,0x0000004066000000]
Native frames: (J=compiled Java code, j=interpreted, Vv=VM code, C=native code)
V  [jvm.dll+0x6d0b59]
V  [jvm.dll+0x85fd56]
V  [jvm.dll+0x86224e]
V  [jvm.dll+0x862923]
V  [jvm.dll+0x282a16]
V  [jvm.dll+0xc662d]
V  [jvm.dll+0xc6b71]
V  [jvm.dll+0x3bbb21]
V  [jvm.dll+0x387fd2]
V  [jvm.dll+0x38741a]
V  [jvm.dll+0x24b370]
V  [jvm.dll+0x24a94f]
V  [jvm.dll+0x1cacfe]
V  [jvm.dll+0x25a629]
V  [jvm.dll+0x258bb5]
V  [jvm.dll+0x3f4da1]
V  [jvm.dll+0x80a83d]
V  [jvm.dll+0x6cf3fd]
C  [ucrtbase.dll+0x37b0]
C  [KERNEL32.DLL+0x2e8d7]
C  [ntdll.dll+0x8c48c]


---------------  P R O C E S S  ---------------

Threads class SMR info:
_java_thread_list=0x00000151695d77a0, length=25, elements={
0x00000151032e88f0, 0x0000015121e51ab0, 0x0000015121e52320, 0x0000015121e55180,
0x0000015121e55d70, 0x0000015121e5c4f0, 0x0000015121e5eb80, 0x0000015121e5f650,
0x0000015121e6b950, 0x0000015167278d00, 0x000001516725cf00, 0x00000151675b19f0,
0x00000151687233a0, 0x00000151689a1870, 0x0000015167740580, 0x0000015167736000,
0x0000015167736670, 0x0000015167761050, 0x0000015167156280, 0x0000015167155560,
0x0000015167157630, 0x0000015167156fa0, 0x00000151671541b0, 0x0000015167154840,
0x000001516895e730
}

Java Threads: ( => current thread )
  0x00000151032e88f0 JavaThread "main"                              [_thread_blocked, id=17500, stack(0x0000004063900000,0x0000004063a00000) (1024K)]
  0x0000015121e51ab0 JavaThread "Reference Handler"          daemon [_thread_blocked, id=4224, stack(0x0000004064100000,0x0000004064200000) (1024K)]
  0x0000015121e52320 JavaThread "Finalizer"                  daemon [_thread_blocked, id=12448, stack(0x0000004064200000,0x0000004064300000) (1024K)]
  0x0000015121e55180 JavaThread "Signal Dispatcher"          daemon [_thread_blocked, id=1476, stack(0x0000004064300000,0x0000004064400000) (1024K)]
  0x0000015121e55d70 JavaThread "Attach Listener"            daemon [_thread_blocked, id=1520, stack(0x0000004064400000,0x0000004064500000) (1024K)]
  0x0000015121e5c4f0 JavaThread "Service Thread"             daemon [_thread_blocked, id=3188, stack(0x0000004064500000,0x0000004064600000) (1024K)]
  0x0000015121e5eb80 JavaThread "Monitor Deflation Thread"   daemon [_thread_blocked, id=8304, stack(0x0000004064600000,0x0000004064700000) (1024K)]
  0x0000015121e5f650 JavaThread "C2 CompilerThread0"         daemon [_thread_in_native, id=5628, stack(0x0000004064700000,0x0000004064800000) (1024K)]
  0x0000015121e6b950 JavaThread "C1 CompilerThread0"         daemon [_thread_blocked, id=14132, stack(0x0000004064800000,0x0000004064900000) (1024K)]
  0x0000015167278d00 JavaThread "Common-Cleaner"             daemon [_thread_blocked, id=1716, stack(0x0000004064900000,0x0000004064a00000) (1024K)]
  0x000001516725cf00 JavaThread "Notification Thread"        daemon [_thread_blocked, id=4508, stack(0x0000004064a00000,0x0000004064b00000) (1024K)]
  0x00000151675b19f0 JavaThread "Daemon health stats"               [_thread_blocked, id=17168, stack(0x0000004065300000,0x0000004065400000) (1024K)]
  0x00000151687233a0 JavaThread "Incoming local TCP Connector on port 56668"        [_thread_in_native, id=12964, stack(0x0000004065400000,0x0000004065500000) (1024K)]
  0x00000151689a1870 JavaThread "Daemon periodic checks"            [_thread_blocked, id=1668, stack(0x0000004065500000,0x0000004065600000) (1024K)]
  0x0000015167740580 JavaThread "Daemon"                            [_thread_blocked, id=12784, stack(0x0000004065600000,0x0000004065700000) (1024K)]
  0x0000015167736000 JavaThread "Handler for socket connection from /127.0.0.1:56668 to /127.0.0.1:56669"        [_thread_in_native, id=1996, stack(0x0000004065700000,0x0000004065800000) (1024K)]
  0x0000015167736670 JavaThread "Cancel handler"                    [_thread_blocked, id=3992, stack(0x0000004064f00000,0x0000004065000000) (1024K)]
  0x0000015167761050 JavaThread "Daemon worker"                     [_thread_in_native, id=14272, stack(0x0000004065800000,0x0000004065900000) (1024K)]
  0x0000015167156280 JavaThread "Asynchronous log dispatcher for DefaultDaemonConnection: socket connection from /127.0.0.1:56668 to /127.0.0.1:56669"        [_thread_blocked, id=21972, stack(0x0000004065900000,0x0000004065a00000) (1024K)]
  0x0000015167155560 JavaThread "Stdin handler"                     [_thread_blocked, id=18552, stack(0x0000004065a00000,0x0000004065b00000) (1024K)]
  0x0000015167157630 JavaThread "Daemon client event forwarder"        [_thread_blocked, id=9028, stack(0x0000004065b00000,0x0000004065c00000) (1024K)]
  0x0000015167156fa0 JavaThread "Cache worker for journal cache (C:\Users\soura\.gradle\caches\journal-1)"        [_thread_blocked, id=4196, stack(0x0000004065c00000,0x0000004065d00000) (1024K)]
  0x00000151671541b0 JavaThread "File lock request listener"        [_thread_in_native, id=4044, stack(0x0000004065d00000,0x0000004065e00000) (1024K)]
  0x0000015167154840 JavaThread "Cache worker for file hash cache (C:\Users\soura\.gradle\caches\8.13\fileHashes)"        [_thread_blocked, id=7324, stack(0x0000004065e00000,0x0000004065f00000) (1024K)]
=>0x000001516895e730 JavaThread "C2 CompilerThread1"         daemon [_thread_in_native, id=22864, stack(0x0000004065f00000,0x0000004066000000) (1024K)]
Total: 25

Other Threads:
  0x0000015121e2fee0 VMThread "VM Thread"                           [id=8796, stack(0x0000004064000000,0x0000004064100000) (1024K)]
  0x0000015121e1ecb0 WatcherThread "VM Periodic Task Thread"        [id=19236, stack(0x0000004063f00000,0x0000004064000000) (1024K)]
  0x00000151054a5220 WorkerThread "GC Thread#0"                     [id=21064, stack(0x0000004063a00000,0x0000004063b00000) (1024K)]
  0x00000151675fbd10 WorkerThread "GC Thread#1"                     [id=16660, stack(0x0000004064c00000,0x0000004064d00000) (1024K)]
  0x000001516739d240 WorkerThread "GC Thread#2"                     [id=10132, stack(0x0000004064d00000,0x0000004064e00000) (1024K)]
  0x00000151676083b0 WorkerThread "GC Thread#3"                     [id=10356, stack(0x0000004064e00000,0x0000004064f00000) (1024K)]
  0x0000015167e43c20 WorkerThread "GC Thread#4"                     [id=16404, stack(0x0000004064b00000,0x0000004064c00000) (1024K)]
  0x00000151674c1a30 WorkerThread "GC Thread#5"                     [id=20812, stack(0x0000004065000000,0x0000004065100000) (1024K)]
  0x00000151674c1de0 WorkerThread "GC Thread#6"                     [id=19208, stack(0x0000004065100000,0x0000004065200000) (1024K)]
  0x00000151674c2190 WorkerThread "GC Thread#7"                     [id=4916, stack(0x0000004065200000,0x0000004065300000) (1024K)]
  0x00000151054b6520 ConcurrentGCThread "G1 Main Marker"            [id=11140, stack(0x0000004063b00000,0x0000004063c00000) (1024K)]
  0x00000151054b91f0 WorkerThread "G1 Conc#0"                       [id=12824, stack(0x0000004063c00000,0x0000004063d00000) (1024K)]
  0x000001510550e860 ConcurrentGCThread "G1 Refine#0"               [id=4216, stack(0x0000004063d00000,0x0000004063e00000) (1024K)]
  0x0000015121ceb530 ConcurrentGCThread "G1 Service"                [id=22660, stack(0x0000004063e00000,0x0000004063f00000) (1024K)]
Total: 14

Threads with active compile tasks:
C2 CompilerThread0    11658 2888   !   4       java.security.AccessController::doPrivileged (26 bytes)
C2 CompilerThread1    11658 2803       4       java.lang.invoke.MethodType::makeImpl (109 bytes)
Total: 2

VM state: not at safepoint (normal execution)

VM Mutex/Monitor currently owned by a thread: None

Heap address: 0x0000000080000000, size: 2048 MB, Compressed Oops mode: 32-bit

CDS archive(s) mapped at: [0x0000015122000000-0x0000015122c90000-0x0000015122c90000), size 13172736, SharedBaseAddress: 0x0000015122000000, ArchiveRelocationMode: 1.
Compressed class space mapped at: 0x0000015123000000-0x0000015163000000, reserved size: 1073741824
Narrow klass base: 0x0000015122000000, Narrow klass shift: 0, Narrow klass range: 0x100000000

GC Precious Log:
 CardTable entry size: 512
 Card Set container configuration: InlinePtr #cards 5 size 8 Array Of Cards #cards 12 size 40 Howl #buckets 4 coarsen threshold 1843 Howl Bitmap #cards 512 size 80 coarsen threshold 460 Card regions per heap region 1 cards per card region 2048
 CPUs: 8 total, 8 available
 Memory: 7941M
 Large Page Support: Disabled
 NUMA Support: Disabled
 Compressed Oops: Enabled (32-bit)
 Heap Region Size: 1M
 Heap Min Capacity: 8M
 Heap Initial Capacity: 126M
 Heap Max Capacity: 2G
 Pre-touch: Disabled
 Parallel Workers: 8
 Concurrent Workers: 2
 Concurrent Refinement Workers: 8
 Periodic GC: Disabled

Heap:
 garbage-first heap   total 129024K, used 76213K [0x0000000080000000, 0x0000000100000000)
  region size 1024K, 65 young (66560K), 6 survivors (6144K)
 Metaspace       used 17630K, committed 18176K, reserved 1114112K
  class space    used 2420K, committed 2688K, reserved 1048576K

Heap Regions: E=young(eden), S=young(survivor), O=old, HS=humongous(starts), HC=humongous(continues), CS=collection set, F=free, TAMS=top-at-mark-start, PB=parsable bottom
|   0|0x0000000080000000, 0x0000000080100000, 0x0000000080100000|100%|HS|  |TAMS 0x0000000080000000| PB 0x0000000080000000| Complete 
|   1|0x0000000080100000, 0x0000000080200000, 0x0000000080200000|100%|HC|  |TAMS 0x0000000080100000| PB 0x0000000080100000| Complete 
|   2|0x0000000080200000, 0x0000000080300000, 0x0000000080300000|100%|HC|  |TAMS 0x0000000080200000| PB 0x0000000080200000| Complete 
|   3|0x0000000080300000, 0x0000000080400000, 0x0000000080400000|100%| O|  |TAMS 0x0000000080300000| PB 0x0000000080300000| Untracked 
|   4|0x0000000080400000, 0x0000000080500000, 0x0000000080500000|100%| O|  |TAMS 0x0000000080400000| PB 0x0000000080400000| Untracked 
|   5|0x0000000080500000, 0x0000000080600000, 0x0000000080600000|100%| O|  |TAMS 0x0000000080500000| PB 0x0000000080500000| Untracked 
|   6|0x0000000080600000, 0x0000000080700000, 0x0000000080700000|100%|HS|  |TAMS 0x0000000080600000| PB 0x0000000080600000| Complete 
|   7|0x0000000080700000, 0x0000000080700000, 0x0000000080800000|  0%| F|  |TAMS 0x0000000080700000| PB 0x0000000080700000| Untracked 
|   8|0x0000000080800000, 0x0000000080900000, 0x0000000080900000|100%| O|  |TAMS 0x0000000080800000| PB 0x0000000080800000| Untracked 
|   9|0x0000000080900000, 0x0000000080a00000, 0x0000000080a00000|100%| O|  |TAMS 0x0000000080900000| PB 0x0000000080900000| Untracked 
|  10|0x0000000080a00000, 0x0000000080b00000, 0x0000000080b00000|100%| O|  |TAMS 0x0000000080a00000| PB 0x0000000080a00000| Untracked 
|  11|0x0000000080b00000, 0x0000000080c00000, 0x0000000080c00000|100%| O|  |TAMS 0x0000000080b00000| PB 0x0000000080b00000| Untracked 
|  12|0x0000000080c00000, 0x0000000080c76bc0, 0x0000000080d00000| 46%| O|  |TAMS 0x0000000080c00000| PB 0x0000000080c00000| Untracked 
|  13|0x0000000080d00000, 0x0000000080d00000, 0x0000000080e00000|  0%| F|  |TAMS 0x0000000080d00000| PB 0x0000000080d00000| Untracked 
|  14|0x0000000080e00000, 0x0000000080e00000, 0x0000000080f00000|  0%| F|  |TAMS 0x0000000080e00000| PB 0x0000000080e00000| Untracked 
|  15|0x0000000080f00000, 0x0000000080f00000, 0x0000000081000000|  0%| F|  |TAMS 0x0000000080f00000| PB 0x0000000080f00000| Untracked 
|  16|0x0000000081000000, 0x0000000081000000, 0x0000000081100000|  0%| F|  |TAMS 0x0000000081000000| PB 0x0000000081000000| Untracked 
|  17|0x0000000081100000, 0x0000000081100000, 0x0000000081200000|  0%| F|  |TAMS 0x0000000081100000| PB 0x0000000081100000| Untracked 
|  18|0x0000000081200000, 0x0000000081200000, 0x0000000081300000|  0%| F|  |TAMS 0x0000000081200000| PB 0x0000000081200000| Untracked 
|  19|0x0000000081300000, 0x0000000081300000, 0x0000000081400000|  0%| F|  |TAMS 0x0000000081300000| PB 0x0000000081300000| Untracked 
|  20|0x0000000081400000, 0x0000000081400000, 0x0000000081500000|  0%| F|  |TAMS 0x0000000081400000| PB 0x0000000081400000| Untracked 
|  21|0x0000000081500000, 0x0000000081500000, 0x0000000081600000|  0%| F|  |TAMS 0x0000000081500000| PB 0x0000000081500000| Untracked 
|  22|0x0000000081600000, 0x0000000081600000, 0x0000000081700000|  0%| F|  |TAMS 0x0000000081600000| PB 0x0000000081600000| Untracked 
|  23|0x0000000081700000, 0x0000000081700000, 0x0000000081800000|  0%| F|  |TAMS 0x0000000081700000| PB 0x0000000081700000| Untracked 
|  24|0x0000000081800000, 0x0000000081800000, 0x0000000081900000|  0%| F|  |TAMS 0x0000000081800000| PB 0x0000000081800000| Untracked 
|  25|0x0000000081900000, 0x0000000081900000, 0x0000000081a00000|  0%| F|  |TAMS 0x0000000081900000| PB 0x0000000081900000| Untracked 
|  26|0x0000000081a00000, 0x0000000081a00000, 0x0000000081b00000|  0%| F|  |TAMS 0x0000000081a00000| PB 0x0000000081a00000| Untracked 
|  27|0x0000000081b00000, 0x0000000081b00000, 0x0000000081c00000|  0%| F|  |TAMS 0x0000000081b00000| PB 0x0000000081b00000| Untracked 
|  28|0x0000000081c00000, 0x0000000081c00000, 0x0000000081d00000|  0%| F|  |TAMS 0x0000000081c00000| PB 0x0000000081c00000| Untracked 
|  29|0x0000000081d00000, 0x0000000081d00000, 0x0000000081e00000|  0%| F|  |TAMS 0x0000000081d00000| PB 0x0000000081d00000| Untracked 
|  30|0x0000000081e00000, 0x0000000081e00000, 0x0000000081f00000|  0%| F|  |TAMS 0x0000000081e00000| PB 0x0000000081e00000| Untracked 
|  31|0x0000000081f00000, 0x0000000081f00000, 0x0000000082000000|  0%| F|  |TAMS 0x0000000081f00000| PB 0x0000000081f00000| Untracked 
|  32|0x0000000082000000, 0x0000000082000000, 0x0000000082100000|  0%| F|  |TAMS 0x0000000082000000| PB 0x0000000082000000| Untracked 
|  33|0x0000000082100000, 0x0000000082100000, 0x0000000082200000|  0%| F|  |TAMS 0x0000000082100000| PB 0x0000000082100000| Untracked 
|  34|0x0000000082200000, 0x0000000082200000, 0x0000000082300000|  0%| F|  |TAMS 0x0000000082200000| PB 0x0000000082200000| Untracked 
|  35|0x0000000082300000, 0x0000000082300000, 0x0000000082400000|  0%| F|  |TAMS 0x0000000082300000| PB 0x0000000082300000| Untracked 
|  36|0x0000000082400000, 0x0000000082400000, 0x0000000082500000|  0%| F|  |TAMS 0x0000000082400000| PB 0x0000000082400000| Untracked 
|  37|0x0000000082500000, 0x0000000082500000, 0x0000000082600000|  0%| F|  |TAMS 0x0000000082500000| PB 0x0000000082500000| Untracked 
|  38|0x0000000082600000, 0x0000000082600000, 0x0000000082700000|  0%| F|  |TAMS 0x0000000082600000| PB 0x0000000082600000| Untracked 
|  39|0x0000000082700000, 0x0000000082700000, 0x0000000082800000|  0%| F|  |TAMS 0x0000000082700000| PB 0x0000000082700000| Untracked 
|  40|0x0000000082800000, 0x0000000082800000, 0x0000000082900000|  0%| F|  |TAMS 0x0000000082800000| PB 0x0000000082800000| Untracked 
|  41|0x0000000082900000, 0x0000000082900000, 0x0000000082a00000|  0%| F|  |TAMS 0x0000000082900000| PB 0x0000000082900000| Untracked 
|  42|0x0000000082a00000, 0x0000000082a00000, 0x0000000082b00000|  0%| F|  |TAMS 0x0000000082a00000| PB 0x0000000082a00000| Untracked 
|  43|0x0000000082b00000, 0x0000000082b00000, 0x0000000082c00000|  0%| F|  |TAMS 0x0000000082b00000| PB 0x0000000082b00000| Untracked 
|  44|0x0000000082c00000, 0x0000000082c00000, 0x0000000082d00000|  0%| F|  |TAMS 0x0000000082c00000| PB 0x0000000082c00000| Untracked 
|  45|0x0000000082d00000, 0x0000000082d00000, 0x0000000082e00000|  0%| F|  |TAMS 0x0000000082d00000| PB 0x0000000082d00000| Untracked 
|  46|0x0000000082e00000, 0x0000000082e00000, 0x0000000082f00000|  0%| F|  |TAMS 0x0000000082e00000| PB 0x0000000082e00000| Untracked 
|  47|0x0000000082f00000, 0x0000000082f00000, 0x0000000083000000|  0%| F|  |TAMS 0x0000000082f00000| PB 0x0000000082f00000| Untracked 
|  48|0x0000000083000000, 0x0000000083000000, 0x0000000083100000|  0%| F|  |TAMS 0x0000000083000000| PB 0x0000000083000000| Untracked 
|  49|0x0000000083100000, 0x0000000083100000, 0x0000000083200000|  0%| F|  |TAMS 0x0000000083100000| PB 0x0000000083100000| Untracked 
|  50|0x0000000083200000, 0x0000000083200000, 0x0000000083300000|  0%| F|  |TAMS 0x0000000083200000| PB 0x0000000083200000| Untracked 
|  51|0x0000000083300000, 0x0000000083300000, 0x0000000083400000|  0%| F|  |TAMS 0x0000000083300000| PB 0x0000000083300000| Untracked 
|  52|0x0000000083400000, 0x0000000083400000, 0x0000000083500000|  0%| F|  |TAMS 0x0000000083400000| PB 0x0000000083400000| Untracked 
|  53|0x0000000083500000, 0x0000000083500000, 0x0000000083600000|  0%| F|  |TAMS 0x0000000083500000| PB 0x0000000083500000| Untracked 
|  54|0x0000000083600000, 0x0000000083600000, 0x0000000083700000|  0%| F|  |TAMS 0x0000000083600000| PB 0x0000000083600000| Untracked 
|  55|0x0000000083700000, 0x0000000083700000, 0x0000000083800000|  0%| F|  |TAMS 0x0000000083700000| PB 0x0000000083700000| Untracked 
|  56|0x0000000083800000, 0x0000000083800000, 0x0000000083900000|  0%| F|  |TAMS 0x0000000083800000| PB 0x0000000083800000| Untracked 
|  57|0x0000000083900000, 0x0000000083900000, 0x0000000083a00000|  0%| F|  |TAMS 0x0000000083900000| PB 0x0000000083900000| Untracked 
|  58|0x0000000083a00000, 0x0000000083a00000, 0x0000000083b00000|  0%| F|  |TAMS 0x0000000083a00000| PB 0x0000000083a00000| Untracked 
|  59|0x0000000083b00000, 0x0000000083b00000, 0x0000000083c00000|  0%| F|  |TAMS 0x0000000083b00000| PB 0x0000000083b00000| Untracked 
|  60|0x0000000083c00000, 0x0000000083c00000, 0x0000000083d00000|  0%| F|  |TAMS 0x0000000083c00000| PB 0x0000000083c00000| Untracked 
|  61|0x0000000083d00000, 0x0000000083d75df0, 0x0000000083e00000| 46%| E|  |TAMS 0x0000000083d00000| PB 0x0000000083d00000| Complete 
|  62|0x0000000083e00000, 0x0000000083f00000, 0x0000000083f00000|100%| E|CS|TAMS 0x0000000083e00000| PB 0x0000000083e00000| Complete 
|  63|0x0000000083f00000, 0x0000000084000000, 0x0000000084000000|100%| E|CS|TAMS 0x0000000083f00000| PB 0x0000000083f00000| Complete 
|  64|0x0000000084000000, 0x0000000084100000, 0x0000000084100000|100%| E|CS|TAMS 0x0000000084000000| PB 0x0000000084000000| Complete 
|  65|0x0000000084100000, 0x0000000084200000, 0x0000000084200000|100%| E|CS|TAMS 0x0000000084100000| PB 0x0000000084100000| Complete 
|  66|0x0000000084200000, 0x0000000084300000, 0x0000000084300000|100%| E|CS|TAMS 0x0000000084200000| PB 0x0000000084200000| Complete 
|  67|0x0000000084300000, 0x00000000843f6a40, 0x0000000084400000| 96%| S|CS|TAMS 0x0000000084300000| PB 0x0000000084300000| Complete 
|  68|0x0000000084400000, 0x0000000084500000, 0x0000000084500000|100%| S|CS|TAMS 0x0000000084400000| PB 0x0000000084400000| Complete 
|  69|0x0000000084500000, 0x0000000084600000, 0x0000000084600000|100%| S|CS|TAMS 0x0000000084500000| PB 0x0000000084500000| Complete 
|  70|0x0000000084600000, 0x0000000084700000, 0x0000000084700000|100%| S|CS|TAMS 0x0000000084600000| PB 0x0000000084600000| Complete 
|  71|0x0000000084700000, 0x0000000084800000, 0x0000000084800000|100%| S|CS|TAMS 0x0000000084700000| PB 0x0000000084700000| Complete 
|  72|0x0000000084800000, 0x0000000084900000, 0x0000000084900000|100%| S|CS|TAMS 0x0000000084800000| PB 0x0000000084800000| Complete 
|  73|0x0000000084900000, 0x0000000084a00000, 0x0000000084a00000|100%| E|CS|TAMS 0x0000000084900000| PB 0x0000000084900000| Complete 
|  74|0x0000000084a00000, 0x0000000084b00000, 0x0000000084b00000|100%| E|CS|TAMS 0x0000000084a00000| PB 0x0000000084a00000| Complete 
|  75|0x0000000084b00000, 0x0000000084c00000, 0x0000000084c00000|100%| E|CS|TAMS 0x0000000084b00000| PB 0x0000000084b00000| Complete 
|  76|0x0000000084c00000, 0x0000000084d00000, 0x0000000084d00000|100%| E|CS|TAMS 0x0000000084c00000| PB 0x0000000084c00000| Complete 
|  77|0x0000000084d00000, 0x0000000084e00000, 0x0000000084e00000|100%| E|CS|TAMS 0x0000000084d00000| PB 0x0000000084d00000| Complete 
|  78|0x0000000084e00000, 0x0000000084f00000, 0x0000000084f00000|100%| E|CS|TAMS 0x0000000084e00000| PB 0x0000000084e00000| Complete 
|  79|0x0000000084f00000, 0x0000000085000000, 0x0000000085000000|100%| E|CS|TAMS 0x0000000084f00000| PB 0x0000000084f00000| Complete 
|  80|0x0000000085000000, 0x0000000085100000, 0x0000000085100000|100%| E|  |TAMS 0x0000000085000000| PB 0x0000000085000000| Complete 
|  81|0x0000000085100000, 0x0000000085200000, 0x0000000085200000|100%| E|CS|TAMS 0x0000000085100000| PB 0x0000000085100000| Complete 
|  82|0x0000000085200000, 0x0000000085300000, 0x0000000085300000|100%| E|CS|TAMS 0x0000000085200000| PB 0x0000000085200000| Complete 
|  83|0x0000000085300000, 0x0000000085400000, 0x0000000085400000|100%| E|CS|TAMS 0x0000000085300000| PB 0x0000000085300000| Complete 
|  84|0x0000000085400000, 0x0000000085500000, 0x0000000085500000|100%| E|CS|TAMS 0x0000000085400000| PB 0x0000000085400000| Complete 
|  85|0x0000000085500000, 0x0000000085600000, 0x0000000085600000|100%| E|CS|TAMS 0x0000000085500000| PB 0x0000000085500000| Complete 
|  86|0x0000000085600000, 0x0000000085700000, 0x0000000085700000|100%| E|CS|TAMS 0x0000000085600000| PB 0x0000000085600000| Complete 
|  87|0x0000000085700000, 0x0000000085800000, 0x0000000085800000|100%| E|CS|TAMS 0x0000000085700000| PB 0x0000000085700000| Complete 
|  88|0x0000000085800000, 0x0000000085900000, 0x0000000085900000|100%| E|CS|TAMS 0x0000000085800000| PB 0x0000000085800000| Complete 
|  89|0x0000000085900000, 0x0000000085a00000, 0x0000000085a00000|100%| E|CS|TAMS 0x0000000085900000| PB 0x0000000085900000| Complete 
|  90|0x0000000085a00000, 0x0000000085b00000, 0x0000000085b00000|100%| E|CS|TAMS 0x0000000085a00000| PB 0x0000000085a00000| Complete 
|  91|0x0000000085b00000, 0x0000000085c00000, 0x0000000085c00000|100%| E|CS|TAMS 0x0000000085b00000| PB 0x0000000085b00000| Complete 
|  92|0x0000000085c00000, 0x0000000085d00000, 0x0000000085d00000|100%| E|CS|TAMS 0x0000000085c00000| PB 0x0000000085c00000| Complete 
|  93|0x0000000085d00000, 0x0000000085e00000, 0x0000000085e00000|100%| E|CS|TAMS 0x0000000085d00000| PB 0x0000000085d00000| Complete 
|  94|0x0000000085e00000, 0x0000000085f00000, 0x0000000085f00000|100%| E|CS|TAMS 0x0000000085e00000| PB 0x0000000085e00000| Complete 
|  95|0x0000000085f00000, 0x0000000086000000, 0x0000000086000000|100%| E|CS|TAMS 0x0000000085f00000| PB 0x0000000085f00000| Complete 
|  96|0x0000000086000000, 0x0000000086100000, 0x0000000086100000|100%| E|CS|TAMS 0x0000000086000000| PB 0x0000000086000000| Complete 
|  97|0x0000000086100000, 0x0000000086200000, 0x0000000086200000|100%| E|CS|TAMS 0x0000000086100000| PB 0x0000000086100000| Complete 
|  98|0x0000000086200000, 0x0000000086300000, 0x0000000086300000|100%| E|CS|TAMS 0x0000000086200000| PB 0x0000000086200000| Complete 
|  99|0x0000000086300000, 0x0000000086400000, 0x0000000086400000|100%| E|CS|TAMS 0x0000000086300000| PB 0x0000000086300000| Complete 
| 100|0x0000000086400000, 0x0000000086500000, 0x0000000086500000|100%| E|CS|TAMS 0x0000000086400000| PB 0x0000000086400000| Complete 
| 101|0x0000000086500000, 0x0000000086600000, 0x0000000086600000|100%| E|CS|TAMS 0x0000000086500000| PB 0x0000000086500000| Complete 
| 102|0x0000000086600000, 0x0000000086700000, 0x0000000086700000|100%| E|CS|TAMS 0x0000000086600000| PB 0x0000000086600000| Complete 
| 103|0x0000000086700000, 0x0000000086800000, 0x0000000086800000|100%| E|CS|TAMS 0x0000000086700000| PB 0x0000000086700000| Complete 
| 104|0x0000000086800000, 0x0000000086900000, 0x0000000086900000|100%| E|CS|TAMS 0x0000000086800000| PB 0x0000000086800000| Complete 
| 105|0x0000000086900000, 0x0000000086a00000, 0x0000000086a00000|100%| E|CS|TAMS 0x0000000086900000| PB 0x0000000086900000| Complete 
| 106|0x0000000086a00000, 0x0000000086b00000, 0x0000000086b00000|100%| E|CS|TAMS 0x0000000086a00000| PB 0x0000000086a00000| Complete 
| 107|0x0000000086b00000, 0x0000000086c00000, 0x0000000086c00000|100%| E|CS|TAMS 0x0000000086b00000| PB 0x0000000086b00000| Complete 
| 108|0x0000000086c00000, 0x0000000086d00000, 0x0000000086d00000|100%| E|CS|TAMS 0x0000000086c00000| PB 0x0000000086c00000| Complete 
| 109|0x0000000086d00000, 0x0000000086e00000, 0x0000000086e00000|100%| E|CS|TAMS 0x0000000086d00000| PB 0x0000000086d00000| Complete 
| 110|0x0000000086e00000, 0x0000000086f00000, 0x0000000086f00000|100%| E|CS|TAMS 0x0000000086e00000| PB 0x0000000086e00000| Complete 
| 111|0x0000000086f00000, 0x0000000087000000, 0x0000000087000000|100%| E|CS|TAMS 0x0000000086f00000| PB 0x0000000086f00000| Complete 
| 112|0x0000000087000000, 0x0000000087100000, 0x0000000087100000|100%| E|CS|TAMS 0x0000000087000000| PB 0x0000000087000000| Complete 
| 113|0x0000000087100000, 0x0000000087200000, 0x0000000087200000|100%| E|CS|TAMS 0x0000000087100000| PB 0x0000000087100000| Complete 
| 114|0x0000000087200000, 0x0000000087300000, 0x0000000087300000|100%| E|CS|TAMS 0x0000000087200000| PB 0x0000000087200000| Complete 
| 115|0x0000000087300000, 0x0000000087400000, 0x0000000087400000|100%| E|CS|TAMS 0x0000000087300000| PB 0x0000000087300000| Complete 
| 116|0x0000000087400000, 0x0000000087500000, 0x0000000087500000|100%| E|CS|TAMS 0x0000000087400000| PB 0x0000000087400000| Complete 
| 117|0x0000000087500000, 0x0000000087600000, 0x0000000087600000|100%| E|CS|TAMS 0x0000000087500000| PB 0x0000000087500000| Complete 
| 118|0x0000000087600000, 0x0000000087700000, 0x0000000087700000|100%| E|CS|TAMS 0x0000000087600000| PB 0x0000000087600000| Complete 
| 119|0x0000000087700000, 0x0000000087800000, 0x0000000087800000|100%| E|CS|TAMS 0x0000000087700000| PB 0x0000000087700000| Complete 
| 120|0x0000000087800000, 0x0000000087900000, 0x0000000087900000|100%| E|CS|TAMS 0x0000000087800000| PB 0x0000000087800000| Complete 
| 121|0x0000000087900000, 0x0000000087a00000, 0x0000000087a00000|100%| E|CS|TAMS 0x0000000087900000| PB 0x0000000087900000| Complete 
| 122|0x0000000087a00000, 0x0000000087b00000, 0x0000000087b00000|100%| E|CS|TAMS 0x0000000087a00000| PB 0x0000000087a00000| Complete 
| 123|0x0000000087b00000, 0x0000000087c00000, 0x0000000087c00000|100%| E|CS|TAMS 0x0000000087b00000| PB 0x0000000087b00000| Complete 
| 124|0x0000000087c00000, 0x0000000087d00000, 0x0000000087d00000|100%| E|CS|TAMS 0x0000000087c00000| PB 0x0000000087c00000| Complete 
| 125|0x0000000087d00000, 0x0000000087e00000, 0x0000000087e00000|100%| E|CS|TAMS 0x0000000087d00000| PB 0x0000000087d00000| Complete 

Card table byte_map: [0x000001511d020000,0x000001511d420000] _byte_map_base: 0x000001511cc20000

Marking Bits: (CMBitMap*) 0x00000151054a5930
 Bits: [0x000001511d420000, 0x000001511f420000)

Polling page: 0x00000151033c0000

Metaspace:

Usage:
  Non-class:     14.87 MB used.
      Class:      2.36 MB used.
       Both:     17.23 MB used.

Virtual space:
  Non-class space:       64.00 MB reserved,      15.19 MB ( 24%) committed,  1 nodes.
      Class space:        1.00 GB reserved,       2.62 MB ( <1%) committed,  1 nodes.
             Both:        1.06 GB reserved,      17.81 MB (  2%) committed. 

Chunk freelists:
   Non-Class:  15.98 MB
       Class:  13.42 MB
        Both:  29.41 MB

MaxMetaspaceSize: unlimited
CompressedClassSpaceSize: 1.00 GB
Initial GC threshold: 21.00 MB
Current GC threshold: 21.00 MB
CDS: on
 - commit_granule_bytes: 65536.
 - commit_granule_words: 8192.
 - virtual_space_node_default_size: 8388608.
 - enlarge_chunks_in_place: 1.
 - use_allocation_guard: 0.


Internal statistics:

num_allocs_failed_limit: 0.
num_arena_births: 672.
num_arena_deaths: 0.
num_vsnodes_births: 2.
num_vsnodes_deaths: 0.
num_space_committed: 285.
num_space_uncommitted: 0.
num_chunks_returned_to_freelist: 0.
num_chunks_taken_from_freelist: 1306.
num_chunk_merges: 0.
num_chunk_splits: 846.
num_chunks_enlarged: 581.
num_inconsistent_stats: 0.

CodeHeap 'non-profiled nmethods': size=120000Kb used=1490Kb max_used=1490Kb free=118509Kb
 bounds [0x00000151153c0000, 0x0000015115630000, 0x000001511c8f0000]
CodeHeap 'profiled nmethods': size=120000Kb used=5800Kb max_used=5800Kb free=114199Kb
 bounds [0x000001510d8f0000, 0x000001510dea0000, 0x0000015114e20000]
CodeHeap 'non-nmethods': size=5760Kb used=1668Kb max_used=1719Kb free=4091Kb
 bounds [0x0000015114e20000, 0x0000015115090000, 0x00000151153c0000]
 total_blobs=3464 nmethods=2890 adapters=478
 compilation: enabled
              stopped_count=0, restarted_count=0
 full_count=0

Compilation events (20 events):
Event: 10.460 Thread 0x000001516895e730 2803       4       java.lang.invoke.MethodType::makeImpl (109 bytes)
Event: 10.488 Thread 0x0000015121e6b950 2879   !   3       org.gradle.internal.classloader.TransformingClassLoader::findClass (203 bytes)
Event: 10.491 Thread 0x0000015121e6b950 nmethod 2879 0x000001510de92090 code [0x000001510de925a0, 0x000001510de94940]
Event: 10.491 Thread 0x0000015121e6b950 2880       3       org.gradle.initialization.MixInLegacyTypesClassLoader::shouldTransform (42 bytes)
Event: 10.492 Thread 0x0000015121e6b950 nmethod 2880 0x000001510de95890 code [0x000001510de95a60, 0x000001510de95e60]
Event: 10.499 Thread 0x0000015121e6b950 2881       3       org.gradle.internal.service.DefaultServiceRegistry$SingletonService::<init> (58 bytes)
Event: 10.500 Thread 0x0000015121e6b950 nmethod 2881 0x000001510de96010 code [0x000001510de96280, 0x000001510de96df0]
Event: 10.500 Thread 0x0000015121e6b950 2882   !   3       sun.reflect.annotation.AnnotationParser::parseClassValue (56 bytes)
Event: 10.501 Thread 0x0000015121e6b950 nmethod 2882 0x000001510de97190 code [0x000001510de973c0, 0x000001510de979a0]
Event: 10.514 Thread 0x0000015121e6b950 2883       1       org.gradle.launcher.daemon.server.exec.DaemonConnectionBackedEventConsumer::access$000 (5 bytes)
Event: 10.514 Thread 0x0000015121e6b950 nmethod 2883 0x0000015115520490 code [0x0000015115520620, 0x00000151155206d0]
Event: 10.521 Thread 0x0000015121e6b950 2884       3       java.util.stream.StreamOpFlag::fromCharacteristics (37 bytes)
Event: 10.522 Thread 0x0000015121e6b950 nmethod 2884 0x000001510de97c90 code [0x000001510de97e60, 0x000001510de98190]
Event: 10.522 Thread 0x0000015121e6b950 2885       3       java.util.stream.AbstractPipeline::<init> (55 bytes)
Event: 10.523 Thread 0x0000015121e6b950 nmethod 2885 0x000001510de98290 code [0x000001510de98440, 0x000001510de98718]
Event: 10.523 Thread 0x0000015121e6b950 2886       3       java.util.stream.StreamSupport::stream (19 bytes)
Event: 10.523 Thread 0x0000015121e6b950 nmethod 2886 0x000001510de98810 code [0x000001510de98a00, 0x000001510de98e38]
Event: 10.823 Thread 0x0000015121e6b950 2889       3       java.lang.Thread::isVirtual (5 bytes)
Event: 10.823 Thread 0x0000015121e6b950 nmethod 2889 0x000001510de99010 code [0x000001510de991c0, 0x000001510de993c8]
Event: 11.519 Thread 0x0000015121e6b950 2890       3       java.util.stream.StreamOpFlag::combineOpFlags (9 bytes)

GC Heap History (6 events):
Event: 2.451 GC heap before
{Heap before GC invocations=0 (full 0):
 garbage-first heap   total 129024K, used 22528K [0x0000000080000000, 0x0000000100000000)
  region size 1024K, 23 young (23552K), 0 survivors (0K)
 Metaspace       used 1079K, committed 1216K, reserved 1114112K
  class space    used 77K, committed 128K, reserved 1048576K
}
Event: 2.455 GC heap after
{Heap after GC invocations=1 (full 0):
 garbage-first heap   total 129024K, used 2389K [0x0000000080000000, 0x0000000100000000)
  region size 1024K, 3 young (3072K), 3 survivors (3072K)
 Metaspace       used 1079K, committed 1216K, reserved 1114112K
  class space    used 77K, committed 128K, reserved 1048576K
}
Event: 4.435 GC heap before
{Heap before GC invocations=1 (full 0):
 garbage-first heap   total 129024K, used 41301K [0x0000000080000000, 0x0000000100000000)
  region size 1024K, 39 young (39936K), 3 survivors (3072K)
 Metaspace       used 4453K, committed 4608K, reserved 1114112K
  class space    used 542K, committed 640K, reserved 1048576K
}
Event: 4.444 GC heap after
{Heap after GC invocations=2 (full 0):
 garbage-first heap   total 129024K, used 10647K [0x0000000080000000, 0x0000000100000000)
  region size 1024K, 5 young (5120K), 5 survivors (5120K)
 Metaspace       used 4453K, committed 4608K, reserved 1114112K
  class space    used 542K, committed 640K, reserved 1048576K
}
Event: 6.469 GC heap before
{Heap before GC invocations=2 (full 0):
 garbage-first heap   total 129024K, used 61847K [0x0000000080000000, 0x0000000100000000)
  region size 1024K, 53 young (54272K), 5 survivors (5120K)
 Metaspace       used 6549K, committed 6848K, reserved 1114112K
  class space    used 851K, committed 1024K, reserved 1048576K
}
Event: 6.483 GC heap after
{Heap after GC invocations=3 (full 0):
 garbage-first heap   total 129024K, used 17845K [0x0000000080000000, 0x0000000100000000)
  region size 1024K, 6 young (6144K), 6 survivors (6144K)
 Metaspace       used 6549K, committed 6848K, reserved 1114112K
  class space    used 851K, committed 1024K, reserved 1048576K
}

Dll operation events (15 events):
Event: 0.059 Loaded shared library C:\Program Files\Java\latest\jdk-21\bin\java.dll
Event: 0.656 Loaded shared library C:\Program Files\Java\latest\jdk-21\bin\jsvml.dll
Event: 0.760 Loaded shared library C:\Program Files\Java\latest\jdk-21\bin\zip.dll
Event: 0.787 Loaded shared library C:\Program Files\Java\latest\jdk-21\bin\instrument.dll
Event: 0.795 Loaded shared library C:\Program Files\Java\latest\jdk-21\bin\net.dll
Event: 0.798 Loaded shared library C:\Program Files\Java\latest\jdk-21\bin\nio.dll
Event: 0.806 Loaded shared library C:\Program Files\Java\latest\jdk-21\bin\zip.dll
Event: 1.385 Loaded shared library C:\Program Files\Java\latest\jdk-21\bin\jimage.dll
Event: 2.728 Loaded shared library C:\Program Files\Java\latest\jdk-21\bin\verify.dll
Event: 2.967 Loaded shared library C:\Users\soura\.gradle\native\1def1411415f61bf3af743bc5b6707747c0891f09f0c88961ee8f79bc544acac\windows-amd64\native-platform.dll
Event: 2.992 Loaded shared library C:\Users\soura\.gradle\native\0.2.7\x86_64-windows-gnu\gradle-fileevents.dll
Event: 6.374 Loaded shared library C:\Program Files\Java\latest\jdk-21\bin\management.dll
Event: 6.391 Loaded shared library C:\Program Files\Java\latest\jdk-21\bin\management_ext.dll
Event: 6.893 Loaded shared library C:\Program Files\Java\latest\jdk-21\bin\extnet.dll
Event: 7.601 Loaded shared library C:\Program Files\Java\latest\jdk-21\bin\sunmscapi.dll

Deoptimization events (20 events):
Event: 8.935 Thread 0x0000015167761050 Uncommon trap: trap_request=0xffffff45 fr.pc=0x00000151154c53ac relative=0x000000000000008c
Event: 8.935 Thread 0x0000015167761050 Uncommon trap: reason=unstable_if action=reinterpret pc=0x00000151154c53ac method=jdk.internal.misc.Unsafe.convEndian(ZI)I @ 4 c2
Event: 8.935 Thread 0x0000015167761050 DEOPT PACKING pc=0x00000151154c53ac sp=0x00000040658fb120
Event: 8.935 Thread 0x0000015167761050 DEOPT UNPACKING pc=0x0000015114e77da2 sp=0x00000040658fb050 mode 2
Event: 8.991 Thread 0x0000015167761050 Uncommon trap: trap_request=0xffffff45 fr.pc=0x00000151153e6314 relative=0x0000000000000e14
Event: 8.991 Thread 0x0000015167761050 Uncommon trap: reason=unstable_if action=reinterpret pc=0x00000151153e6314 method=java.io.WinNTFileSystem.resolve(Ljava/lang/String;Ljava/lang/String;)Ljava/lang/String; @ 19 c2
Event: 8.991 Thread 0x0000015167761050 DEOPT PACKING pc=0x00000151153e6314 sp=0x00000040658fb440
Event: 8.991 Thread 0x0000015167761050 DEOPT UNPACKING pc=0x0000015114e77da2 sp=0x00000040658fb3d8 mode 2
Event: 8.993 Thread 0x0000015167761050 Uncommon trap: trap_request=0xffffff45 fr.pc=0x0000015115464fe8 relative=0x0000000000000688
Event: 8.993 Thread 0x0000015167761050 Uncommon trap: reason=unstable_if action=reinterpret pc=0x0000015115464fe8 method=java.io.File.getName()Ljava/lang/String; @ 16 c2
Event: 8.993 Thread 0x0000015167761050 DEOPT PACKING pc=0x0000015115464fe8 sp=0x00000040658fb400
Event: 8.993 Thread 0x0000015167761050 DEOPT UNPACKING pc=0x0000015114e77da2 sp=0x00000040658fb3d0 mode 2
Event: 9.147 Thread 0x0000015167761050 Uncommon trap: trap_request=0xffffff45 fr.pc=0x00000151153ec514 relative=0x00000000000000f4
Event: 9.147 Thread 0x0000015167761050 Uncommon trap: reason=unstable_if action=reinterpret pc=0x00000151153ec514 method=java.util.HashMap.hash(Ljava/lang/Object;)I @ 1 c2
Event: 9.148 Thread 0x0000015167761050 DEOPT PACKING pc=0x00000151153ec514 sp=0x00000040658fc500
Event: 9.148 Thread 0x0000015167761050 DEOPT UNPACKING pc=0x0000015114e77da2 sp=0x00000040658fc440 mode 2
Event: 9.240 Thread 0x0000015167761050 Uncommon trap: trap_request=0xffffff45 fr.pc=0x000001511550f9d4 relative=0x0000000000000594
Event: 9.240 Thread 0x0000015167761050 Uncommon trap: reason=unstable_if action=reinterpret pc=0x000001511550f9d4 method=java.util.ArrayList.grow(I)[Ljava/lang/Object; @ 17 c2
Event: 9.240 Thread 0x0000015167761050 DEOPT PACKING pc=0x000001511550f9d4 sp=0x00000040658fd400
Event: 9.240 Thread 0x0000015167761050 DEOPT UNPACKING pc=0x0000015114e77da2 sp=0x00000040658fd3b8 mode 2

Classes loaded (20 events):
Event: 9.315 Loading class java/lang/invoke/BoundMethodHandle$Species_LLLLLLLLLLLLLLLL
Event: 9.315 Loading class java/lang/invoke/BoundMethodHandle$Species_LLLLLLLLLLLLLLLL done
Event: 9.319 Loading class java/lang/invoke/BoundMethodHandle$Species_LLLLLLLLLLLLLLLLL
Event: 9.319 Loading class java/lang/invoke/BoundMethodHandle$Species_LLLLLLLLLLLLLLLLL done
Event: 9.322 Loading class java/lang/invoke/BoundMethodHandle$Species_LLLLLLLLLLLLLLLLLL
Event: 9.322 Loading class java/lang/invoke/BoundMethodHandle$Species_LLLLLLLLLLLLLLLLLL done
Event: 9.325 Loading class java/lang/invoke/BoundMethodHandle$Species_LLLLLLLLLLLLLLLLLLL
Event: 9.325 Loading class java/lang/invoke/BoundMethodHandle$Species_LLLLLLLLLLLLLLLLLLL done
Event: 9.328 Loading class java/lang/invoke/BoundMethodHandle$Species_LLLLLLLLLLLLLLLLLLLL
Event: 9.328 Loading class java/lang/invoke/BoundMethodHandle$Species_LLLLLLLLLLLLLLLLLLLL done
Event: 9.331 Loading class java/lang/invoke/BoundMethodHandle$Species_LLLLLLLLLLLLLLLLLLLLL
Event: 9.331 Loading class java/lang/invoke/BoundMethodHandle$Species_LLLLLLLLLLLLLLLLLLLLL done
Event: 9.334 Loading class java/lang/invoke/BoundMethodHandle$Species_LLLLLLLLLLLLLLLLLLLLLL
Event: 9.334 Loading class java/lang/invoke/BoundMethodHandle$Species_LLLLLLLLLLLLLLLLLLLLLL done
Event: 9.336 Loading class java/lang/invoke/BoundMethodHandle$Species_LLLLLLLLLLLLLLLLLLLLLLL
Event: 9.336 Loading class java/lang/invoke/BoundMethodHandle$Species_LLLLLLLLLLLLLLLLLLLLLLL done
Event: 9.340 Loading class java/lang/invoke/BoundMethodHandle$Species_LLLLLLLLLLLLLLLLLLLLLLLL
Event: 9.340 Loading class java/lang/invoke/BoundMethodHandle$Species_LLLLLLLLLLLLLLLLLLLLLLLL done
Event: 10.540 Loading class java/util/function/LongFunction
Event: 10.540 Loading class java/util/function/LongFunction done

Classes unloaded (0 events):
No events

Classes redefined (0 events):
No events

Internal exceptions (20 events):
Event: 8.844 Thread 0x0000015167761050 Exception <a 'java/lang/NoSuchMethodError'{0x00000000856c4918}: 'java.lang.Object java.lang.invoke.DirectMethodHandle$Holder.newInvokeSpecial(java.lang.Object, java.lang.Object, int)'> (0x00000000856c4918) 
thrown [s\open\src\hotspot\share\interpreter\linkResolver.cpp, line 773]
Event: 8.953 Thread 0x0000015167761050 Exception <a 'java/lang/NoSuchMethodError'{0x00000000852ba2d0}: 'java.lang.Object java.lang.invoke.DirectMethodHandle$Holder.invokeVirtual(java.lang.Object, java.lang.Object, java.lang.Object, java.lang.Object, java.lang.Object, java.lang.Object, java.lang.Object, java.lang.Object)'> (0x00000000852ba2d0) 
thrown [s\open\src\hotspot\share\interpreter\linkResolver.cpp, line 773]
Event: 8.980 Thread 0x0000015167761050 Exception <a 'java/lang/NoSuchMethodError'{0x000000008515de00}: 'java.lang.Object java.lang.invoke.DirectMethodHandle$Holder.invokeVirtual(java.lang.Object, java.lang.Object, java.lang.Object, java.lang.Object, java.lang.Object, java.lang.Object, java.lang.Object, java.lang.Object, java.lang.Object, java.lang.Object)'> (0x000000008515de00) 
thrown [s\open\src\hotspot\share\interpreter\linkResolver.cpp, line 773]
Event: 9.036 Thread 0x0000015167761050 Exception <a 'java/lang/NoSuchMethodError'{0x000000008504a078}: 'java.lang.Object java.lang.invoke.DirectMethodHandle$Holder.invokeInterface(java.lang.Object, java.lang.Object, java.lang.Object)'> (0x000000008504a078) 
thrown [s\open\src\hotspot\share\interpreter\linkResolver.cpp, line 773]
Event: 9.083 Thread 0x0000015167761050 Exception <a 'java/lang/NoSuchMethodError'{0x0000000084f4b510}: 'int java.lang.invoke.DirectMethodHandle$Holder.invokeSpecialIFC(java.lang.Object, java.lang.Object, java.lang.Object, java.lang.Object)'> (0x0000000084f4b510) 
thrown [s\open\src\hotspot\share\interpreter\linkResolver.cpp, line 773]
Event: 9.085 Thread 0x0000015167761050 Exception <a 'java/lang/IncompatibleClassChangeError'{0x0000000084f586f8}: Found class java.lang.Object, but interface was expected> (0x0000000084f586f8) 
thrown [s\open\src\hotspot\share\interpreter\linkResolver.cpp, line 840]
Event: 9.147 Thread 0x0000015167761050 Implicit null exception at 0x00000151153ec466 to 0x00000151153ec50a
Event: 9.195 Thread 0x0000015167761050 Exception <a 'java/lang/NoSuchMethodError'{0x0000000084d507a0}: 'int java.lang.invoke.DirectMethodHandle$Holder.invokeStatic(java.lang.Object, java.lang.Object, java.lang.Object, java.lang.Object)'> (0x0000000084d507a0) 
thrown [s\open\src\hotspot\share\interpreter\linkResolver.cpp, line 773]
Event: 9.299 Thread 0x0000015167761050 Exception <a 'java/lang/NoSuchMethodError'{0x0000000084bc9410}: 'java.lang.Object java.lang.invoke.DelegatingMethodHandle$Holder.reinvoke_L(java.lang.Object, java.lang.Object, java.lang.Object, java.lang.Object, java.lang.Object, java.lang.Object, java.lang.Object, java.lang.Object, java.lang.Object, java.lang.Object, java.lang.Object, java.lang.Object, java.lang.Object, java.lang.Object, java.lang.Object, java.lang.Object, java.lang.Object, java.lang.Object, java.lang.Object, java.lang.Object, java.lang.O
Event: 9.306 Thread 0x0000015167761050 Exception <a 'java/lang/NoSuchMethodError'{0x0000000084a37fe8}: 'java.lang.Object java.lang.invoke.DirectMethodHandle$Holder.invokeStatic(java.lang.Object, java.lang.Object, java.lang.Object, java.lang.Object, java.lang.Object, java.lang.Object, java.lang.Object, java.lang.Object, java.lang.Object, java.lang.Object, java.lang.Object, java.lang.Object, java.lang.Object, java.lang.Object, java.lang.Object, java.lang.Object, java.lang.Object)'> (0x0000000084a37fe8) 
thrown [s\open\src\hotspot\share\interprete
Event: 9.310 Thread 0x0000015167761050 Exception <a 'java/lang/NoSuchMethodError'{0x0000000084a607f8}: 'java.lang.Object java.lang.invoke.DirectMethodHandle$Holder.invokeStatic(java.lang.Object, java.lang.Object, java.lang.Object, java.lang.Object, java.lang.Object, java.lang.Object, java.lang.Object, java.lang.Object, java.lang.Object, java.lang.Object, java.lang.Object, java.lang.Object, java.lang.Object, java.lang.Object, java.lang.Object, java.lang.Object, java.lang.Object, java.lang.Object)'> (0x0000000084a607f8) 
thrown [s\open\src\hotspo
Event: 9.317 Thread 0x0000015167761050 Exception <a 'java/lang/NoSuchMethodError'{0x0000000084a8a7b0}: 'java.lang.Object java.lang.invoke.DirectMethodHandle$Holder.invokeStatic(java.lang.Object, java.lang.Object, java.lang.Object, java.lang.Object, java.lang.Object, java.lang.Object, java.lang.Object, java.lang.Object, java.lang.Object, java.lang.Object, java.lang.Object, java.lang.Object, java.lang.Object, java.lang.Object, java.lang.Object, java.lang.Object, java.lang.Object, java.lang.Object, java.lang.Object)'> (0x0000000084a8a7b0) 
thrown 
Event: 9.320 Thread 0x0000015167761050 Exception <a 'java/lang/NoSuchMethodError'{0x0000000084ab5858}: 'java.lang.Object java.lang.invoke.DirectMethodHandle$Holder.invokeStatic(java.lang.Object, java.lang.Object, java.lang.Object, java.lang.Object, java.lang.Object, java.lang.Object, java.lang.Object, java.lang.Object, java.lang.Object, java.lang.Object, java.lang.Object, java.lang.Object, java.lang.Object, java.lang.Object, java.lang.Object, java.lang.Object, java.lang.Object, java.lang.Object, java.lang.Object, java.lang.Object)'> (0x00000000
Event: 9.324 Thread 0x0000015167761050 Exception <a 'java/lang/NoSuchMethodError'{0x0000000084ae1b30}: 'java.lang.Object java.lang.invoke.DirectMethodHandle$Holder.invokeStatic(java.lang.Object, java.lang.Object, java.lang.Object, java.lang.Object, java.lang.Object, java.lang.Object, java.lang.Object, java.lang.Object, java.lang.Object, java.lang.Object, java.lang.Object, java.lang.Object, java.lang.Object, java.lang.Object, java.lang.Object, java.lang.Object, java.lang.Object, java.lang.Object, java.lang.Object, java.lang.Object, java.lang.Obj
Event: 9.327 Thread 0x0000015167761050 Exception <a 'java/lang/NoSuchMethodError'{0x000000008490f4a0}: 'java.lang.Object java.lang.invoke.DirectMethodHandle$Holder.invokeStatic(java.lang.Object, java.lang.Object, java.lang.Object, java.lang.Object, java.lang.Object, java.lang.Object, java.lang.Object, java.lang.Object, java.lang.Object, java.lang.Object, java.lang.Object, java.lang.Object, java.lang.Object, java.lang.Object, java.lang.Object, java.lang.Object, java.lang.Object, java.lang.Object, java.lang.Object, java.lang.Object, java.lang.Obj
Event: 9.329 Thread 0x0000015167761050 Exception <a 'java/lang/NoSuchMethodError'{0x000000008493d9c0}: 'java.lang.Object java.lang.invoke.DirectMethodHandle$Holder.invokeStatic(java.lang.Object, java.lang.Object, java.lang.Object, java.lang.Object, java.lang.Object, java.lang.Object, java.lang.Object, java.lang.Object, java.lang.Object, java.lang.Object, java.lang.Object, java.lang.Object, java.lang.Object, java.lang.Object, java.lang.Object, java.lang.Object, java.lang.Object, java.lang.Object, java.lang.Object, java.lang.Object, java.lang.Obj
Event: 9.332 Thread 0x0000015167761050 Exception <a 'java/lang/NoSuchMethodError'{0x000000008496c9f8}: 'java.lang.Object java.lang.invoke.DirectMethodHandle$Holder.invokeStatic(java.lang.Object, java.lang.Object, java.lang.Object, java.lang.Object, java.lang.Object, java.lang.Object, java.lang.Object, java.lang.Object, java.lang.Object, java.lang.Object, java.lang.Object, java.lang.Object, java.lang.Object, java.lang.Object, java.lang.Object, java.lang.Object, java.lang.Object, java.lang.Object, java.lang.Object, java.lang.Object, java.lang.Obj
Event: 9.335 Thread 0x0000015167761050 Exception <a 'java/lang/NoSuchMethodError'{0x000000008499cd70}: 'java.lang.Object java.lang.invoke.DirectMethodHandle$Holder.invokeStatic(java.lang.Object, java.lang.Object, java.lang.Object, java.lang.Object, java.lang.Object, java.lang.Object, java.lang.Object, java.lang.Object, java.lang.Object, java.lang.Object, java.lang.Object, java.lang.Object, java.lang.Object, java.lang.Object, java.lang.Object, java.lang.Object, java.lang.Object, java.lang.Object, java.lang.Object, java.lang.Object, java.lang.Obj
Event: 9.338 Thread 0x0000015167761050 Exception <a 'java/lang/NoSuchMethodError'{0x00000000849cd610}: 'java.lang.Object java.lang.invoke.DirectMethodHandle$Holder.invokeStatic(java.lang.Object, java.lang.Object, java.lang.Object, java.lang.Object, java.lang.Object, java.lang.Object, java.lang.Object, java.lang.Object, java.lang.Object, java.lang.Object, java.lang.Object, java.lang.Object, java.lang.Object, java.lang.Object, java.lang.Object, java.lang.Object, java.lang.Object, java.lang.Object, java.lang.Object, java.lang.Object, java.lang.Obj
Event: 9.342 Thread 0x0000015167761050 Exception <a 'java/lang/NoSuchMethodError'{0x00000000849ffbf8}: 'java.lang.Object java.lang.invoke.DirectMethodHandle$Holder.invokeStatic(java.lang.Object, java.lang.Object, java.lang.Object, java.lang.Object, java.lang.Object, java.lang.Object, java.lang.Object, java.lang.Object, java.lang.Object, java.lang.Object, java.lang.Object, java.lang.Object, java.lang.Object, java.lang.Object, java.lang.Object, java.lang.Object, java.lang.Object, java.lang.Object, java.lang.Object, java.lang.Object, java.lang.Obj

ZGC Phase Switch (0 events):
No events

VM Operations (20 events):
Event: 7.016 Executing VM operation: HandshakeAllThreads (Deoptimize)
Event: 7.017 Executing VM operation: HandshakeAllThreads (Deoptimize) done
Event: 7.236 Executing VM operation: HandshakeAllThreads (Deoptimize)
Event: 7.236 Executing VM operation: HandshakeAllThreads (Deoptimize) done
Event: 7.630 Executing VM operation: HandshakeAllThreads (Deoptimize)
Event: 7.630 Executing VM operation: HandshakeAllThreads (Deoptimize) done
Event: 7.630 Executing VM operation: Cleanup
Event: 7.635 Executing VM operation: Cleanup done
Event: 8.640 Executing VM operation: Cleanup
Event: 8.640 Executing VM operation: Cleanup done
Event: 8.840 Executing VM operation: HandshakeAllThreads (Deoptimize)
Event: 8.841 Executing VM operation: HandshakeAllThreads (Deoptimize) done
Event: 9.357 Executing VM operation: HandshakeAllThreads (Deoptimize)
Event: 9.357 Executing VM operation: HandshakeAllThreads (Deoptimize) done
Event: 9.358 Executing VM operation: HandshakeAllThreads (Deoptimize)
Event: 9.358 Executing VM operation: HandshakeAllThreads (Deoptimize) done
Event: 10.359 Executing VM operation: Cleanup
Event: 10.452 Executing VM operation: Cleanup done
Event: 11.456 Executing VM operation: Cleanup
Event: 11.457 Executing VM operation: Cleanup done

Events (20 events):
Event: 1.373 Thread 0x00000151672bd080 Thread added: 0x00000151672bd080
Event: 1.381 Thread 0x00000151672bc9b0 Thread added: 0x00000151672bc9b0
Event: 2.409 Thread 0x00000151672bc9b0 Thread exited: 0x00000151672bc9b0
Event: 3.492 Thread 0x00000151672bd080 Thread exited: 0x00000151672bd080
Event: 5.506 Thread 0x0000015167d69f00 Thread added: 0x0000015167d69f00
Event: 6.517 Thread 0x00000151675b19f0 Thread added: 0x00000151675b19f0
Event: 7.311 Thread 0x00000151687233a0 Thread added: 0x00000151687233a0
Event: 7.516 Thread 0x00000151689a1870 Thread added: 0x00000151689a1870
Event: 7.770 Thread 0x0000015167740580 Thread added: 0x0000015167740580
Event: 7.790 Thread 0x0000015167736000 Thread added: 0x0000015167736000
Event: 7.879 Thread 0x0000015167d69f00 Thread exited: 0x0000015167d69f00
Event: 7.928 Thread 0x0000015167736670 Thread added: 0x0000015167736670
Event: 7.943 Thread 0x0000015167761050 Thread added: 0x0000015167761050
Event: 7.967 Thread 0x0000015167156280 Thread added: 0x0000015167156280
Event: 7.974 Thread 0x0000015167155560 Thread added: 0x0000015167155560
Event: 7.979 Thread 0x0000015167157630 Thread added: 0x0000015167157630
Event: 8.842 Thread 0x0000015167156fa0 Thread added: 0x0000015167156fa0
Event: 8.863 Thread 0x00000151671541b0 Thread added: 0x00000151671541b0
Event: 8.918 Thread 0x0000015167154840 Thread added: 0x0000015167154840
Event: 9.029 Thread 0x000001516895e730 Thread added: 0x000001516895e730


Dynamic libraries:
0x00007ff6cc6e0000 - 0x00007ff6cc6f0000 	C:\Program Files\Java\latest\jdk-21\bin\java.exe
0x00007fff54620000 - 0x00007fff54887000 	C:\WINDOWS\SYSTEM32\ntdll.dll
0x00007fff539d0000 - 0x00007fff53a99000 	C:\WINDOWS\System32\KERNEL32.DLL
0x00007fff51320000 - 0x00007fff51711000 	C:\WINDOWS\System32\KERNELBASE.dll
0x00007fff50f00000 - 0x00007fff5104b000 	C:\WINDOWS\System32\ucrtbase.dll
0x00007fff079b0000 - 0x00007fff079c9000 	C:\Program Files\Java\latest\jdk-21\bin\jli.dll
0x00007fff53b50000 - 0x00007fff53c0b000 	C:\WINDOWS\System32\ADVAPI32.dll
0x00007fff53920000 - 0x00007fff539c9000 	C:\WINDOWS\System32\msvcrt.dll
0x00007fff069d0000 - 0x00007fff069ee000 	C:\Program Files\Java\latest\jdk-21\bin\VCRUNTIME140.dll
0x00007fff53aa0000 - 0x00007fff53b47000 	C:\WINDOWS\System32\sechost.dll
0x00007fff54300000 - 0x00007fff54418000 	C:\WINDOWS\System32\RPCRT4.dll
0x00007fff52f70000 - 0x00007fff53135000 	C:\WINDOWS\System32\USER32.dll
0x00007fff51050000 - 0x00007fff51077000 	C:\WINDOWS\System32\win32u.dll
0x00007fff523c0000 - 0x00007fff523eb000 	C:\WINDOWS\System32\GDI32.dll
0x00007fff2db20000 - 0x00007fff2ddb3000 	C:\WINDOWS\WinSxS\amd64_microsoft.windows.common-controls_6595b64144ccf1df_6.0.26100.8037_none_3e092faae333b53b\COMCTL32.dll
0x00007fff511f0000 - 0x00007fff5131b000 	C:\WINDOWS\System32\gdi32full.dll
0x00007fff52310000 - 0x00007fff523b3000 	C:\WINDOWS\System32\msvcp_win.dll
0x00007fff4efd0000 - 0x00007fff4efdb000 	C:\WINDOWS\SYSTEM32\VERSION.dll
0x00007fff53800000 - 0x00007fff53831000 	C:\WINDOWS\System32\IMM32.DLL
0x00007fff4e270000 - 0x00007fff4e27c000 	C:\Program Files\Java\latest\jdk-21\bin\vcruntime140_1.dll
0x00007ffedeb50000 - 0x00007ffedebdd000 	C:\Program Files\Java\latest\jdk-21\bin\msvcp140.dll
0x00007ffebd340000 - 0x00007ffebe067000 	C:\Program Files\Java\latest\jdk-21\bin\server\jvm.dll
0x00007fff54480000 - 0x00007fff544f4000 	C:\WINDOWS\System32\WS2_32.dll
0x00007fff48010000 - 0x00007fff48045000 	C:\WINDOWS\SYSTEM32\WINMM.dll
0x00007fff50d80000 - 0x00007fff50dde000 	C:\WINDOWS\SYSTEM32\POWRPROF.dll
0x00007fff50d40000 - 0x00007fff50d54000 	C:\WINDOWS\SYSTEM32\UMPDC.dll
0x00007fff4fc90000 - 0x00007fff4fcab000 	C:\WINDOWS\SYSTEM32\kernel.appcore.dll
0x00007fff2f5c0000 - 0x00007fff2f5ca000 	C:\Program Files\Java\latest\jdk-21\bin\jimage.dll
0x00007fff4c090000 - 0x00007fff4c2d2000 	C:\WINDOWS\SYSTEM32\DBGHELP.DLL
0x00007fff523f0000 - 0x00007fff52772000 	C:\WINDOWS\System32\combase.dll
0x00007fff53840000 - 0x00007fff53917000 	C:\WINDOWS\System32\OLEAUT32.dll
0x00007fff2e500000 - 0x00007fff2e53b000 	C:\WINDOWS\SYSTEM32\dbgcore.DLL
0x00007fff51140000 - 0x00007fff511e5000 	C:\WINDOWS\System32\bcryptPrimitives.dll
0x00007fff3e480000 - 0x00007fff3e490000 	C:\Program Files\Java\latest\jdk-21\bin\instrument.dll
0x00007ffee8760000 - 0x00007ffee8781000 	C:\Program Files\Java\latest\jdk-21\bin\java.dll
0x00007fff52800000 - 0x00007fff52f5f000 	C:\WINDOWS\System32\SHELL32.dll
0x00007fff51930000 - 0x00007fff51a9a000 	C:\WINDOWS\System32\wintypes.dll
0x00007fff51aa0000 - 0x00007fff52304000 	C:\WINDOWS\System32\windows.storage.dll
0x00007fff53fe0000 - 0x00007fff540d7000 	C:\WINDOWS\System32\SHCORE.dll
0x00007fff53790000 - 0x00007fff537f7000 	C:\WINDOWS\System32\shlwapi.dll
0x00007fff50e20000 - 0x00007fff50e49000 	C:\WINDOWS\SYSTEM32\profapi.dll
0x00007ffedec20000 - 0x00007ffedecf7000 	C:\Program Files\Java\latest\jdk-21\bin\jsvml.dll
0x00007fff02290000 - 0x00007fff022a8000 	C:\Program Files\Java\latest\jdk-21\bin\zip.dll
0x00007fff08130000 - 0x00007fff08141000 	C:\Program Files\Java\latest\jdk-21\bin\net.dll
0x00007fff4a110000 - 0x00007fff4a237000 	C:\WINDOWS\SYSTEM32\WINHTTP.dll
0x00007fff50200000 - 0x00007fff5026b000 	C:\WINDOWS\system32\mswsock.dll
0x00007fff05d80000 - 0x00007fff05d96000 	C:\Program Files\Java\latest\jdk-21\bin\nio.dll
0x00007fff1c8b0000 - 0x00007fff1c8c0000 	C:\Program Files\Java\latest\jdk-21\bin\verify.dll
0x00007ffee6300000 - 0x00007ffee6327000 	C:\Users\soura\.gradle\native\1def1411415f61bf3af743bc5b6707747c0891f09f0c88961ee8f79bc544acac\windows-amd64\native-platform.dll
0x00007ffeddf70000 - 0x00007ffeddfe8000 	C:\Users\soura\.gradle\native\0.2.7\x86_64-windows-gnu\gradle-fileevents.dll
0x00007fff2a100000 - 0x00007fff2a10a000 	C:\Program Files\Java\latest\jdk-21\bin\management.dll
0x00007fff26f20000 - 0x00007fff26f2c000 	C:\Program Files\Java\latest\jdk-21\bin\management_ext.dll
0x00007fff542f0000 - 0x00007fff542f8000 	C:\WINDOWS\System32\PSAPI.DLL
0x00007fff4f650000 - 0x00007fff4f683000 	C:\WINDOWS\SYSTEM32\IPHLPAPI.DLL
0x00007fff545c0000 - 0x00007fff545ca000 	C:\WINDOWS\System32\NSI.dll
0x00007fff21d70000 - 0x00007fff21d79000 	C:\Program Files\Java\latest\jdk-21\bin\extnet.dll
0x00007fff504e0000 - 0x00007fff504fb000 	C:\WINDOWS\SYSTEM32\CRYPTSP.dll
0x00007fff4fbf0000 - 0x00007fff4fc29000 	C:\WINDOWS\system32\rsaenh.dll
0x00007fff502b0000 - 0x00007fff502e2000 	C:\WINDOWS\SYSTEM32\USERENV.dll
0x00007fff50df0000 - 0x00007fff50e1a000 	C:\WINDOWS\SYSTEM32\bcrypt.dll
0x00007fff50500000 - 0x00007fff5050c000 	C:\WINDOWS\SYSTEM32\CRYPTBASE.dll
0x00007fff3e490000 - 0x00007fff3e49e000 	C:\Program Files\Java\latest\jdk-21\bin\sunmscapi.dll
0x00007fff517b0000 - 0x00007fff51927000 	C:\WINDOWS\System32\CRYPT32.dll
0x00007fff50700000 - 0x00007fff50730000 	C:\WINDOWS\SYSTEM32\ncrypt.dll
0x00007fff506b0000 - 0x00007fff506ef000 	C:\WINDOWS\SYSTEM32\NTASN1.dll
0x00007fff1a840000 - 0x00007fff1a848000 	C:\WINDOWS\system32\wshunix.dll

dbghelp: loaded successfully - version: 4.0.5 - missing functions: none
symbol engine: initialized successfully - sym options: 0x614 - pdb path: .;C:\Program Files\Java\latest\jdk-21\bin;C:\WINDOWS\SYSTEM32;C:\WINDOWS\WinSxS\amd64_microsoft.windows.common-controls_6595b64144ccf1df_6.0.26100.8037_none_3e092faae333b53b;C:\Program Files\Java\latest\jdk-21\bin\server;C:\Users\soura\.gradle\native\1def1411415f61bf3af743bc5b6707747c0891f09f0c88961ee8f79bc544acac\windows-amd64;C:\Users\soura\.gradle\native\0.2.7\x86_64-windows-gnu

VM Arguments:
jvm_args: --add-opens=java.base/java.lang=ALL-UNNAMED --add-opens=java.base/java.lang.invoke=ALL-UNNAMED --add-opens=java.base/java.util=ALL-UNNAMED --add-opens=java.prefs/java.util.prefs=ALL-UNNAMED --add-exports=jdk.compiler/com.sun.tools.javac.api=ALL-UNNAMED --add-exports=jdk.compiler/com.sun.tools.javac.util=ALL-UNNAMED --add-opens=java.base/java.util=ALL-UNNAMED --add-opens=java.prefs/java.util.prefs=ALL-UNNAMED --add-opens=java.base/java.nio.charset=ALL-UNNAMED --add-opens=java.base/java.net=ALL-UNNAMED --add-opens=java.base/java.util.concurrent.atomic=ALL-UNNAMED --add-opens=java.xml/javax.xml.namespace=ALL-UNNAMED -Xmx2048m -Dfile.encoding=UTF-8 -Duser.country=IN -Duser.language=en -Duser.variant -javaagent:C:\Users\soura\.gradle\wrapper\dists\gradle-8.13-bin\5xuhj0ry160q40clulazy9h7d\gradle-8.13\lib\agents\gradle-instrumentation-agent-8.13.jar 
java_command: org.gradle.launcher.daemon.bootstrap.GradleDaemon 8.13
java_class_path (initial): C:\Users\soura\.gradle\wrapper\dists\gradle-8.13-bin\5xuhj0ry160q40clulazy9h7d\gradle-8.13\lib\gradle-daemon-main-8.13.jar
Launcher Type: SUN_STANDARD

[Global flags]
     intx CICompilerCount                          = 4                                         {product} {ergonomic}
     uint ConcGCThreads                            = 2                                         {product} {ergonomic}
     uint G1ConcRefinementThreads                  = 8                                         {product} {ergonomic}
   size_t G1HeapRegionSize                         = 1048576                                   {product} {ergonomic}
    uintx GCDrainStackTargetSize                   = 64                                        {product} {ergonomic}
   size_t InitialHeapSize                          = 132120576                                 {product} {ergonomic}
   size_t MarkStackSize                            = 4194304                                   {product} {ergonomic}
   size_t MaxHeapSize                              = 2147483648                                {product} {command line}
   size_t MaxNewSize                               = 1287651328                                {product} {ergonomic}
   size_t MinHeapDeltaBytes                        = 1048576                                   {product} {ergonomic}
   size_t MinHeapSize                              = 8388608                                   {product} {ergonomic}
    uintx NonNMethodCodeHeapSize                   = 5839372                                {pd product} {ergonomic}
    uintx NonProfiledCodeHeapSize                  = 122909434                              {pd product} {ergonomic}
    uintx ProfiledCodeHeapSize                     = 122909434                              {pd product} {ergonomic}
    uintx ReservedCodeCacheSize                    = 251658240                              {pd product} {ergonomic}
     bool SegmentedCodeCache                       = true                                      {product} {ergonomic}
   size_t SoftMaxHeapSize                          = 2147483648                             {manageable} {ergonomic}
     bool UseCompressedOops                        = true                           {product lp64_product} {ergonomic}
     bool UseG1GC                                  = true                                      {product} {ergonomic}
     bool UseLargePagesIndividualAllocation        = false                                  {pd product} {ergonomic}

Logging:
Log output configuration:
 #0: stdout all=warning uptime,level,tags foldmultilines=false
 #1: stderr all=off uptime,level,tags foldmultilines=false

Environment Variables:
JAVA_HOME=C:\Program Files\Java\latest\jdk-21
CLASSPATH=A:\PROJECTS\PlacementApp\\gradle\wrapper\gradle-wrapper.jar
PATH=C:\Program Files\Java\latest\jdk-21\bin;C:\WINDOWS\system32;C:\WINDOWS;C:\WINDOWS\System32\Wbem;C:\WINDOWS\System32\WindowsPowerShell\v1.0\;C:\WINDOWS\System32\OpenSSH\;C:\msys64\mingw64\bin;C:\Program Files\HP\HP One Agent;C:\Program Files\HP\Common\HPDestPlgIn\;C:\Program Files (x86)\HP\Common\HPDestPlgIn\;C:\ProgramData\chocolatey\bin;C:\WINDOWS\system32;C:\WINDOWS;C:\WINDOWS\System32\Wbem;C:\WINDOWS\System32\WindowsPowerShell\v1.0\;C:\WINDOWS\System32\OpenSSH\;C:\Program Files\Docker\Docker\resources\bin;A:\PROJECTS\kobweb-0.9.21\bin;C:\Program Files\Java\latest\jdk-21\bin;A:\Git\cmd;A:\Node\;C:\Program Files\Java\latest\jdk-21;C:\Users\soura\AppData\Local\Microsoft\WindowsApps;C:\Program Files\Azure Data Studio\bin;C:\Users\soura\AppData\Local\Programs\Microsoft VS Code Insiders\bin;A:\IntelliJ IDEA Community Edition 2024.2.3\bin;C:\Program Files\HP\Common\HPDestPlgIn\;C:\Program Files (x86)\HP\Common\HPDestPlgIn\;A:\Git\cmd;A:\Java\bin;A:\cursor\resources\app\bin;C:\Users\soura\AppData\Local\spicetify;C:\Users\soura\AppData\Roaming\npm;A:\Node;C:\Program Files\Java\latest\jdk-21;
USERNAME=soura
TERM=dumb
OS=Windows_NT
PROCESSOR_IDENTIFIER=Intel64 Family 6 Model 140 Stepping 2, GenuineIntel
TMP=C:\Users\soura\AppData\Local\Temp
TEMP=C:\Users\soura\AppData\Local\Temp




Periodic native trim disabled

---------------  S Y S T E M  ---------------

OS:
 Windows 11 , 64 bit Build 26100 (10.0.26100.7920)
OS uptime: 3 days 20:55 hours
Hyper-V role detected

CPU: total 8 (initial active 8) (4 cores per cpu, 2 threads per core) family 6 model 140 stepping 2 microcode 0x2c, cx8, cmov, fxsr, ht, mmx, 3dnowpref, sse, sse2, sse3, ssse3, sse4.1, sse4.2, popcnt, lzcnt, tsc, tscinvbit, avx, avx2, aes, erms, clmul, bmi1, bmi2, adx, avx512f, avx512dq, avx512cd, avx512bw, avx512vl, sha, fma, vzeroupper, avx512_vpopcntdq, avx512_vpclmulqdq, avx512_vaes, avx512_vnni, clflush, clflushopt, clwb, avx512_vbmi2, avx512_vbmi, hv, rdtscp, rdpid, fsrm, gfni, avx512_bitalg, f16c, cet_ibt, cet_ss, avx512_ifma
Processor Information for all 8 processors :
  Max Mhz: 2496, Current Mhz: 2496, Mhz Limit: 2496

Memory: 4k page, system-wide physical 7941M (646M free)
TotalPageFile size 26572M (AvailPageFile size 14M)
current process WorkingSet (physical memory assigned to process): 193M, peak: 203M
current process commit charge ("private bytes"): 283M, peak: 297M

vm_info: Java HotSpot(TM) 64-Bit Server VM (21.0.10+8-LTS-217) for windows-amd64 JRE (21.0.10+8-LTS-217), built on 2025-12-18T14:59:28Z by "mach5run" with MS VC++ 17.13 (VS2022)

END.
