#
# There is insufficient memory for the Java Runtime Environment to continue.
# Native memory allocation (malloc) failed to allocate 505376 bytes for Chunk::new
# Possible reasons:
#   The system is out of physical RAM or swap space
#   The process is running with CompressedOops enabled, and the Java Heap may be blocking the growth of the native heap
# Possible solutions:
#   Reduce memory load on the system
#   Increase physical memory or swap space
#   Check if swap backing store is full
#   Decrease Java heap size (-Xmx/-Xms)
#   Decrease number of Java threads
#   Decrease Java thread stack sizes (-Xss)
#   Set larger code cache with -XX:ReservedCodeCacheSize=
#   JVM is running with Unscaled Compressed Oops mode in which the Java heap is
#     placed in the first 4GB address space. The Java Heap base address is the
#     maximum limit for the native heap growth. Please use -XX:HeapBaseMinAddress
#     to set the Java Heap base and to place the Java Heap above 4GB virtual address.
# This output file may be truncated or incomplete.
#
#  Out of Memory Error (arena.cpp:168), pid=23132, tid=13336
#
# JRE version: Java(TM) SE Runtime Environment (21.0.10+8) (build 21.0.10+8-LTS-217)
# Java VM: Java HotSpot(TM) 64-Bit Server VM (21.0.10+8-LTS-217, mixed mode, sharing, tiered, compressed oops, compressed class ptrs, g1 gc, windows-amd64)
# No core dump will be written. Minidumps are not enabled by default on client versions of Windows
#

---------------  S U M M A R Y ------------

Command Line: --add-opens=java.base/java.lang=ALL-UNNAMED --add-opens=java.base/java.lang.invoke=ALL-UNNAMED --add-opens=java.base/java.util=ALL-UNNAMED --add-opens=java.prefs/java.util.prefs=ALL-UNNAMED --add-exports=jdk.compiler/com.sun.tools.javac.api=ALL-UNNAMED --add-exports=jdk.compiler/com.sun.tools.javac.util=ALL-UNNAMED --add-opens=java.base/java.util=ALL-UNNAMED --add-opens=java.prefs/java.util.prefs=ALL-UNNAMED --add-opens=java.base/java.nio.charset=ALL-UNNAMED --add-opens=java.base/java.net=ALL-UNNAMED --add-opens=java.base/java.util.concurrent.atomic=ALL-UNNAMED --add-opens=java.xml/javax.xml.namespace=ALL-UNNAMED -Xmx2048m -Dfile.encoding=UTF-8 -Duser.country=IN -Duser.language=en -Duser.variant -javaagent:C:\Users\soura\.gradle\wrapper\dists\gradle-8.13-bin\5xuhj0ry160q40clulazy9h7d\gradle-8.13\lib\agents\gradle-instrumentation-agent-8.13.jar org.gradle.launcher.daemon.bootstrap.GradleDaemon 8.13

Host: 11th Gen Intel(R) Core(TM) i5-1155G7 @ 2.50GHz, 8 cores, 7G,  Windows 11 , 64 bit Build 26100 (10.0.26100.8246)
Time: Sat Apr 18 22:40:05 2026 India Standard Time elapsed time: 75.409649 seconds (0d 0h 1m 15s)

---------------  T H R E A D  ---------------

Current thread (0x00000242c4665780):  JavaThread "C2 CompilerThread0" daemon [_thread_in_native, id=13336, stack(0x000000f86b900000,0x000000f86ba00000) (1024K)]


Current CompileTask:
C2:  75414 9017   !   4       com.google.common.reflect.TypeVisitor::visit (225 bytes)

Stack: [0x000000f86b900000,0x000000f86ba00000]
Native frames: (J=compiled Java code, j=interpreted, Vv=VM code, C=native code)
V  [jvm.dll+0x6d0b59]
V  [jvm.dll+0x85fd56]
V  [jvm.dll+0x86224e]
V  [jvm.dll+0x862923]
V  [jvm.dll+0x282a16]
V  [jvm.dll+0xc662d]
V  [jvm.dll+0xc6b71]
V  [jvm.dll+0x2f800e]
V  [jvm.dll+0x5fadb7]
V  [jvm.dll+0x2549d7]
V  [jvm.dll+0x24ca1b]
V  [jvm.dll+0x24a84e]
V  [jvm.dll+0x1cacfe]
V  [jvm.dll+0x25a629]
V  [jvm.dll+0x258bb5]
V  [jvm.dll+0x3f4da1]
V  [jvm.dll+0x80a83d]
V  [jvm.dll+0x6cf3fd]
C  [ucrtbase.dll+0x37b0]
C  [KERNEL32.DLL+0x2e8d7]
C  [ntdll.dll+0x8c3fc]


---------------  P R O C E S S  ---------------

Threads class SMR info:
_java_thread_list=0x000002430de79360, length=54, elements={
0x00000242a5ab8910, 0x00000242c4658420, 0x00000242c465ba00, 0x00000242c465cfd0,
0x00000242c465fe40, 0x00000242c46608a0, 0x00000242c4661300, 0x00000242c4665780,
0x00000242c466bfd0, 0x00000242c4a0bdf0, 0x00000242c4a2cee0, 0x000002430b6abec0,
0x000002430b670720, 0x000002430b732400, 0x000002430a716df0, 0x000002430acb6dc0,
0x000002430a9e63a0, 0x000002430b5f75b0, 0x000002430b5bffb0, 0x000002430b5c0cd0,
0x000002430b5c1360, 0x000002430b5c2da0, 0x000002430b5c19f0, 0x000002430b5c2080,
0x000002430b5bf920, 0x000002430b5c0640, 0x000002430c6b6ff0, 0x000002430c6b8a30,
0x000002430c6b55b0, 0x000002430c6b62d0, 0x000002430c6b90c0, 0x000002430c6b7d10,
0x000002430c6ba470, 0x000002430c6bbeb0, 0x000002430c6bb190, 0x000002430c6bb820,
0x000002430c6b9de0, 0x000002430c6bc540, 0x000002430c76c270, 0x000002430c76dcb0,
0x000002430c76b550, 0x000002430c76d620, 0x000002430c76f060, 0x000002430c76bbe0,
0x000002430c76c900, 0x000002430c76e340, 0x000002430c76e9d0, 0x000002430c76f6f0,
0x000002430c770410, 0x000002430c76cf90, 0x000002430c771e50, 0x000002430c7717c0,
0x000002430c770aa0, 0x000002430c771130
}

Java Threads: ( => current thread )
  0x00000242a5ab8910 JavaThread "main"                              [_thread_blocked, id=16280, stack(0x000000f86ab00000,0x000000f86ac00000) (1024K)]
  0x00000242c4658420 JavaThread "Reference Handler"          daemon [_thread_blocked, id=5192, stack(0x000000f86b300000,0x000000f86b400000) (1024K)]
  0x00000242c465ba00 JavaThread "Finalizer"                  daemon [_thread_blocked, id=24960, stack(0x000000f86b400000,0x000000f86b500000) (1024K)]
  0x00000242c465cfd0 JavaThread "Signal Dispatcher"          daemon [_thread_blocked, id=13648, stack(0x000000f86b500000,0x000000f86b600000) (1024K)]
  0x00000242c465fe40 JavaThread "Attach Listener"            daemon [_thread_blocked, id=11088, stack(0x000000f86b600000,0x000000f86b700000) (1024K)]
  0x00000242c46608a0 JavaThread "Service Thread"             daemon [_thread_blocked, id=4260, stack(0x000000f86b700000,0x000000f86b800000) (1024K)]
  0x00000242c4661300 JavaThread "Monitor Deflation Thread"   daemon [_thread_blocked, id=20656, stack(0x000000f86b800000,0x000000f86b900000) (1024K)]
=>0x00000242c4665780 JavaThread "C2 CompilerThread0"         daemon [_thread_in_native, id=13336, stack(0x000000f86b900000,0x000000f86ba00000) (1024K)]
  0x00000242c466bfd0 JavaThread "C1 CompilerThread0"         daemon [_thread_blocked, id=17956, stack(0x000000f86ba00000,0x000000f86bb00000) (1024K)]
  0x00000242c4a0bdf0 JavaThread "Common-Cleaner"             daemon [_thread_blocked, id=10952, stack(0x000000f86bb00000,0x000000f86bc00000) (1024K)]
  0x00000242c4a2cee0 JavaThread "Notification Thread"        daemon [_thread_blocked, id=20404, stack(0x000000f86bc00000,0x000000f86bd00000) (1024K)]
  0x000002430b6abec0 JavaThread "Daemon health stats"               [_thread_blocked, id=21244, stack(0x000000f86c200000,0x000000f86c300000) (1024K)]
  0x000002430b670720 JavaThread "Incoming local TCP Connector on port 54623"        [_thread_in_native, id=23436, stack(0x000000f86c300000,0x000000f86c400000) (1024K)]
  0x000002430b732400 JavaThread "Daemon periodic checks"            [_thread_blocked, id=4164, stack(0x000000f86c400000,0x000000f86c500000) (1024K)]
  0x000002430a716df0 JavaThread "Daemon"                            [_thread_blocked, id=8252, stack(0x000000f86c500000,0x000000f86c600000) (1024K)]
  0x000002430acb6dc0 JavaThread "Handler for socket connection from /127.0.0.1:54623 to /127.0.0.1:54624"        [_thread_in_native, id=16740, stack(0x000000f86c600000,0x000000f86c700000) (1024K)]
  0x000002430a9e63a0 JavaThread "Cancel handler"                    [_thread_blocked, id=23628, stack(0x000000f86c700000,0x000000f86c800000) (1024K)]
  0x000002430b5f75b0 JavaThread "Daemon worker"                     [_thread_in_native, id=12404, stack(0x000000f86c800000,0x000000f86c900000) (1024K)]
  0x000002430b5bffb0 JavaThread "Asynchronous log dispatcher for DefaultDaemonConnection: socket connection from /127.0.0.1:54623 to /127.0.0.1:54624"        [_thread_blocked, id=21916, stack(0x000000f86c900000,0x000000f86ca00000) (1024K)]
  0x000002430b5c0cd0 JavaThread "Stdin handler"                     [_thread_blocked, id=12080, stack(0x000000f86ca00000,0x000000f86cb00000) (1024K)]
  0x000002430b5c1360 JavaThread "Daemon client event forwarder"        [_thread_blocked, id=16688, stack(0x000000f86cb00000,0x000000f86cc00000) (1024K)]
  0x000002430b5c2da0 JavaThread "Cache worker for journal cache (C:\Users\soura\.gradle\caches\journal-1)"        [_thread_blocked, id=9332, stack(0x000000f86cc00000,0x000000f86cd00000) (1024K)]
  0x000002430b5c19f0 JavaThread "File lock request listener"        [_thread_in_native, id=348, stack(0x000000f86cd00000,0x000000f86ce00000) (1024K)]
  0x000002430b5c2080 JavaThread "Cache worker for file hash cache (C:\Users\soura\.gradle\caches\8.13\fileHashes)"        [_thread_blocked, id=11748, stack(0x000000f86ce00000,0x000000f86cf00000) (1024K)]
  0x000002430b5bf920 JavaThread "Cache worker for file hash cache (A:\PROJECTS\PlacementApp\.gradle\8.13\fileHashes)"        [_thread_blocked, id=10948, stack(0x000000f86d300000,0x000000f86d400000) (1024K)]
  0x000002430b5c0640 JavaThread "Cache worker for Build Output Cleanup Cache (A:\PROJECTS\PlacementApp\.gradle\buildOutputCleanup)"        [_thread_blocked, id=9688, stack(0x000000f86d200000,0x000000f86d300000) (1024K)]
  0x000002430c6b6ff0 JavaThread "File watcher server"        daemon [_thread_in_native, id=21820, stack(0x000000f86d400000,0x000000f86d500000) (1024K)]
  0x000002430c6b8a30 JavaThread "File watcher consumer"      daemon [_thread_blocked, id=20904, stack(0x000000f86d500000,0x000000f86d600000) (1024K)]
  0x000002430c6b55b0 JavaThread "Cache worker for checksums cache (A:\PROJECTS\PlacementApp\.gradle\8.13\checksums)"        [_thread_blocked, id=4404, stack(0x000000f86d600000,0x000000f86d700000) (1024K)]
  0x000002430c6b62d0 JavaThread "Cache worker for file content cache (C:\Users\soura\.gradle\caches\8.13\fileContent)"        [_thread_blocked, id=20664, stack(0x000000f86d700000,0x000000f86d800000) (1024K)]
  0x000002430c6b90c0 JavaThread "Cache worker for cache directory md-supplier (C:\Users\soura\.gradle\caches\8.13\md-supplier)"        [_thread_blocked, id=4144, stack(0x000000f86d800000,0x000000f86d900000) (1024K)]
  0x000002430c6b7d10 JavaThread "Cache worker for cache directory md-rule (C:\Users\soura\.gradle\caches\8.13\md-rule)"        [_thread_blocked, id=19692, stack(0x000000f86d900000,0x000000f86da00000) (1024K)]
  0x000002430c6ba470 JavaThread "Unconstrained build operations"        [_thread_blocked, id=5132, stack(0x000000f86a800000,0x000000f86a900000) (1024K)]
  0x000002430c6bbeb0 JavaThread "Unconstrained build operations Thread 2"        [_thread_blocked, id=12096, stack(0x000000f86a900000,0x000000f86aa00000) (1024K)]
  0x000002430c6bb190 JavaThread "Unconstrained build operations Thread 3"        [_thread_blocked, id=5300, stack(0x000000f86aa00000,0x000000f86ab00000) (1024K)]
  0x000002430c6bb820 JavaThread "Unconstrained build operations Thread 4"        [_thread_blocked, id=14900, stack(0x000000f86da00000,0x000000f86db00000) (1024K)]
  0x000002430c6b9de0 JavaThread "Unconstrained build operations Thread 5"        [_thread_blocked, id=10900, stack(0x000000f86db00000,0x000000f86dc00000) (1024K)]
  0x000002430c6bc540 JavaThread "Unconstrained build operations Thread 6"        [_thread_blocked, id=17812, stack(0x000000f86dc00000,0x000000f86dd00000) (1024K)]
  0x000002430c76c270 JavaThread "Unconstrained build operations Thread 7"        [_thread_blocked, id=23420, stack(0x000000f86dd00000,0x000000f86de00000) (1024K)]
  0x000002430c76dcb0 JavaThread "Unconstrained build operations Thread 8"        [_thread_blocked, id=12628, stack(0x000000f86de00000,0x000000f86df00000) (1024K)]
  0x000002430c76b550 JavaThread "Unconstrained build operations Thread 9"        [_thread_blocked, id=20008, stack(0x000000f86df00000,0x000000f86e000000) (1024K)]
  0x000002430c76d620 JavaThread "Unconstrained build operations Thread 10"        [_thread_blocked, id=21948, stack(0x000000f86e000000,0x000000f86e100000) (1024K)]
  0x000002430c76f060 JavaThread "Unconstrained build operations Thread 11"        [_thread_blocked, id=13084, stack(0x000000f86e100000,0x000000f86e200000) (1024K)]
  0x000002430c76bbe0 JavaThread "Unconstrained build operations Thread 12"        [_thread_blocked, id=15772, stack(0x000000f86e200000,0x000000f86e300000) (1024K)]
  0x000002430c76c900 JavaThread "Unconstrained build operations Thread 13"        [_thread_blocked, id=21604, stack(0x000000f86e300000,0x000000f86e400000) (1024K)]
  0x000002430c76e340 JavaThread "Unconstrained build operations Thread 14"        [_thread_blocked, id=8048, stack(0x000000f86e400000,0x000000f86e500000) (1024K)]
  0x000002430c76e9d0 JavaThread "Unconstrained build operations Thread 15"        [_thread_blocked, id=17232, stack(0x000000f86e500000,0x000000f86e600000) (1024K)]
  0x000002430c76f6f0 JavaThread "Unconstrained build operations Thread 16"        [_thread_blocked, id=19944, stack(0x000000f86e600000,0x000000f86e700000) (1024K)]
  0x000002430c770410 JavaThread "Unconstrained build operations Thread 17"        [_thread_blocked, id=22808, stack(0x000000f86e700000,0x000000f86e800000) (1024K)]
  0x000002430c76cf90 JavaThread "Unconstrained build operations Thread 18"        [_thread_blocked, id=10312, stack(0x000000f86e800000,0x000000f86e900000) (1024K)]
  0x000002430c771e50 JavaThread "Unconstrained build operations Thread 19"        [_thread_blocked, id=22220, stack(0x000000f86e900000,0x000000f86ea00000) (1024K)]
  0x000002430c7717c0 JavaThread "Unconstrained build operations Thread 20"        [_thread_blocked, id=13404, stack(0x000000f86ea00000,0x000000f86eb00000) (1024K)]
  0x000002430c770aa0 JavaThread "Unconstrained build operations Thread 21"        [_thread_blocked, id=20912, stack(0x000000f86eb00000,0x000000f86ec00000) (1024K)]
  0x000002430c771130 JavaThread "Memory manager"                    [_thread_blocked, id=18452, stack(0x000000f86ec00000,0x000000f86ed00000) (1024K)]
Total: 54

Other Threads:
  0x00000242c4634a10 VMThread "VM Thread"                           [id=3880, stack(0x000000f86b200000,0x000000f86b300000) (1024K)]
  0x00000242c4623fc0 WatcherThread "VM Periodic Task Thread"        [id=21456, stack(0x000000f86b100000,0x000000f86b200000) (1024K)]
  0x00000242a7ca5310 WorkerThread "GC Thread#0"                     [id=12124, stack(0x000000f86ac00000,0x000000f86ad00000) (1024K)]
  0x00000242c4b59e70 WorkerThread "GC Thread#1"                     [id=2588, stack(0x000000f86bd00000,0x000000f86be00000) (1024K)]
  0x000002430a0320e0 WorkerThread "GC Thread#2"                     [id=4552, stack(0x000000f86be00000,0x000000f86bf00000) (1024K)]
  0x000002430a0b8c10 WorkerThread "GC Thread#3"                     [id=14972, stack(0x000000f86bf00000,0x000000f86c000000) (1024K)]
  0x000002430aae5580 WorkerThread "GC Thread#4"                     [id=3764, stack(0x000000f86c000000,0x000000f86c100000) (1024K)]
  0x000002430a90c430 WorkerThread "GC Thread#5"                     [id=20248, stack(0x000000f86c100000,0x000000f86c200000) (1024K)]
  0x000002430d240190 WorkerThread "GC Thread#6"                     [id=22192, stack(0x000000f86cf00000,0x000000f86d000000) (1024K)]
  0x000002430d23fde0 WorkerThread "GC Thread#7"                     [id=11064, stack(0x000000f86d000000,0x000000f86d100000) (1024K)]
  0x00000242a7cb6210 ConcurrentGCThread "G1 Main Marker"            [id=20712, stack(0x000000f86ad00000,0x000000f86ae00000) (1024K)]
  0x00000242a7cb6c30 WorkerThread "G1 Conc#0"                       [id=8592, stack(0x000000f86ae00000,0x000000f86af00000) (1024K)]
  0x000002430c5417e0 WorkerThread "G1 Conc#1"                       [id=3180, stack(0x000000f86d100000,0x000000f86d200000) (1024K)]
  0x00000242c44f7a50 ConcurrentGCThread "G1 Refine#0"               [id=15232, stack(0x000000f86af00000,0x000000f86b000000) (1024K)]
  0x00000242c44f83e0 ConcurrentGCThread "G1 Service"                [id=22004, stack(0x000000f86b000000,0x000000f86b100000) (1024K)]
Total: 15

Threads with active compile tasks:
C2 CompilerThread0    75650 9017   !   4       com.google.common.reflect.TypeVisitor::visit (225 bytes)
Total: 1

VM state: not at safepoint (normal execution)

VM Mutex/Monitor currently owned by a thread: None

Heap address: 0x0000000080000000, size: 2048 MB, Compressed Oops mode: 32-bit

CDS archive(s) mapped at: [0x00000242c5000000-0x00000242c5c90000-0x00000242c5c90000), size 13172736, SharedBaseAddress: 0x00000242c5000000, ArchiveRelocationMode: 1.
Compressed class space mapped at: 0x00000242c6000000-0x0000024306000000, reserved size: 1073741824
Narrow klass base: 0x00000242c5000000, Narrow klass shift: 0, Narrow klass range: 0x100000000

GC Precious Log:
 CardTable entry size: 512
 Card Set container configuration: InlinePtr #cards 5 size 8 Array Of Cards #cards 12 size 40 Howl #buckets 4 coarsen threshold 1843 Howl Bitmap #cards 512 size 80 coarsen threshold 460 Card regions per heap region 1 cards per card region 2048
 CPUs: 8 total, 8 available
 Memory: 7941M
 Large Page Support: Disabled
 NUMA Support: Disabled
 Compressed Oops: Enabled (32-bit)
 Heap Region Size: 1M
 Heap Min Capacity: 8M
 Heap Initial Capacity: 126M
 Heap Max Capacity: 2G
 Pre-touch: Disabled
 Parallel Workers: 8
 Concurrent Workers: 2
 Concurrent Refinement Workers: 8
 Periodic GC: Disabled

Heap:
 garbage-first heap   total 121856K, used 79173K [0x0000000080000000, 0x0000000100000000)
  region size 1024K, 11 young (11264K), 2 survivors (2048K)
 Metaspace       used 64465K, committed 66432K, reserved 1114112K
  class space    used 8865K, committed 9856K, reserved 1048576K

Heap Regions: E=young(eden), S=young(survivor), O=old, HS=humongous(starts), HC=humongous(continues), CS=collection set, F=free, TAMS=top-at-mark-start, PB=parsable bottom
|   0|0x0000000080000000, 0x0000000080100000, 0x0000000080100000|100%|HS|  |TAMS 0x0000000080000000| PB 0x0000000080000000| Complete 
|   1|0x0000000080100000, 0x0000000080200000, 0x0000000080200000|100%|HC|  |TAMS 0x0000000080100000| PB 0x0000000080100000| Complete 
|   2|0x0000000080200000, 0x0000000080300000, 0x0000000080300000|100%|HC|  |TAMS 0x0000000080200000| PB 0x0000000080200000| Complete 
|   3|0x0000000080300000, 0x0000000080400000, 0x0000000080400000|100%| O|  |TAMS 0x0000000080300000| PB 0x0000000080300000| Untracked 
|   4|0x0000000080400000, 0x0000000080500000, 0x0000000080500000|100%| O|  |TAMS 0x0000000080400000| PB 0x0000000080400000| Untracked 
|   5|0x0000000080500000, 0x0000000080600000, 0x0000000080600000|100%| O|  |TAMS 0x0000000080500000| PB 0x0000000080500000| Untracked 
|   6|0x0000000080600000, 0x0000000080700000, 0x0000000080700000|100%|HS|  |TAMS 0x0000000080600000| PB 0x0000000080600000| Complete 
|   7|0x0000000080700000, 0x0000000080800000, 0x0000000080800000|100%| O|  |TAMS 0x0000000080700000| PB 0x0000000080700000| Untracked 
|   8|0x0000000080800000, 0x0000000080900000, 0x0000000080900000|100%| O|  |TAMS 0x0000000080800000| PB 0x0000000080800000| Untracked 
|   9|0x0000000080900000, 0x0000000080a00000, 0x0000000080a00000|100%| O|  |TAMS 0x0000000080900000| PB 0x0000000080900000| Untracked 
|  10|0x0000000080a00000, 0x0000000080b00000, 0x0000000080b00000|100%| O|  |TAMS 0x0000000080a00000| PB 0x0000000080a00000| Untracked 
|  11|0x0000000080b00000, 0x0000000080c00000, 0x0000000080c00000|100%| O|  |TAMS 0x0000000080b00000| PB 0x0000000080b00000| Untracked 
|  12|0x0000000080c00000, 0x0000000080d00000, 0x0000000080d00000|100%| O|  |TAMS 0x0000000080c00000| PB 0x0000000080c00000| Untracked 
|  13|0x0000000080d00000, 0x0000000080e00000, 0x0000000080e00000|100%| O|  |TAMS 0x0000000080d00000| PB 0x0000000080d00000| Untracked 
|  14|0x0000000080e00000, 0x0000000080f00000, 0x0000000080f00000|100%| O|  |TAMS 0x0000000080e00000| PB 0x0000000080e00000| Untracked 
|  15|0x0000000080f00000, 0x0000000081000000, 0x0000000081000000|100%| O|  |TAMS 0x0000000080f00000| PB 0x0000000080f00000| Untracked 
|  16|0x0000000081000000, 0x0000000081100000, 0x0000000081100000|100%| O|  |TAMS 0x0000000081000000| PB 0x0000000081000000| Untracked 
|  17|0x0000000081100000, 0x0000000081200000, 0x0000000081200000|100%| O|  |TAMS 0x0000000081100000| PB 0x0000000081100000| Untracked 
|  18|0x0000000081200000, 0x0000000081300000, 0x0000000081300000|100%| O|  |TAMS 0x0000000081200000| PB 0x0000000081200000| Untracked 
|  19|0x0000000081300000, 0x0000000081400000, 0x0000000081400000|100%| O|  |TAMS 0x0000000081300000| PB 0x0000000081300000| Untracked 
|  20|0x0000000081400000, 0x0000000081500000, 0x0000000081500000|100%| O|  |TAMS 0x0000000081400000| PB 0x0000000081400000| Untracked 
|  21|0x0000000081500000, 0x0000000081600000, 0x0000000081600000|100%| O|  |TAMS 0x0000000081500000| PB 0x0000000081500000| Untracked 
|  22|0x0000000081600000, 0x0000000081700000, 0x0000000081700000|100%| O|  |TAMS 0x0000000081600000| PB 0x0000000081600000| Untracked 
|  23|0x0000000081700000, 0x0000000081800000, 0x0000000081800000|100%| O|  |TAMS 0x0000000081700000| PB 0x0000000081700000| Untracked 
|  24|0x0000000081800000, 0x0000000081900000, 0x0000000081900000|100%| O|  |TAMS 0x0000000081800000| PB 0x0000000081800000| Untracked 
|  25|0x0000000081900000, 0x0000000081a00000, 0x0000000081a00000|100%| O|  |TAMS 0x0000000081900000| PB 0x0000000081900000| Untracked 
|  26|0x0000000081a00000, 0x0000000081b00000, 0x0000000081b00000|100%| O|  |TAMS 0x0000000081a00000| PB 0x0000000081a00000| Untracked 
|  27|0x0000000081b00000, 0x0000000081c00000, 0x0000000081c00000|100%| O|  |TAMS 0x0000000081b00000| PB 0x0000000081b00000| Untracked 
|  28|0x0000000081c00000, 0x0000000081d00000, 0x0000000081d00000|100%| O|  |TAMS 0x0000000081c00000| PB 0x0000000081c00000| Untracked 
|  29|0x0000000081d00000, 0x0000000081e00000, 0x0000000081e00000|100%| O|  |TAMS 0x0000000081d00000| PB 0x0000000081d00000| Untracked 
|  30|0x0000000081e00000, 0x0000000081f00000, 0x0000000081f00000|100%| O|  |TAMS 0x0000000081e00000| PB 0x0000000081e00000| Untracked 
|  31|0x0000000081f00000, 0x0000000082000000, 0x0000000082000000|100%| O|  |TAMS 0x0000000081f00000| PB 0x0000000081f00000| Untracked 
|  32|0x0000000082000000, 0x0000000082100000, 0x0000000082100000|100%| O|  |TAMS 0x0000000082000000| PB 0x0000000082000000| Untracked 
|  33|0x0000000082100000, 0x0000000082100000, 0x0000000082200000|  0%| F|  |TAMS 0x0000000082100000| PB 0x0000000082100000| Untracked 
|  34|0x0000000082200000, 0x0000000082300000, 0x0000000082300000|100%| O|  |TAMS 0x0000000082200000| PB 0x0000000082200000| Untracked 
|  35|0x0000000082300000, 0x0000000082400000, 0x0000000082400000|100%| O|  |TAMS 0x0000000082300000| PB 0x0000000082300000| Untracked 
|  36|0x0000000082400000, 0x0000000082500000, 0x0000000082500000|100%| O|  |TAMS 0x0000000082400000| PB 0x0000000082400000| Untracked 
|  37|0x0000000082500000, 0x0000000082600000, 0x0000000082600000|100%| O|  |TAMS 0x0000000082500000| PB 0x0000000082500000| Untracked 
|  38|0x0000000082600000, 0x0000000082700000, 0x0000000082700000|100%| O|  |TAMS 0x0000000082600000| PB 0x0000000082600000| Untracked 
|  39|0x0000000082700000, 0x0000000082800000, 0x0000000082800000|100%| O|  |TAMS 0x0000000082700000| PB 0x0000000082700000| Untracked 
|  40|0x0000000082800000, 0x0000000082900000, 0x0000000082900000|100%| O|  |TAMS 0x0000000082800000| PB 0x0000000082800000| Untracked 
|  41|0x0000000082900000, 0x0000000082900000, 0x0000000082a00000|  0%| F|  |TAMS 0x0000000082900000| PB 0x0000000082900000| Untracked 
|  42|0x0000000082a00000, 0x0000000082b00000, 0x0000000082b00000|100%| O|Cm|TAMS 0x0000000082a00000| PB 0x0000000082a00000| Complete 
|  43|0x0000000082b00000, 0x0000000082c00000, 0x0000000082c00000|100%| O|Cm|TAMS 0x0000000082b00000| PB 0x0000000082b00000| Complete 
|  44|0x0000000082c00000, 0x0000000082d00000, 0x0000000082d00000|100%| O|  |TAMS 0x0000000082c00000| PB 0x0000000082c00000| Untracked 
|  45|0x0000000082d00000, 0x0000000082e00000, 0x0000000082e00000|100%|HS|  |TAMS 0x0000000082d00000| PB 0x0000000082d00000| Complete 
|  46|0x0000000082e00000, 0x0000000082f00000, 0x0000000082f00000|100%|HS|  |TAMS 0x0000000082e00000| PB 0x0000000082e00000| Complete 
|  47|0x0000000082f00000, 0x0000000083000000, 0x0000000083000000|100%|HS|  |TAMS 0x0000000082f00000| PB 0x0000000082f00000| Complete 
|  48|0x0000000083000000, 0x0000000083100000, 0x0000000083100000|100%|HC|  |TAMS 0x0000000083000000| PB 0x0000000083000000| Complete 
|  49|0x0000000083100000, 0x0000000083200000, 0x0000000083200000|100%|HS|  |TAMS 0x0000000083100000| PB 0x0000000083100000| Complete 
|  50|0x0000000083200000, 0x0000000083300000, 0x0000000083300000|100%|HC|  |TAMS 0x0000000083200000| PB 0x0000000083200000| Complete 
|  51|0x0000000083300000, 0x0000000083400000, 0x0000000083400000|100%|HS|  |TAMS 0x0000000083300000| PB 0x0000000083300000| Complete 
|  52|0x0000000083400000, 0x0000000083500000, 0x0000000083500000|100%|HS|  |TAMS 0x0000000083400000| PB 0x0000000083400000| Complete 
|  53|0x0000000083500000, 0x0000000083600000, 0x0000000083600000|100%|HC|  |TAMS 0x0000000083500000| PB 0x0000000083500000| Complete 
|  54|0x0000000083600000, 0x0000000083700000, 0x0000000083700000|100%|HC|  |TAMS 0x0000000083600000| PB 0x0000000083600000| Complete 
|  55|0x0000000083700000, 0x0000000083800000, 0x0000000083800000|100%|HS|  |TAMS 0x0000000083700000| PB 0x0000000083700000| Complete 
|  56|0x0000000083800000, 0x0000000083900000, 0x0000000083900000|100%| O|  |TAMS 0x0000000083800000| PB 0x0000000083800000| Untracked 
|  57|0x0000000083900000, 0x0000000083a00000, 0x0000000083a00000|100%|HS|  |TAMS 0x0000000083900000| PB 0x0000000083900000| Complete 
|  58|0x0000000083a00000, 0x0000000083b00000, 0x0000000083b00000|100%|HS|  |TAMS 0x0000000083a00000| PB 0x0000000083a00000| Complete 
|  59|0x0000000083b00000, 0x0000000083c00000, 0x0000000083c00000|100%| O|  |TAMS 0x0000000083b00000| PB 0x0000000083b00000| Untracked 
|  60|0x0000000083c00000, 0x0000000083d00000, 0x0000000083d00000|100%| O|  |TAMS 0x0000000083c00000| PB 0x0000000083c00000| Untracked 
|  61|0x0000000083d00000, 0x0000000083e00000, 0x0000000083e00000|100%| O|  |TAMS 0x0000000083d00000| PB 0x0000000083d00000| Untracked 
|  62|0x0000000083e00000, 0x0000000083f00000, 0x0000000083f00000|100%| O|  |TAMS 0x0000000083e00000| PB 0x0000000083e00000| Untracked 
|  63|0x0000000083f00000, 0x0000000083f8b320, 0x0000000084000000| 54%| O|  |TAMS 0x0000000083f00000| PB 0x0000000083f00000| Untracked 
|  64|0x0000000084000000, 0x0000000084000000, 0x0000000084100000|  0%| F|  |TAMS 0x0000000084000000| PB 0x0000000084000000| Untracked 
|  65|0x0000000084100000, 0x0000000084100000, 0x0000000084200000|  0%| F|  |TAMS 0x0000000084100000| PB 0x0000000084100000| Untracked 
|  66|0x0000000084200000, 0x0000000084200000, 0x0000000084300000|  0%| F|  |TAMS 0x0000000084200000| PB 0x0000000084200000| Untracked 
|  67|0x0000000084300000, 0x0000000084300000, 0x0000000084400000|  0%| F|  |TAMS 0x0000000084300000| PB 0x0000000084300000| Untracked 
|  68|0x0000000084400000, 0x0000000084400000, 0x0000000084500000|  0%| F|  |TAMS 0x0000000084400000| PB 0x0000000084400000| Untracked 
|  69|0x0000000084500000, 0x0000000084500000, 0x0000000084600000|  0%| F|  |TAMS 0x0000000084500000| PB 0x0000000084500000| Untracked 
|  70|0x0000000084600000, 0x0000000084600000, 0x0000000084700000|  0%| F|  |TAMS 0x0000000084600000| PB 0x0000000084600000| Untracked 
|  71|0x0000000084700000, 0x0000000084700000, 0x0000000084800000|  0%| F|  |TAMS 0x0000000084700000| PB 0x0000000084700000| Untracked 
|  72|0x0000000084800000, 0x0000000084800000, 0x0000000084900000|  0%| F|  |TAMS 0x0000000084800000| PB 0x0000000084800000| Untracked 
|  73|0x0000000084900000, 0x00000000849c62b8, 0x0000000084a00000| 77%| S|CS|TAMS 0x0000000084900000| PB 0x0000000084900000| Complete 
|  74|0x0000000084a00000, 0x0000000084b00000, 0x0000000084b00000|100%| S|CS|TAMS 0x0000000084a00000| PB 0x0000000084a00000| Complete 
|  75|0x0000000084b00000, 0x0000000084b00000, 0x0000000084c00000|  0%| F|  |TAMS 0x0000000084b00000| PB 0x0000000084b00000| Untracked 
|  76|0x0000000084c00000, 0x0000000084c00000, 0x0000000084d00000|  0%| F|  |TAMS 0x0000000084c00000| PB 0x0000000084c00000| Untracked 
|  77|0x0000000084d00000, 0x0000000084d00000, 0x0000000084e00000|  0%| F|  |TAMS 0x0000000084d00000| PB 0x0000000084d00000| Untracked 
|  78|0x0000000084e00000, 0x0000000084e00000, 0x0000000084f00000|  0%| F|  |TAMS 0x0000000084e00000| PB 0x0000000084e00000| Untracked 
|  79|0x0000000084f00000, 0x0000000084f00000, 0x0000000085000000|  0%| F|  |TAMS 0x0000000084f00000| PB 0x0000000084f00000| Untracked 
|  80|0x0000000085000000, 0x0000000085000000, 0x0000000085100000|  0%| F|  |TAMS 0x0000000085000000| PB 0x0000000085000000| Untracked 
|  81|0x0000000085100000, 0x0000000085100000, 0x0000000085200000|  0%| F|  |TAMS 0x0000000085100000| PB 0x0000000085100000| Untracked 
|  82|0x0000000085200000, 0x0000000085200000, 0x0000000085300000|  0%| F|  |TAMS 0x0000000085200000| PB 0x0000000085200000| Untracked 
|  83|0x0000000085300000, 0x0000000085300000, 0x0000000085400000|  0%| F|  |TAMS 0x0000000085300000| PB 0x0000000085300000| Untracked 
|  84|0x0000000085400000, 0x0000000085400000, 0x0000000085500000|  0%| F|  |TAMS 0x0000000085400000| PB 0x0000000085400000| Untracked 
|  85|0x0000000085500000, 0x0000000085500000, 0x0000000085600000|  0%| F|  |TAMS 0x0000000085500000| PB 0x0000000085500000| Untracked 
|  86|0x0000000085600000, 0x0000000085600000, 0x0000000085700000|  0%| F|  |TAMS 0x0000000085600000| PB 0x0000000085600000| Untracked 
|  87|0x0000000085700000, 0x0000000085700000, 0x0000000085800000|  0%| F|  |TAMS 0x0000000085700000| PB 0x0000000085700000| Untracked 
|  88|0x0000000085800000, 0x0000000085800000, 0x0000000085900000|  0%| F|  |TAMS 0x0000000085800000| PB 0x0000000085800000| Untracked 
|  89|0x0000000085900000, 0x0000000085900000, 0x0000000085a00000|  0%| F|  |TAMS 0x0000000085900000| PB 0x0000000085900000| Untracked 
|  90|0x0000000085a00000, 0x0000000085a00000, 0x0000000085b00000|  0%| F|  |TAMS 0x0000000085a00000| PB 0x0000000085a00000| Untracked 
|  91|0x0000000085b00000, 0x0000000085b00000, 0x0000000085c00000|  0%| F|  |TAMS 0x0000000085b00000| PB 0x0000000085b00000| Untracked 
|  92|0x0000000085c00000, 0x0000000085c00000, 0x0000000085d00000|  0%| F|  |TAMS 0x0000000085c00000| PB 0x0000000085c00000| Untracked 
|  93|0x0000000085d00000, 0x0000000085d00000, 0x0000000085e00000|  0%| F|  |TAMS 0x0000000085d00000| PB 0x0000000085d00000| Untracked 
|  94|0x0000000085e00000, 0x0000000085e00000, 0x0000000085f00000|  0%| F|  |TAMS 0x0000000085e00000| PB 0x0000000085e00000| Untracked 
|  95|0x0000000085f00000, 0x0000000085f00000, 0x0000000086000000|  0%| F|  |TAMS 0x0000000085f00000| PB 0x0000000085f00000| Untracked 
|  96|0x0000000086000000, 0x0000000086000000, 0x0000000086100000|  0%| F|  |TAMS 0x0000000086000000| PB 0x0000000086000000| Untracked 
|  97|0x0000000086100000, 0x0000000086100000, 0x0000000086200000|  0%| F|  |TAMS 0x0000000086100000| PB 0x0000000086100000| Untracked 
|  98|0x0000000086200000, 0x0000000086200000, 0x0000000086300000|  0%| F|  |TAMS 0x0000000086200000| PB 0x0000000086200000| Untracked 
|  99|0x0000000086300000, 0x0000000086300000, 0x0000000086400000|  0%| F|  |TAMS 0x0000000086300000| PB 0x0000000086300000| Untracked 
| 100|0x0000000086400000, 0x0000000086400000, 0x0000000086500000|  0%| F|  |TAMS 0x0000000086400000| PB 0x0000000086400000| Untracked 
| 101|0x0000000086500000, 0x0000000086500000, 0x0000000086600000|  0%| F|  |TAMS 0x0000000086500000| PB 0x0000000086500000| Untracked 
| 102|0x0000000086600000, 0x0000000086600000, 0x0000000086700000|  0%| F|  |TAMS 0x0000000086600000| PB 0x0000000086600000| Untracked 
| 103|0x0000000086700000, 0x0000000086700000, 0x0000000086800000|  0%| F|  |TAMS 0x0000000086700000| PB 0x0000000086700000| Untracked 
| 104|0x0000000086800000, 0x0000000086883e70, 0x0000000086900000| 51%| E|  |TAMS 0x0000000086800000| PB 0x0000000086800000| Complete 
| 105|0x0000000086900000, 0x0000000086a00000, 0x0000000086a00000|100%| E|CS|TAMS 0x0000000086900000| PB 0x0000000086900000| Complete 
| 106|0x0000000086a00000, 0x0000000086b00000, 0x0000000086b00000|100%| E|CS|TAMS 0x0000000086a00000| PB 0x0000000086a00000| Complete 
| 107|0x0000000086b00000, 0x0000000086c00000, 0x0000000086c00000|100%| E|CS|TAMS 0x0000000086b00000| PB 0x0000000086b00000| Complete 
| 108|0x0000000086c00000, 0x0000000086d00000, 0x0000000086d00000|100%| E|CS|TAMS 0x0000000086c00000| PB 0x0000000086c00000| Complete 
| 109|0x0000000086d00000, 0x0000000086e00000, 0x0000000086e00000|100%| E|CS|TAMS 0x0000000086d00000| PB 0x0000000086d00000| Complete 
| 110|0x0000000086e00000, 0x0000000086f00000, 0x0000000086f00000|100%| E|CS|TAMS 0x0000000086e00000| PB 0x0000000086e00000| Complete 
| 111|0x0000000086f00000, 0x0000000087000000, 0x0000000087000000|100%| E|CS|TAMS 0x0000000086f00000| PB 0x0000000086f00000| Complete 
| 125|0x0000000087d00000, 0x0000000087e00000, 0x0000000087e00000|100%| E|CS|TAMS 0x0000000087d00000| PB 0x0000000087d00000| Complete 
|2042|0x00000000ffa00000, 0x00000000ffb00000, 0x00000000ffb00000|100%| O|  |TAMS 0x00000000ffa00000| PB 0x00000000ffa00000| Untracked 
|2043|0x00000000ffb00000, 0x00000000ffc00000, 0x00000000ffc00000|100%| O|  |TAMS 0x00000000ffb00000| PB 0x00000000ffb00000| Untracked 
|2044|0x00000000ffc00000, 0x00000000ffd00000, 0x00000000ffd00000|100%| O|  |TAMS 0x00000000ffc00000| PB 0x00000000ffc00000| Untracked 
|2045|0x00000000ffd00000, 0x00000000ffe00000, 0x00000000ffe00000|100%| O|  |TAMS 0x00000000ffd00000| PB 0x00000000ffd00000| Untracked 
|2046|0x00000000ffe00000, 0x00000000fff00000, 0x00000000fff00000|100%| O|  |TAMS 0x00000000ffe00000| PB 0x00000000ffe00000| Untracked 
|2047|0x00000000fff00000, 0x0000000100000000, 0x0000000100000000|100%| O|  |TAMS 0x00000000fff00000| PB 0x00000000fff00000| Untracked 

Card table byte_map: [0x00000242bf820000,0x00000242bfc20000] _byte_map_base: 0x00000242bf420000

Marking Bits: (CMBitMap*) 0x00000242a7ca5930
 Bits: [0x00000242bfc20000, 0x00000242c1c20000)

Polling page: 0x00000242a7410000

Metaspace:

Usage:
  Non-class:     54.31 MB used.
      Class:      8.66 MB used.
       Both:     62.97 MB used.

Virtual space:
  Non-class space:       64.00 MB reserved,      55.25 MB ( 86%) committed,  1 nodes.
      Class space:        1.00 GB reserved,       9.62 MB ( <1%) committed,  1 nodes.
             Both:        1.06 GB reserved,      64.88 MB (  6%) committed. 

Chunk freelists:
   Non-Class:  8.58 MB
       Class:  6.32 MB
        Both:  14.90 MB

MaxMetaspaceSize: unlimited
CompressedClassSpaceSize: 1.00 GB
Initial GC threshold: 21.00 MB
Current GC threshold: 106.50 MB
CDS: on
 - commit_granule_bytes: 65536.
 - commit_granule_words: 8192.
 - virtual_space_node_default_size: 8388608.
 - enlarge_chunks_in_place: 1.
 - use_allocation_guard: 0.


Internal statistics:

num_allocs_failed_limit: 6.
num_arena_births: 3432.
num_arena_deaths: 0.
num_vsnodes_births: 2.
num_vsnodes_deaths: 0.
num_space_committed: 1038.
num_space_uncommitted: 0.
num_chunks_returned_to_freelist: 6.
num_chunks_taken_from_freelist: 6546.
num_chunk_merges: 6.
num_chunk_splits: 4217.
num_chunks_enlarged: 2543.
num_inconsistent_stats: 0.

CodeHeap 'non-profiled nmethods': size=120000Kb used=4109Kb max_used=4582Kb free=115890Kb
 bounds [0x00000242b7bc0000, 0x00000242b8040000, 0x00000242bf0f0000]
CodeHeap 'profiled nmethods': size=120000Kb used=14674Kb max_used=15861Kb free=105325Kb
 bounds [0x00000242b00f0000, 0x00000242b1070000, 0x00000242b7620000]
CodeHeap 'non-nmethods': size=5760Kb used=2242Kb max_used=2264Kb free=3517Kb
 bounds [0x00000242b7620000, 0x00000242b7890000, 0x00000242b7bc0000]
 total_blobs=8580 nmethods=7812 adapters=670
 compilation: enabled
              stopped_count=0, restarted_count=0
 full_count=0

Compilation events (20 events):
Event: 72.244 Thread 0x00000242c4665780 9010       4       org.gradle.internal.reflect.MethodSet$MethodKey::equals (89 bytes)
Event: 72.246 Thread 0x00000242c466bfd0 9011       3       sun.reflect.generics.parser.SignatureParser::parseTypeVariableSignature (95 bytes)
Event: 72.247 Thread 0x00000242c466bfd0 nmethod 9011 0x00000242b010bd10 code [0x00000242b010bfe0, 0x00000242b010ca50]
Event: 72.249 Thread 0x00000242c466bfd0 9012       3       com.google.common.reflect.TypeResolver$TypeTable::<init> (12 bytes)
Event: 72.249 Thread 0x00000242c466bfd0 nmethod 9012 0x00000242b0220810 code [0x00000242b02209c0, 0x00000242b0220bf0]
Event: 72.250 Thread 0x00000242c466bfd0 9013       1       sun.reflect.generics.tree.MethodTypeSignature::getFormalTypeParameters (5 bytes)
Event: 72.250 Thread 0x00000242c466bfd0 nmethod 9013 0x00000242b7c89990 code [0x00000242b7c89b20, 0x00000242b7c89be8]
Event: 72.251 Thread 0x00000242c466bfd0 9014       3       com.google.common.reflect.TypeResolver$TypeTable::resolve (20 bytes)
Event: 72.251 Thread 0x00000242c466bfd0 nmethod 9014 0x00000242b01a9f90 code [0x00000242b01aa180, 0x00000242b01aa658]
Event: 72.251 Thread 0x00000242c466bfd0 9015       3       com.google.common.reflect.TypeResolver$TypeTable$1::<init> (15 bytes)
Event: 72.251 Thread 0x00000242c466bfd0 nmethod 9015 0x00000242b0148410 code [0x00000242b01485e0, 0x00000242b0148928]
Event: 72.251 Thread 0x00000242c466bfd0 9016       3       com.google.common.reflect.TypeResolver$TypeTable::resolveInternal (105 bytes)
Event: 72.251 Thread 0x00000242c4665780 nmethod 9010 0x00000242b7fdc910 code [0x00000242b7fdcae0, 0x00000242b7fdce48]
Event: 72.251 Thread 0x00000242c4665780 9017   !   4       com.google.common.reflect.TypeVisitor::visit (225 bytes)
Event: 72.252 Thread 0x00000242c466bfd0 nmethod 9016 0x00000242b0307a10 code [0x00000242b0307d00, 0x00000242b0308c98]
Event: 72.253 Thread 0x00000242c466bfd0 9020       3       com.google.common.collect.AbstractSetMultimap::put (7 bytes)
Event: 72.253 Thread 0x00000242c466bfd0 nmethod 9020 0x00000242b013a910 code [0x00000242b013aac0, 0x00000242b013ac00]
Event: 72.710 Thread 0x00000242c466bfd0 9021       3       java.util.HashMap::values (25 bytes)
Event: 73.270 Thread 0x00000242c466bfd0 nmethod 9021 0x00000242b01b2890 code [0x00000242b01b2a60, 0x00000242b01b2dd8]
Event: 74.704 Thread 0x00000242c466bfd0 9023       3       java.util.HashMap$ValueSpliterator::forEachRemaining (186 bytes)

GC Heap History (20 events):
Event: 49.821 GC heap before
{Heap before GC invocations=11 (full 0):
 garbage-first heap   total 100352K, used 87265K [0x0000000080000000, 0x0000000100000000)
  region size 1024K, 57 young (58368K), 6 survivors (6144K)
 Metaspace       used 48237K, committed 49856K, reserved 1114112K
  class space    used 6791K, committed 7616K, reserved 1048576K
}
Event: 49.833 GC heap after
{Heap after GC invocations=12 (full 0):
 garbage-first heap   total 100352K, used 37460K [0x0000000080000000, 0x0000000100000000)
  region size 1024K, 7 young (7168K), 7 survivors (7168K)
 Metaspace       used 48237K, committed 49856K, reserved 1114112K
  class space    used 6791K, committed 7616K, reserved 1048576K
}
Event: 58.147 GC heap before
{Heap before GC invocations=12 (full 0):
 garbage-first heap   total 100352K, used 86612K [0x0000000080000000, 0x0000000100000000)
  region size 1024K, 55 young (56320K), 7 survivors (7168K)
 Metaspace       used 53962K, committed 55680K, reserved 1114112K
  class space    used 7652K, committed 8512K, reserved 1048576K
}
Event: 58.170 GC heap after
{Heap after GC invocations=13 (full 0):
 garbage-first heap   total 100352K, used 41864K [0x0000000080000000, 0x0000000100000000)
  region size 1024K, 7 young (7168K), 7 survivors (7168K)
 Metaspace       used 53962K, committed 55680K, reserved 1114112K
  class space    used 7652K, committed 8512K, reserved 1048576K
}
Event: 62.221 GC heap before
{Heap before GC invocations=13 (full 0):
 garbage-first heap   total 100352K, used 84872K [0x0000000080000000, 0x0000000100000000)
  region size 1024K, 50 young (51200K), 7 survivors (7168K)
 Metaspace       used 55127K, committed 56896K, reserved 1114112K
  class space    used 7758K, committed 8640K, reserved 1048576K
}
Event: 62.236 GC heap after
{Heap after GC invocations=14 (full 0):
 garbage-first heap   total 100352K, used 46078K [0x0000000080000000, 0x0000000100000000)
  region size 1024K, 6 young (6144K), 6 survivors (6144K)
 Metaspace       used 55127K, committed 56896K, reserved 1114112K
  class space    used 7758K, committed 8640K, reserved 1048576K
}
Event: 63.304 GC heap before
{Heap before GC invocations=14 (full 0):
 garbage-first heap   total 100352K, used 87038K [0x0000000080000000, 0x0000000100000000)
  region size 1024K, 47 young (48128K), 6 survivors (6144K)
 Metaspace       used 55594K, committed 57408K, reserved 1114112K
  class space    used 7785K, committed 8704K, reserved 1048576K
}
Event: 63.312 GC heap after
{Heap after GC invocations=15 (full 0):
 garbage-first heap   total 100352K, used 47367K [0x0000000080000000, 0x0000000100000000)
  region size 1024K, 4 young (4096K), 4 survivors (4096K)
 Metaspace       used 55594K, committed 57408K, reserved 1114112K
  class space    used 7785K, committed 8704K, reserved 1048576K
}
Event: 64.174 GC heap before
{Heap before GC invocations=15 (full 0):
 garbage-first heap   total 100352K, used 87303K [0x0000000080000000, 0x0000000100000000)
  region size 1024K, 44 young (45056K), 4 survivors (4096K)
 Metaspace       used 55688K, committed 57472K, reserved 1114112K
  class space    used 7785K, committed 8704K, reserved 1048576K
}
Event: 64.179 GC heap after
{Heap after GC invocations=16 (full 0):
 garbage-first heap   total 100352K, used 48154K [0x0000000080000000, 0x0000000100000000)
  region size 1024K, 4 young (4096K), 4 survivors (4096K)
 Metaspace       used 55688K, committed 57472K, reserved 1114112K
  class space    used 7785K, committed 8704K, reserved 1048576K
}
Event: 64.807 GC heap before
{Heap before GC invocations=16 (full 0):
 garbage-first heap   total 100352K, used 88090K [0x0000000080000000, 0x0000000100000000)
  region size 1024K, 44 young (45056K), 4 survivors (4096K)
 Metaspace       used 55701K, committed 57472K, reserved 1114112K
  class space    used 7785K, committed 8704K, reserved 1048576K
}
Event: 64.812 GC heap after
{Heap after GC invocations=17 (full 0):
 garbage-first heap   total 100352K, used 49243K [0x0000000080000000, 0x0000000100000000)
  region size 1024K, 5 young (5120K), 5 survivors (5120K)
 Metaspace       used 55701K, committed 57472K, reserved 1114112K
  class space    used 7785K, committed 8704K, reserved 1048576K
}
Event: 65.225 GC heap before
{Heap before GC invocations=17 (full 0):
 garbage-first heap   total 100352K, used 60507K [0x0000000080000000, 0x0000000100000000)
  region size 1024K, 17 young (17408K), 5 survivors (5120K)
 Metaspace       used 55915K, committed 57664K, reserved 1114112K
  class space    used 7810K, committed 8704K, reserved 1048576K
}
Event: 65.231 GC heap after
{Heap after GC invocations=18 (full 0):
 garbage-first heap   total 100352K, used 49940K [0x0000000080000000, 0x0000000100000000)
  region size 1024K, 4 young (4096K), 4 survivors (4096K)
 Metaspace       used 55915K, committed 57664K, reserved 1114112K
  class space    used 7810K, committed 8704K, reserved 1048576K
}
Event: 67.616 GC heap before
{Heap before GC invocations=19 (full 0):
 garbage-first heap   total 100352K, used 99092K [0x0000000080000000, 0x0000000100000000)
  region size 1024K, 39 young (39936K), 4 survivors (4096K)
 Metaspace       used 57957K, committed 59840K, reserved 1114112K
  class space    used 8092K, committed 9024K, reserved 1048576K
}
Event: 67.629 GC heap after
{Heap after GC invocations=20 (full 0):
 garbage-first heap   total 111616K, used 70298K [0x0000000080000000, 0x0000000100000000)
  region size 1024K, 5 young (5120K), 5 survivors (5120K)
 Metaspace       used 57957K, committed 59840K, reserved 1114112K
  class space    used 8092K, committed 9024K, reserved 1048576K
}
Event: 69.675 GC heap before
{Heap before GC invocations=20 (full 0):
 garbage-first heap   total 111616K, used 96922K [0x0000000080000000, 0x0000000100000000)
  region size 1024K, 32 young (32768K), 5 survivors (5120K)
 Metaspace       used 60683K, committed 62528K, reserved 1114112K
  class space    used 8381K, committed 9280K, reserved 1048576K
}
Event: 69.681 GC heap after
{Heap after GC invocations=21 (full 0):
 garbage-first heap   total 111616K, used 70205K [0x0000000080000000, 0x0000000100000000)
  region size 1024K, 2 young (2048K), 2 survivors (2048K)
 Metaspace       used 60683K, committed 62528K, reserved 1114112K
  class space    used 8381K, committed 9280K, reserved 1048576K
}
Event: 71.999 GC heap before
{Heap before GC invocations=21 (full 0):
 garbage-first heap   total 111616K, used 97853K [0x0000000080000000, 0x0000000100000000)
  region size 1024K, 30 young (30720K), 2 survivors (2048K)
 Metaspace       used 63561K, committed 65408K, reserved 1114112K
  class space    used 8700K, committed 9600K, reserved 1048576K
}
Event: 72.007 GC heap after
{Heap after GC invocations=22 (full 0):
 garbage-first heap   total 111616K, used 70981K [0x0000000080000000, 0x0000000100000000)
  region size 1024K, 2 young (2048K), 2 survivors (2048K)
 Metaspace       used 63561K, committed 65408K, reserved 1114112K
  class space    used 8700K, committed 9600K, reserved 1048576K
}

Dll operation events (15 events):
Event: 0.221 Loaded shared library C:\Program Files\Java\latest\jdk-21\bin\java.dll
Event: 0.748 Loaded shared library C:\Program Files\Java\latest\jdk-21\bin\jsvml.dll
Event: 1.042 Loaded shared library C:\Program Files\Java\latest\jdk-21\bin\zip.dll
Event: 1.052 Loaded shared library C:\Program Files\Java\latest\jdk-21\bin\instrument.dll
Event: 1.083 Loaded shared library C:\Program Files\Java\latest\jdk-21\bin\net.dll
Event: 1.103 Loaded shared library C:\Program Files\Java\latest\jdk-21\bin\nio.dll
Event: 1.114 Loaded shared library C:\Program Files\Java\latest\jdk-21\bin\zip.dll
Event: 5.255 Loaded shared library C:\Program Files\Java\latest\jdk-21\bin\jimage.dll
Event: 8.279 Loaded shared library C:\Program Files\Java\latest\jdk-21\bin\verify.dll
Event: 9.398 Loaded shared library C:\Users\soura\.gradle\native\1def1411415f61bf3af743bc5b6707747c0891f09f0c88961ee8f79bc544acac\windows-amd64\native-platform.dll
Event: 9.490 Loaded shared library C:\Users\soura\.gradle\native\0.2.7\x86_64-windows-gnu\gradle-fileevents.dll
Event: 19.479 Loaded shared library C:\Program Files\Java\latest\jdk-21\bin\management.dll
Event: 19.505 Loaded shared library C:\Program Files\Java\latest\jdk-21\bin\management_ext.dll
Event: 20.577 Loaded shared library C:\Program Files\Java\latest\jdk-21\bin\extnet.dll
Event: 21.986 Loaded shared library C:\Program Files\Java\latest\jdk-21\bin\sunmscapi.dll

Deoptimization events (20 events):
Event: 68.679 Thread 0x000002430b5f75b0 Uncommon trap: trap_request=0xffffffde fr.pc=0x00000242b7efce64 relative=0x00000000000003c4
Event: 68.679 Thread 0x000002430b5f75b0 Uncommon trap: reason=class_check action=maybe_recompile pc=0x00000242b7efce64 method=java.util.stream.AbstractPipeline.copyIntoWithCancel(Ljava/util/stream/Sink;Ljava/util/Spliterator;)Z @ 32 c2
Event: 68.679 Thread 0x000002430b5f75b0 DEOPT PACKING pc=0x00000242b7efce64 sp=0x000000f86c8f6300
Event: 68.679 Thread 0x000002430b5f75b0 DEOPT UNPACKING pc=0x00000242b7677da2 sp=0x000000f86c8f61c0 mode 2
Event: 68.679 Thread 0x000002430b5f75b0 Uncommon trap: trap_request=0xffffffde fr.pc=0x00000242b7efce64 relative=0x00000000000003c4
Event: 68.679 Thread 0x000002430b5f75b0 Uncommon trap: reason=class_check action=maybe_recompile pc=0x00000242b7efce64 method=java.util.stream.AbstractPipeline.copyIntoWithCancel(Ljava/util/stream/Sink;Ljava/util/Spliterator;)Z @ 32 c2
Event: 68.679 Thread 0x000002430b5f75b0 DEOPT PACKING pc=0x00000242b7efce64 sp=0x000000f86c8f6300
Event: 68.679 Thread 0x000002430b5f75b0 DEOPT UNPACKING pc=0x00000242b7677da2 sp=0x000000f86c8f61c0 mode 2
Event: 68.817 Thread 0x000002430b5f75b0 Uncommon trap: trap_request=0xfffffff4 fr.pc=0x00000242b7d11194 relative=0x0000000000000074
Event: 68.817 Thread 0x000002430b5f75b0 Uncommon trap: reason=null_check action=make_not_entrant pc=0x00000242b7d11194 method=java.lang.Class.isAnnotation()Z @ 1 c2
Event: 68.817 Thread 0x000002430b5f75b0 DEOPT PACKING pc=0x00000242b7d11194 sp=0x000000f86c8f6da0
Event: 68.817 Thread 0x000002430b5f75b0 DEOPT UNPACKING pc=0x00000242b7677da2 sp=0x000000f86c8f6d30 mode 2
Event: 70.272 Thread 0x000002430b5f75b0 Uncommon trap: trap_request=0xffffffc6 fr.pc=0x00000242b7fd52c8 relative=0x0000000000000068
Event: 70.272 Thread 0x000002430b5f75b0 Uncommon trap: reason=bimorphic_or_optimized_type_check action=maybe_recompile pc=0x00000242b7fd52c8 method=java.util.AbstractQueue.add(Ljava/lang/Object;)Z @ 2 c2
Event: 70.272 Thread 0x000002430b5f75b0 DEOPT PACKING pc=0x00000242b7fd52c8 sp=0x000000f86c8f7390
Event: 70.272 Thread 0x000002430b5f75b0 DEOPT UNPACKING pc=0x00000242b7677da2 sp=0x000000f86c8f7358 mode 2
Event: 70.272 Thread 0x000002430b5f75b0 Uncommon trap: trap_request=0xffffffc6 fr.pc=0x00000242b7fd52c8 relative=0x0000000000000068
Event: 70.272 Thread 0x000002430b5f75b0 Uncommon trap: reason=bimorphic_or_optimized_type_check action=maybe_recompile pc=0x00000242b7fd52c8 method=java.util.AbstractQueue.add(Ljava/lang/Object;)Z @ 2 c2
Event: 70.272 Thread 0x000002430b5f75b0 DEOPT PACKING pc=0x00000242b7fd52c8 sp=0x000000f86c8f7390
Event: 70.272 Thread 0x000002430b5f75b0 DEOPT UNPACKING pc=0x00000242b7677da2 sp=0x000000f86c8f7358 mode 2

Classes loaded (20 events):
Event: 69.577 Loading class java/util/stream/ReduceOps$2
Event: 69.578 Loading class java/util/stream/ReduceOps$2 done
Event: 69.578 Loading class java/util/stream/ReduceOps$2ReducingSink
Event: 69.579 Loading class java/util/stream/ReduceOps$2ReducingSink done
Event: 69.580 Loading class java/lang/management/ClassLoadingMXBean
Event: 69.581 Loading class java/lang/management/ClassLoadingMXBean done
Event: 69.581 Loading class sun/management/ClassLoadingImpl
Event: 69.583 Loading class sun/management/ClassLoadingImpl done
Event: 69.688 Loading class java/lang/management/ThreadMXBean
Event: 69.690 Loading class java/lang/management/ThreadMXBean done
Event: 69.691 Loading class com/sun/management/internal/HotSpotThreadImpl
Event: 69.692 Loading class com/sun/management/ThreadMXBean
Event: 69.692 Loading class com/sun/management/ThreadMXBean done
Event: 69.692 Loading class sun/management/ThreadImpl
Event: 69.694 Loading class sun/management/ThreadImpl done
Event: 69.695 Loading class com/sun/management/internal/HotSpotThreadImpl done
Event: 69.870 Loading class java/util/concurrent/Executors$DefaultThreadFactory
Event: 69.871 Loading class java/util/concurrent/Executors$DefaultThreadFactory done
Event: 70.904 Loading class java/nio/charset/UnsupportedCharsetException
Event: 70.905 Loading class java/nio/charset/UnsupportedCharsetException done

Classes unloaded (0 events):
No events

Classes redefined (0 events):
No events

Internal exceptions (20 events):
Event: 56.031 Thread 0x000002430b5f75b0 Exception <a 'java/lang/NoSuchMethodError'{0x0000000083d12f18}: 'void java.lang.invoke.DirectMethodHandle$Holder.invokeSpecial(java.lang.Object, java.lang.Object, java.lang.Object, int)'> (0x0000000083d12f18) 
thrown [s\open\src\hotspot\share\interpreter\linkResolver.cpp, line 773]
Event: 56.959 Thread 0x000002430b5f75b0 Exception <a 'java/lang/NoSuchMethodError'{0x0000000083955ba0}: 'int java.lang.invoke.DirectMethodHandle$Holder.invokeSpecialIFC(java.lang.Object, java.lang.Object, java.lang.Object)'> (0x0000000083955ba0) 
thrown [s\open\src\hotspot\share\interpreter\linkResolver.cpp, line 773]
Event: 57.289 Thread 0x000002430b5f75b0 Exception <a 'java/lang/NoSuchMethodError'{0x00000000836e9df0}: 'void java.lang.invoke.DirectMethodHandle$Holder.invokeStatic(java.lang.Object, java.lang.Object, java.lang.Object, int, java.lang.Object)'> (0x00000000836e9df0) 
thrown [s\open\src\hotspot\share\interpreter\linkResolver.cpp, line 773]
Event: 60.504 Thread 0x000002430b5f75b0 Exception <a 'java/lang/IncompatibleClassChangeError'{0x000000008588b338}: Found class java.lang.Object, but interface was expected> (0x000000008588b338) 
thrown [s\open\src\hotspot\share\interpreter\linkResolver.cpp, line 840]
Event: 60.810 Thread 0x000002430b5f75b0 Exception <a 'java/lang/NoSuchMethodError'{0x00000000856b3930}: 'void java.lang.invoke.DirectMethodHandle$Holder.invokeVirtual(java.lang.Object, java.lang.Object)'> (0x00000000856b3930) 
thrown [s\open\src\hotspot\share\interpreter\linkResolver.cpp, line 773]
Event: 61.258 Thread 0x000002430b5f75b0 Exception <a 'java/lang/NoSuchMethodError'{0x00000000851cd3e8}: 'java.lang.Object java.lang.invoke.DirectMethodHandle$Holder.newInvokeSpecial(java.lang.Object, java.lang.Object, java.lang.Object, java.lang.Object, int, java.lang.Object)'> (0x00000000851cd3e8) 
thrown [s\open\src\hotspot\share\interpreter\linkResolver.cpp, line 773]
Event: 61.259 Thread 0x000002430b5f75b0 Exception <a 'java/lang/NoSuchMethodError'{0x00000000851d5c08}: 'java.lang.Object java.lang.invoke.Invokers$Holder.linkToTargetMethod(java.lang.Object, java.lang.Object, java.lang.Object, int, java.lang.Object, java.lang.Object)'> (0x00000000851d5c08) 
thrown [s\open\src\hotspot\share\interpreter\linkResolver.cpp, line 773]
Event: 62.669 Thread 0x000002430b5f75b0 Exception <a 'java/lang/NoSuchMethodError'{0x00000000855631b8}: 'java.lang.Object java.lang.invoke.DirectMethodHandle$Holder.invokeSpecialIFC(java.lang.Object, java.lang.Object, java.lang.Object)'> (0x00000000855631b8) 
thrown [s\open\src\hotspot\share\interpreter\linkResolver.cpp, line 773]
Event: 64.980 Thread 0x000002430b5f75b0 Exception <a 'java/lang/NoSuchMethodError'{0x0000000085bef4b8}: 'void java.lang.invoke.DirectMethodHandle$Holder.invokeInterface(java.lang.Object, java.lang.Object, java.lang.Object, java.lang.Object)'> (0x0000000085bef4b8) 
thrown [s\open\src\hotspot\share\interpreter\linkResolver.cpp, line 773]
Event: 65.174 Thread 0x000002430b5f75b0 Implicit null exception at 0x00000242b7f22a5d to 0x00000242b7f22ee8
Event: 65.175 Thread 0x000002430b5f75b0 Implicit null exception at 0x00000242b7f254bf to 0x00000242b7f2592c
Event: 65.594 Thread 0x000002430b5f75b0 Exception <a 'java/lang/NoSuchMethodError'{0x000000008661f2a8}: 'void java.lang.invoke.Invokers$Holder.invoke_MT(java.lang.Object, java.lang.Object, java.lang.Object, java.lang.Object)'> (0x000000008661f2a8) 
thrown [s\open\src\hotspot\share\interpreter\linkResolver.cpp, line 773]
Event: 65.658 Thread 0x000002430b5f75b0 Exception <a 'java/lang/NoSuchMethodError'{0x000000008668d698}: 'java.lang.Object java.lang.invoke.DirectMethodHandle$Holder.invokeStaticInit(java.lang.Object, java.lang.Object, java.lang.Object, java.lang.Object, java.lang.Object, java.lang.Object, java.lang.Object)'> (0x000000008668d698) 
thrown [s\open\src\hotspot\share\interpreter\linkResolver.cpp, line 773]
Event: 65.672 Thread 0x000002430b5f75b0 Exception <a 'java/lang/NoSuchMethodError'{0x00000000866b3ca0}: 'java.lang.Object java.lang.invoke.DirectMethodHandle$Holder.invokeSpecial(java.lang.Object, java.lang.Object, java.lang.Object, int, java.lang.Object, java.lang.Object)'> (0x00000000866b3ca0) 
thrown [s\open\src\hotspot\share\interpreter\linkResolver.cpp, line 773]
Event: 66.353 Thread 0x000002430b5f75b0 Exception <a 'java/lang/ClassNotFoundException'{0x0000000085177478}: sun/misc/SharedSecrets> (0x0000000085177478) 
thrown [s\open\src\hotspot\share\classfile\systemDictionary.cpp, line 312]
Event: 66.354 Thread 0x000002430b5f75b0 Exception <a 'java/lang/ClassNotFoundException'{0x0000000085178a90}: org/gradle/api/internal/plugins/DefaultObjectConfigurationActionBeanInfo> (0x0000000085178a90) 
thrown [s\open\src\hotspot\share\classfile\systemDictionary.cpp, line 312]
Event: 66.359 Thread 0x000002430b5f75b0 Exception <a 'java/lang/ClassNotFoundException'{0x000000008518c4c0}: org/gradle/api/internal/plugins/DefaultObjectConfigurationActionCustomizer> (0x000000008518c4c0) 
thrown [s\open\src\hotspot\share\classfile\systemDictionary.cpp, line 312]
Event: 66.377 Thread 0x000002430b5f75b0 Implicit null exception at 0x00000242b7d2f865 to 0x00000242b7d2faf0
Event: 66.379 Thread 0x000002430b5f75b0 Exception <a 'java/lang/NoSuchMethodError'{0x0000000085199d90}: 'int java.lang.invoke.DirectMethodHandle$Holder.invokeSpecial(java.lang.Object, java.lang.Object, java.lang.Object, int)'> (0x0000000085199d90) 
thrown [s\open\src\hotspot\share\interpreter\linkResolver.cpp, line 773]
Event: 66.388 Thread 0x000002430b5f75b0 Exception <a 'java/lang/NoSuchMethodError'{0x00000000851aac10}: 'java.lang.Object java.lang.invoke.DirectMethodHandle$Holder.invokeStatic(java.lang.Object, java.lang.Object, java.lang.Object, java.lang.Object, int)'> (0x00000000851aac10) 
thrown [s\open\src\hotspot\share\interpreter\linkResolver.cpp, line 773]

ZGC Phase Switch (0 events):
No events

VM Operations (20 events):
Event: 68.639 Executing VM operation: Cleanup
Event: 68.640 Executing VM operation: Cleanup done
Event: 69.640 Executing VM operation: Cleanup
Event: 69.657 Executing VM operation: Cleanup done
Event: 69.675 Executing VM operation: G1CollectForAllocation (G1 Evacuation Pause)
Event: 69.681 Executing VM operation: G1CollectForAllocation (G1 Evacuation Pause) done
Event: 70.681 Executing VM operation: Cleanup
Event: 70.697 Executing VM operation: Cleanup done
Event: 71.581 Executing VM operation: HandshakeAllThreads (Deoptimize)
Event: 71.582 Executing VM operation: HandshakeAllThreads (Deoptimize) done
Event: 71.999 Executing VM operation: G1CollectForAllocation (G1 Evacuation Pause)
Event: 72.008 Executing VM operation: G1CollectForAllocation (G1 Evacuation Pause) done
Event: 72.097 Executing VM operation: G1PauseRemark
Event: 72.131 Executing VM operation: G1PauseRemark done
Event: 72.173 Executing VM operation: G1PauseCleanup
Event: 72.174 Executing VM operation: G1PauseCleanup done
Event: 73.176 Executing VM operation: Cleanup
Event: 73.274 Executing VM operation: Cleanup done
Event: 74.280 Executing VM operation: Cleanup
Event: 74.280 Executing VM operation: Cleanup done

Events (20 events):
Event: 72.128 Thread 0x00000242c4634a10 flushing nmethod 0x00000242b090d210
Event: 72.128 Thread 0x00000242c4634a10 flushing nmethod 0x00000242b090f590
Event: 72.128 Thread 0x00000242c4634a10 flushing nmethod 0x00000242b0911610
Event: 72.128 Thread 0x00000242c4634a10 flushing nmethod 0x00000242b093db90
Event: 72.128 Thread 0x00000242c4634a10 flushing nmethod 0x00000242b096f610
Event: 72.128 Thread 0x00000242c4634a10 flushing nmethod 0x00000242b0973290
Event: 72.128 Thread 0x00000242c4634a10 flushing nmethod 0x00000242b0973c90
Event: 72.128 Thread 0x00000242c4634a10 flushing nmethod 0x00000242b0975390
Event: 72.128 Thread 0x00000242c4634a10 flushing nmethod 0x00000242b0976190
Event: 72.128 Thread 0x00000242c4634a10 flushing nmethod 0x00000242b0976f10
Event: 72.128 Thread 0x00000242c4634a10 flushing nmethod 0x00000242b09b4510
Event: 72.128 Thread 0x00000242c4634a10 flushing nmethod 0x00000242b09e8c90
Event: 72.128 Thread 0x00000242c4634a10 flushing nmethod 0x00000242b09e9110
Event: 72.128 Thread 0x00000242c4634a10 flushing nmethod 0x00000242b09ec010
Event: 72.128 Thread 0x00000242c4634a10 flushing nmethod 0x00000242b09ee290
Event: 72.128 Thread 0x00000242c4634a10 flushing nmethod 0x00000242b0b25a90
Event: 72.128 Thread 0x00000242c4634a10 flushing nmethod 0x00000242b0b29310
Event: 72.128 Thread 0x00000242c4634a10 flushing nmethod 0x00000242b0df3290
Event: 72.128 Thread 0x00000242c4634a10 flushing nmethod 0x00000242b0e28c10
Event: 72.128 Thread 0x00000242c4634a10 flushing nmethod 0x00000242b0e2b790


Dynamic libraries:
0x00007ff7d6df0000 - 0x00007ff7d6e00000 	C:\Program Files\Java\latest\jdk-21\bin\java.exe
0x00007ffa60be0000 - 0x00007ffa60e47000 	C:\WINDOWS\SYSTEM32\ntdll.dll
0x00007ffa607e0000 - 0x00007ffa608a9000 	C:\WINDOWS\System32\KERNEL32.DLL
0x00007ffa5d650000 - 0x00007ffa5da44000 	C:\WINDOWS\System32\KERNELBASE.dll
0x00007ffa5a680000 - 0x00007ffa5a69e000 	C:\Program Files\Java\latest\jdk-21\bin\VCRUNTIME140.dll
0x00007ffa5e2c0000 - 0x00007ffa5e40b000 	C:\WINDOWS\System32\ucrtbase.dll
0x00007ffa58650000 - 0x00007ffa58669000 	C:\Program Files\Java\latest\jdk-21\bin\jli.dll
0x00007ffa5f7b0000 - 0x00007ffa5f866000 	C:\WINDOWS\System32\ADVAPI32.dll
0x00007ffa5f100000 - 0x00007ffa5f1a9000 	C:\WINDOWS\System32\msvcrt.dll
0x00007ffa5ef20000 - 0x00007ffa5efc7000 	C:\WINDOWS\System32\sechost.dll
0x00007ffa5e970000 - 0x00007ffa5ea88000 	C:\WINDOWS\System32\RPCRT4.dll
0x00007ffa605c0000 - 0x00007ffa60785000 	C:\WINDOWS\System32\USER32.dll
0x00007ffa3d850000 - 0x00007ffa3dae3000 	C:\WINDOWS\WinSxS\amd64_microsoft.windows.common-controls_6595b64144ccf1df_6.0.26100.8115_none_3e075c82e3354f9c\COMCTL32.dll
0x00007ffa5d620000 - 0x00007ffa5d647000 	C:\WINDOWS\System32\win32u.dll
0x00007ffa5efd0000 - 0x00007ffa5effb000 	C:\WINDOWS\System32\GDI32.dll
0x00007ffa5e410000 - 0x00007ffa5e53b000 	C:\WINDOWS\System32\gdi32full.dll
0x00007ffa5e8c0000 - 0x00007ffa5e963000 	C:\WINDOWS\System32\msvcp_win.dll
0x00007ffa50fd0000 - 0x00007ffa50fdb000 	C:\WINDOWS\SYSTEM32\VERSION.dll
0x00007ffa60930000 - 0x00007ffa60962000 	C:\WINDOWS\System32\IMM32.DLL
0x00007ffa50840000 - 0x00007ffa5084c000 	C:\Program Files\Java\latest\jdk-21\bin\vcruntime140_1.dll
0x00007ffa29ca0000 - 0x00007ffa29d2d000 	C:\Program Files\Java\latest\jdk-21\bin\msvcp140.dll
0x00007ff9e1220000 - 0x00007ff9e1f47000 	C:\Program Files\Java\latest\jdk-21\bin\server\jvm.dll
0x00007ffa60b00000 - 0x00007ffa60b80000 	C:\WINDOWS\System32\WS2_32.dll
0x00007ffa5d330000 - 0x00007ffa5d38e000 	C:\WINDOWS\SYSTEM32\POWRPROF.dll
0x00007ffa513a0000 - 0x00007ffa513d6000 	C:\WINDOWS\SYSTEM32\WINMM.dll
0x00007ffa5d310000 - 0x00007ffa5d324000 	C:\WINDOWS\SYSTEM32\UMPDC.dll
0x00007ffa5c210000 - 0x00007ffa5c22b000 	C:\WINDOWS\SYSTEM32\kernel.appcore.dll
0x00007ffa50830000 - 0x00007ffa5083a000 	C:\Program Files\Java\latest\jdk-21\bin\jimage.dll
0x00007ffa5b4b0000 - 0x00007ffa5b6f2000 	C:\WINDOWS\SYSTEM32\DBGHELP.DLL
0x00007ffa5f1b0000 - 0x00007ffa5f532000 	C:\WINDOWS\System32\combase.dll
0x00007ffa60300000 - 0x00007ffa603d8000 	C:\WINDOWS\System32\OLEAUT32.dll
0x00007ffa32480000 - 0x00007ffa324bb000 	C:\WINDOWS\SYSTEM32\dbgcore.DLL
0x00007ffa5e810000 - 0x00007ffa5e8b5000 	C:\WINDOWS\System32\bcryptPrimitives.dll
0x00007ffa436c0000 - 0x00007ffa436d0000 	C:\Program Files\Java\latest\jdk-21\bin\instrument.dll
0x00007ffa441d0000 - 0x00007ffa441f1000 	C:\Program Files\Java\latest\jdk-21\bin\java.dll
0x00007ffa5f870000 - 0x00007ffa5ffd7000 	C:\WINDOWS\System32\SHELL32.dll
0x00007ffa5d4b0000 - 0x00007ffa5d61a000 	C:\WINDOWS\System32\wintypes.dll
0x00007ffa5da50000 - 0x00007ffa5e2b8000 	C:\WINDOWS\System32\windows.storage.dll
0x00007ffa600a0000 - 0x00007ffa60198000 	C:\WINDOWS\System32\SHCORE.dll
0x00007ffa60970000 - 0x00007ffa609d6000 	C:\WINDOWS\System32\shlwapi.dll
0x00007ffa5d3d0000 - 0x00007ffa5d3f9000 	C:\WINDOWS\SYSTEM32\profapi.dll
0x00007ffa054d0000 - 0x00007ffa055a7000 	C:\Program Files\Java\latest\jdk-21\bin\jsvml.dll
0x00007ffa3c580000 - 0x00007ffa3c598000 	C:\Program Files\Java\latest\jdk-21\bin\zip.dll
0x00007ffa439a0000 - 0x00007ffa439b1000 	C:\Program Files\Java\latest\jdk-21\bin\net.dll
0x00007ffa51010000 - 0x00007ffa5113d000 	C:\WINDOWS\SYSTEM32\WINHTTP.dll
0x00007ffa5c7b0000 - 0x00007ffa5c81c000 	C:\WINDOWS\system32\mswsock.dll
0x00007ffa41210000 - 0x00007ffa41226000 	C:\Program Files\Java\latest\jdk-21\bin\nio.dll
0x00007ffa43fd0000 - 0x00007ffa43fe0000 	C:\Program Files\Java\latest\jdk-21\bin\verify.dll
0x00007ffa36b30000 - 0x00007ffa36b57000 	C:\Users\soura\.gradle\native\1def1411415f61bf3af743bc5b6707747c0891f09f0c88961ee8f79bc544acac\windows-amd64\native-platform.dll
0x00007ffa0d460000 - 0x00007ffa0d4d8000 	C:\Users\soura\.gradle\native\0.2.7\x86_64-windows-gnu\gradle-fileevents.dll
0x00007ffa43f80000 - 0x00007ffa43f8a000 	C:\Program Files\Java\latest\jdk-21\bin\management.dll
0x00007ffa43f10000 - 0x00007ffa43f1c000 	C:\Program Files\Java\latest\jdk-21\bin\management_ext.dll
0x00007ffa60af0000 - 0x00007ffa60af8000 	C:\WINDOWS\System32\PSAPI.DLL
0x00007ffa5bbe0000 - 0x00007ffa5bc12000 	C:\WINDOWS\SYSTEM32\IPHLPAPI.DLL
0x00007ffa5f770000 - 0x00007ffa5f77a000 	C:\WINDOWS\System32\NSI.dll
0x00007ffa455c0000 - 0x00007ffa455c9000 	C:\Program Files\Java\latest\jdk-21\bin\extnet.dll
0x00007ffa5ca90000 - 0x00007ffa5caab000 	C:\WINDOWS\SYSTEM32\CRYPTSP.dll
0x00007ffa5c170000 - 0x00007ffa5c1a9000 	C:\WINDOWS\system32\rsaenh.dll
0x00007ffa5c860000 - 0x00007ffa5c893000 	C:\WINDOWS\SYSTEM32\USERENV.dll
0x00007ffa5d3a0000 - 0x00007ffa5d3ca000 	C:\WINDOWS\SYSTEM32\bcrypt.dll
0x00007ffa5cab0000 - 0x00007ffa5cabc000 	C:\WINDOWS\SYSTEM32\CRYPTBASE.dll
0x00007ffa4c840000 - 0x00007ffa4c84e000 	C:\Program Files\Java\latest\jdk-21\bin\sunmscapi.dll
0x00007ffa5e690000 - 0x00007ffa5e807000 	C:\WINDOWS\System32\CRYPT32.dll
0x00007ffa5ccb0000 - 0x00007ffa5cce0000 	C:\WINDOWS\SYSTEM32\ncrypt.dll
0x00007ffa5cc60000 - 0x00007ffa5cc9f000 	C:\WINDOWS\SYSTEM32\NTASN1.dll
0x00007ffa33370000 - 0x00007ffa33378000 	C:\WINDOWS\system32\wshunix.dll

dbghelp: loaded successfully - version: 4.0.5 - missing functions: none
symbol engine: initialized successfully - sym options: 0x614 - pdb path: .;C:\Program Files\Java\latest\jdk-21\bin;C:\WINDOWS\SYSTEM32;C:\WINDOWS\WinSxS\amd64_microsoft.windows.common-controls_6595b64144ccf1df_6.0.26100.8115_none_3e075c82e3354f9c;C:\Program Files\Java\latest\jdk-21\bin\server;C:\Users\soura\.gradle\native\1def1411415f61bf3af743bc5b6707747c0891f09f0c88961ee8f79bc544acac\windows-amd64;C:\Users\soura\.gradle\native\0.2.7\x86_64-windows-gnu

VM Arguments:
jvm_args: --add-opens=java.base/java.lang=ALL-UNNAMED --add-opens=java.base/java.lang.invoke=ALL-UNNAMED --add-opens=java.base/java.util=ALL-UNNAMED --add-opens=java.prefs/java.util.prefs=ALL-UNNAMED --add-exports=jdk.compiler/com.sun.tools.javac.api=ALL-UNNAMED --add-exports=jdk.compiler/com.sun.tools.javac.util=ALL-UNNAMED --add-opens=java.base/java.util=ALL-UNNAMED --add-opens=java.prefs/java.util.prefs=ALL-UNNAMED --add-opens=java.base/java.nio.charset=ALL-UNNAMED --add-opens=java.base/java.net=ALL-UNNAMED --add-opens=java.base/java.util.concurrent.atomic=ALL-UNNAMED --add-opens=java.xml/javax.xml.namespace=ALL-UNNAMED -Xmx2048m -Dfile.encoding=UTF-8 -Duser.country=IN -Duser.language=en -Duser.variant -javaagent:C:\Users\soura\.gradle\wrapper\dists\gradle-8.13-bin\5xuhj0ry160q40clulazy9h7d\gradle-8.13\lib\agents\gradle-instrumentation-agent-8.13.jar 
java_command: org.gradle.launcher.daemon.bootstrap.GradleDaemon 8.13
java_class_path (initial): C:\Users\soura\.gradle\wrapper\dists\gradle-8.13-bin\5xuhj0ry160q40clulazy9h7d\gradle-8.13\lib\gradle-daemon-main-8.13.jar
Launcher Type: SUN_STANDARD

[Global flags]
     intx CICompilerCount                          = 4                                         {product} {ergonomic}
     uint ConcGCThreads                            = 2                                         {product} {ergonomic}
     uint G1ConcRefinementThreads                  = 8                                         {product} {ergonomic}
   size_t G1HeapRegionSize                         = 1048576                                   {product} {ergonomic}
    uintx GCDrainStackTargetSize                   = 64                                        {product} {ergonomic}
   size_t InitialHeapSize                          = 132120576                                 {product} {ergonomic}
   size_t MarkStackSize                            = 4194304                                   {product} {ergonomic}
   size_t MaxHeapSize                              = 2147483648                                {product} {command line}
   size_t MaxNewSize                               = 1287651328                                {product} {ergonomic}
   size_t MinHeapDeltaBytes                        = 1048576                                   {product} {ergonomic}
   size_t MinHeapSize                              = 8388608                                   {product} {ergonomic}
    uintx NonNMethodCodeHeapSize                   = 5839372                                {pd product} {ergonomic}
    uintx NonProfiledCodeHeapSize                  = 122909434                              {pd product} {ergonomic}
    uintx ProfiledCodeHeapSize                     = 122909434                              {pd product} {ergonomic}
    uintx ReservedCodeCacheSize                    = 251658240                              {pd product} {ergonomic}
     bool SegmentedCodeCache                       = true                                      {product} {ergonomic}
   size_t SoftMaxHeapSize                          = 2147483648                             {manageable} {ergonomic}
     bool UseCompressedOops                        = true                           {product lp64_product} {ergonomic}
     bool UseG1GC                                  = true                                      {product} {ergonomic}
     bool UseLargePagesIndividualAllocation        = false                                  {pd product} {ergonomic}

Logging:
Log output configuration:
 #0: stdout all=warning uptime,level,tags foldmultilines=false
 #1: stderr all=off uptime,level,tags foldmultilines=false

Environment Variables:
JAVA_HOME=C:\Program Files\Java\latest\jdk-21
CLASSPATH=A:\PROJECTS\PlacementApp\\gradle\wrapper\gradle-wrapper.jar
PATH=a:\Cursor\resources\app\resources\helpers;C:\Program Files\Java\latest\jdk-21\bin;C:\WINDOWS\system32;C:\WINDOWS;C:\WINDOWS\System32\Wbem;C:\WINDOWS\System32\WindowsPowerShell\v1.0\;C:\WINDOWS\System32\OpenSSH\;C:\msys64\mingw64\bin;C:\Program Files\HP\HP One Agent;C:\Program Files\HP\Common\HPDestPlgIn\;C:\Program Files (x86)\HP\Common\HPDestPlgIn\;C:\ProgramData\chocolatey\bin;C:\WINDOWS\system32;C:\WINDOWS;C:\WINDOWS\System32\Wbem;C:\WINDOWS\System32\WindowsPowerShell\v1.0\;C:\WINDOWS\System32\OpenSSH\;C:\Program Files\Docker\Docker\resources\bin;A:\PROJECTS\kobweb-0.9.21\bin;C:\Program Files\Java\latest\jdk-21\bin;A:\Git\cmd;A:\Node\;C:\Program Files\Java\latest\jdk-21;C:\Users\soura\AppData\Local\Microsoft\WindowsApps;C:\Program Files\Azure Data Studio\bin;C:\Users\soura\AppData\Local\Programs\Microsoft VS Code Insiders\bin;A:\IntelliJ IDEA Community Edition 2024.2.3\bin;C:\Program Files\HP\Common\HPDestPlgIn\;C:\Program Files (x86)\HP\Common\HPDestPlgIn\;A:\Git\cmd;A:\Java\bin;A:\cursor\resources\app\bin;C:\Users\soura\AppData\Local\spicetify;C:\Users\soura\AppData\Roaming\npm;A:\Node;C:\Program Files\Java\latest\jdk-21
USERNAME=soura
TERM=dumb
OS=Windows_NT
PROCESSOR_IDENTIFIER=Intel64 Family 6 Model 140 Stepping 2, GenuineIntel
TMP=C:\Users\soura\AppData\Local\Temp
TEMP=C:\Users\soura\AppData\Local\Temp




Periodic native trim disabled

---------------  S Y S T E M  ---------------

OS:
 Windows 11 , 64 bit Build 26100 (10.0.26100.8246)
OS uptime: 3 days 5:30 hours
Hyper-V role detected

CPU: total 8 (initial active 8) (4 cores per cpu, 2 threads per core) family 6 model 140 stepping 2 microcode 0x2c, cx8, cmov, fxsr, ht, mmx, 3dnowpref, sse, sse2, sse3, ssse3, sse4.1, sse4.2, popcnt, lzcnt, tsc, tscinvbit, avx, avx2, aes, erms, clmul, bmi1, bmi2, adx, avx512f, avx512dq, avx512cd, avx512bw, avx512vl, sha, fma, vzeroupper, avx512_vpopcntdq, avx512_vpclmulqdq, avx512_vaes, avx512_vnni, clflush, clflushopt, clwb, avx512_vbmi2, avx512_vbmi, hv, rdtscp, rdpid, fsrm, gfni, avx512_bitalg, f16c, cet_ibt, cet_ss, avx512_ifma
Processor Information for all 8 processors :
  Max Mhz: 2496, Current Mhz: 2496, Mhz Limit: 2496

Memory: 4k page, system-wide physical 7941M (198M free)
TotalPageFile size 26572M (AvailPageFile size 5M)
current process WorkingSet (physical memory assigned to process): 205M, peak: 241M
current process commit charge ("private bytes"): 357M, peak: 357M

vm_info: Java HotSpot(TM) 64-Bit Server VM (21.0.10+8-LTS-217) for windows-amd64 JRE (21.0.10+8-LTS-217), built on 2025-12-18T14:59:28Z by "mach5run" with MS VC++ 17.13 (VS2022)

END.
