#
# There is insufficient memory for the Java Runtime Environment to continue.
# Native memory allocation (mmap) failed to map 484442112 bytes for G1 virtual space
# Possible reasons:
#   The system is out of physical RAM or swap space
#   The process is running with CompressedOops enabled, and the Java Heap may be blocking the growth of the native heap
# Possible solutions:
#   Reduce memory load on the system
#   Increase physical memory or swap space
#   Check if swap backing store is full
#   Decrease Java heap size (-Xmx/-Xms)
#   Decrease number of Java threads
#   Decrease Java thread stack sizes (-Xss)
#   Set larger code cache with -XX:ReservedCodeCacheSize=
#   JVM is running with Unscaled Compressed Oops mode in which the Java heap is
#     placed in the first 4GB address space. The Java Heap base address is the
#     maximum limit for the native heap growth. Please use -XX:HeapBaseMinAddress
#     to set the Java Heap base and to place the Java Heap above 4GB virtual address.
# This output file may be truncated or incomplete.
#
#  Out of Memory Error (os_windows.cpp:3604), pid=12188, tid=12308
#
# JRE version: Java(TM) SE Runtime Environment (21.0.10+8) (build 21.0.10+8-LTS-217)
# Java VM: Java HotSpot(TM) 64-Bit Server VM (21.0.10+8-LTS-217, mixed mode, sharing, tiered, compressed oops, compressed class ptrs, g1 gc, windows-amd64)
# No core dump will be written. Minidumps are not enabled by default on client versions of Windows
#

---------------  S U M M A R Y ------------

Command Line: org.jetbrains.kotlin.cli.jvm.K2JVMCompiler @A:\PROJECTS\PlacementApp\app\build\20260408_126338770114626139.compiler.options

Host: 11th Gen Intel(R) Core(TM) i5-1155G7 @ 2.50GHz, 8 cores, 7G,  Windows 11 , 64 bit Build 26100 (10.0.26100.7920)
Time: Wed Apr  8 20:11:16 2026 India Standard Time elapsed time: 25.945276 seconds (0d 0h 0m 25s)

---------------  T H R E A D  ---------------

Current thread (0x000001b297ab1900):  VMThread "VM Thread"          [id=12308, stack(0x0000004c95200000,0x0000004c95300000) (1024K)]

Stack: [0x0000004c95200000,0x0000004c95300000]
Native frames: (J=compiled Java code, j=interpreted, Vv=VM code, C=native code)
V  [jvm.dll+0x6d0b59]
V  [jvm.dll+0x85fd56]
V  [jvm.dll+0x86224e]
V  [jvm.dll+0x862923]
V  [jvm.dll+0x282a16]
V  [jvm.dll+0x6cd405]
V  [jvm.dll+0x6c1f8a]
V  [jvm.dll+0x35bcc8]
V  [jvm.dll+0x363986]
V  [jvm.dll+0x3b4a3e]
V  [jvm.dll+0x3b4ce8]
V  [jvm.dll+0x32f98c]
V  [jvm.dll+0x32fa17]
V  [jvm.dll+0x373c9c]
V  [jvm.dll+0x372441]
V  [jvm.dll+0x32f0d1]
V  [jvm.dll+0x371aaa]
V  [jvm.dll+0x86861f]
V  [jvm.dll+0x8699ac]
V  [jvm.dll+0x869ee1]
V  [jvm.dll+0x86a183]
V  [jvm.dll+0x80a83d]
V  [jvm.dll+0x6cf3fd]
C  [ucrtbase.dll+0x37b0]
C  [KERNEL32.DLL+0x2e8d7]
C  [ntdll.dll+0x8c48c]

VM_Operation (0x0000004c94bef9d0): G1CollectForAllocation, mode: safepoint, requested by thread 0x000001b2f8de1510


---------------  P R O C E S S  ---------------

Threads class SMR info:
_java_thread_list=0x000001b2de29fe30, length=13, elements={
0x000001b2f8de1510, 0x000001b297ad4750, 0x000001b297ad5ed0, 0x000001b297ada230,
0x000001b297adad80, 0x000001b297adb8d0, 0x000001b297add140, 0x000001b297ae9850,
0x000001b297af1c10, 0x000001b2dd102970, 0x000001b2dd1071b0, 0x000001b2dfeaecc0,
0x000001b2dfeaf390
}

Java Threads: ( => current thread )
  0x000001b2f8de1510 JavaThread "main"                              [_thread_blocked, id=4396, stack(0x0000004c94b00000,0x0000004c94c00000) (1024K)]
  0x000001b297ad4750 JavaThread "Reference Handler"          daemon [_thread_blocked, id=17680, stack(0x0000004c95300000,0x0000004c95400000) (1024K)]
  0x000001b297ad5ed0 JavaThread "Finalizer"                  daemon [_thread_blocked, id=23680, stack(0x0000004c95400000,0x0000004c95500000) (1024K)]
  0x000001b297ada230 JavaThread "Signal Dispatcher"          daemon [_thread_blocked, id=17880, stack(0x0000004c95500000,0x0000004c95600000) (1024K)]
  0x000001b297adad80 JavaThread "Attach Listener"            daemon [_thread_blocked, id=16748, stack(0x0000004c95600000,0x0000004c95700000) (1024K)]
  0x000001b297adb8d0 JavaThread "Service Thread"             daemon [_thread_blocked, id=3276, stack(0x0000004c95700000,0x0000004c95800000) (1024K)]
  0x000001b297add140 JavaThread "Monitor Deflation Thread"   daemon [_thread_blocked, id=4708, stack(0x0000004c95800000,0x0000004c95900000) (1024K)]
  0x000001b297ae9850 JavaThread "C2 CompilerThread0"         daemon [_thread_blocked, id=4284, stack(0x0000004c95900000,0x0000004c95a00000) (1024K)]
  0x000001b297af1c10 JavaThread "C1 CompilerThread0"         daemon [_thread_blocked, id=17492, stack(0x0000004c95a00000,0x0000004c95b00000) (1024K)]
  0x000001b2dd102970 JavaThread "Notification Thread"        daemon [_thread_blocked, id=20648, stack(0x0000004c95b00000,0x0000004c95c00000) (1024K)]
  0x000001b2dd1071b0 JavaThread "Common-Cleaner"             daemon [_thread_blocked, id=16376, stack(0x0000004c95c00000,0x0000004c95d00000) (1024K)]
  0x000001b2dfeaecc0 JavaThread "C2 CompilerThread1"         daemon [_thread_blocked, id=2776, stack(0x0000004c96400000,0x0000004c96500000) (1024K)]
  0x000001b2dfeaf390 JavaThread "C2 CompilerThread2"         daemon [_thread_blocked, id=24220, stack(0x0000004c96600000,0x0000004c96700000) (1024K)]
Total: 13

Other Threads:
=>0x000001b297ab1900 VMThread "VM Thread"                           [id=12308, stack(0x0000004c95200000,0x0000004c95300000) (1024K)]
  0x000001b297a9d820 WatcherThread "VM Periodic Task Thread"        [id=24328, stack(0x0000004c95100000,0x0000004c95200000) (1024K)]
  0x000001b2fb16dd00 WorkerThread "GC Thread#0"                     [id=15956, stack(0x0000004c94c00000,0x0000004c94d00000) (1024K)]
  0x000001b2dd8013a0 WorkerThread "GC Thread#1"                     [id=9712, stack(0x0000004c95d00000,0x0000004c95e00000) (1024K)]
  0x000001b2dd801750 WorkerThread "GC Thread#2"                     [id=14580, stack(0x0000004c95e00000,0x0000004c95f00000) (1024K)]
  0x000001b2dd7e2020 WorkerThread "GC Thread#3"                     [id=14504, stack(0x0000004c95f00000,0x0000004c96000000) (1024K)]
  0x000001b2dd81ccf0 WorkerThread "GC Thread#4"                     [id=13348, stack(0x0000004c96000000,0x0000004c96100000) (1024K)]
  0x000001b2dd81d0a0 WorkerThread "GC Thread#5"                     [id=11508, stack(0x0000004c96100000,0x0000004c96200000) (1024K)]
  0x000001b2ddbfc670 WorkerThread "GC Thread#6"                     [id=12504, stack(0x0000004c96200000,0x0000004c96300000) (1024K)]
  0x000001b2ddbfca20 WorkerThread "GC Thread#7"                     [id=18316, stack(0x0000004c96300000,0x0000004c96400000) (1024K)]
  0x000001b2fb17e3d0 ConcurrentGCThread "G1 Main Marker"            [id=13592, stack(0x0000004c94d00000,0x0000004c94e00000) (1024K)]
  0x000001b2fb180190 WorkerThread "G1 Conc#0"                       [id=2548, stack(0x0000004c94e00000,0x0000004c94f00000) (1024K)]
  0x000001b2de5e05a0 WorkerThread "G1 Conc#1"                       [id=18200, stack(0x0000004c96500000,0x0000004c96600000) (1024K)]
  0x000001b29796a520 ConcurrentGCThread "G1 Refine#0"               [id=17624, stack(0x0000004c94f00000,0x0000004c95000000) (1024K)]
  0x000001b29796ad50 ConcurrentGCThread "G1 Service"                [id=6596, stack(0x0000004c95000000,0x0000004c95100000) (1024K)]
Total: 15

Threads with active compile tasks:
C2 CompilerThread0    25973 11067       4       org.jetbrains.kotlin.fir.deserialization.FirTypeDeserializer::<init> (685 bytes)
C2 CompilerThread1    25973 11013       4       org.jetbrains.kotlin.fir.resolve.calls.stages.ArgumentCheckingProcessor::resolveArgumentExpression (261 bytes)
C2 CompilerThread2    25973 10834       4       org.jetbrains.kotlin.fir.resolve.calls.tower.MemberScopeTowerLevel::processMembers (676 bytes)
Total: 3

VM state: at safepoint (normal execution)

VM Mutex/Monitor currently owned by a thread:  ([mutex/lock_event])
[0x00007ffc13e79f10] Threads_lock - owner thread: 0x000001b297ab1900
[0x00007ffc13e7a010] Heap_lock - owner thread: 0x000001b2f8de1510

Heap address: 0x0000000083e00000, size: 1986 MB, Compressed Oops mode: 32-bit

CDS archive(s) mapped at: [0x000001b298000000-0x000001b298c90000-0x000001b298c90000), size 13172736, SharedBaseAddress: 0x000001b298000000, ArchiveRelocationMode: 1.
Compressed class space mapped at: 0x000001b299000000-0x000001b2d9000000, reserved size: 1073741824
Narrow klass base: 0x000001b298000000, Narrow klass shift: 0, Narrow klass range: 0x100000000

GC Precious Log:
 CardTable entry size: 512
 Card Set container configuration: InlinePtr #cards 5 size 8 Array Of Cards #cards 12 size 40 Howl #buckets 4 coarsen threshold 1843 Howl Bitmap #cards 512 size 80 coarsen threshold 460 Card regions per heap region 1 cards per card region 2048
 CPUs: 8 total, 8 available
 Memory: 7941M
 Large Page Support: Disabled
 NUMA Support: Disabled
 Compressed Oops: Enabled (32-bit)
 Heap Region Size: 1M
 Heap Min Capacity: 8M
 Heap Initial Capacity: 126M
 Heap Max Capacity: 1986M
 Pre-touch: Disabled
 Parallel Workers: 8
 Concurrent Workers: 2
 Concurrent Refinement Workers: 8
 Periodic GC: Disabled

Heap:
 garbage-first heap   total 285696K, used 163209K [0x0000000083e00000, 0x0000000100000000)
  region size 1024K, 2 young (2048K), 2 survivors (2048K)
 Metaspace       used 54878K, committed 55232K, reserved 1114112K
  class space    used 6089K, committed 6272K, reserved 1048576K

Heap Regions: E=young(eden), S=young(survivor), O=old, HS=humongous(starts), HC=humongous(continues), CS=collection set, F=free, TAMS=top-at-mark-start, PB=parsable bottom
|   0|0x0000000083e00000, 0x0000000083f00000, 0x0000000083f00000|100%|HS|  |TAMS 0x0000000083e00000| PB 0x0000000083e00000| Complete 
|   1|0x0000000083f00000, 0x0000000084000000, 0x0000000084000000|100%|HC|  |TAMS 0x0000000083f00000| PB 0x0000000083f00000| Complete 
|   2|0x0000000084000000, 0x0000000084100000, 0x0000000084100000|100%|HC|  |TAMS 0x0000000084000000| PB 0x0000000084000000| Complete 
|   3|0x0000000084100000, 0x0000000084200000, 0x0000000084200000|100%| O|  |TAMS 0x0000000084100000| PB 0x0000000084100000| Untracked 
|   4|0x0000000084200000, 0x0000000084300000, 0x0000000084300000|100%| O|  |TAMS 0x0000000084200000| PB 0x0000000084200000| Untracked 
|   5|0x0000000084300000, 0x0000000084400000, 0x0000000084400000|100%| O|  |TAMS 0x0000000084300000| PB 0x0000000084300000| Untracked 
|   6|0x0000000084400000, 0x0000000084500000, 0x0000000084500000|100%| O|  |TAMS 0x0000000084400000| PB 0x0000000084400000| Untracked 
|   7|0x0000000084500000, 0x0000000084600000, 0x0000000084600000|100%| O|  |TAMS 0x0000000084500000| PB 0x0000000084500000| Untracked 
|   8|0x0000000084600000, 0x0000000084700000, 0x0000000084700000|100%| O|  |TAMS 0x0000000084600000| PB 0x0000000084600000| Untracked 
|   9|0x0000000084700000, 0x0000000084800000, 0x0000000084800000|100%| O|  |TAMS 0x0000000084700000| PB 0x0000000084700000| Untracked 
|  10|0x0000000084800000, 0x0000000084900000, 0x0000000084900000|100%| O|  |TAMS 0x0000000084800000| PB 0x0000000084800000| Untracked 
|  11|0x0000000084900000, 0x0000000084a00000, 0x0000000084a00000|100%| O|  |TAMS 0x0000000084900000| PB 0x0000000084900000| Untracked 
|  12|0x0000000084a00000, 0x0000000084b00000, 0x0000000084b00000|100%| O|  |TAMS 0x0000000084a00000| PB 0x0000000084a00000| Untracked 
|  13|0x0000000084b00000, 0x0000000084c00000, 0x0000000084c00000|100%| O|  |TAMS 0x0000000084b00000| PB 0x0000000084b00000| Untracked 
|  14|0x0000000084c00000, 0x0000000084d00000, 0x0000000084d00000|100%| O|  |TAMS 0x0000000084c00000| PB 0x0000000084c00000| Untracked 
|  15|0x0000000084d00000, 0x0000000084e00000, 0x0000000084e00000|100%| O|  |TAMS 0x0000000084d00000| PB 0x0000000084d00000| Untracked 
|  16|0x0000000084e00000, 0x0000000084f00000, 0x0000000084f00000|100%| O|  |TAMS 0x0000000084e00000| PB 0x0000000084e00000| Untracked 
|  17|0x0000000084f00000, 0x0000000085000000, 0x0000000085000000|100%| O|  |TAMS 0x0000000084f00000| PB 0x0000000084f00000| Untracked 
|  18|0x0000000085000000, 0x0000000085100000, 0x0000000085100000|100%| O|  |TAMS 0x0000000085000000| PB 0x0000000085000000| Untracked 
|  19|0x0000000085100000, 0x0000000085200000, 0x0000000085200000|100%| O|  |TAMS 0x0000000085100000| PB 0x0000000085100000| Untracked 
|  20|0x0000000085200000, 0x0000000085300000, 0x0000000085300000|100%| O|  |TAMS 0x0000000085200000| PB 0x0000000085200000| Untracked 
|  21|0x0000000085300000, 0x0000000085400000, 0x0000000085400000|100%| O|  |TAMS 0x0000000085300000| PB 0x0000000085300000| Untracked 
|  22|0x0000000085400000, 0x0000000085500000, 0x0000000085500000|100%| O|  |TAMS 0x0000000085400000| PB 0x0000000085400000| Untracked 
|  23|0x0000000085500000, 0x0000000085600000, 0x0000000085600000|100%| O|  |TAMS 0x0000000085500000| PB 0x0000000085500000| Untracked 
|  24|0x0000000085600000, 0x0000000085700000, 0x0000000085700000|100%| O|  |TAMS 0x0000000085600000| PB 0x0000000085600000| Untracked 
|  25|0x0000000085700000, 0x0000000085800000, 0x0000000085800000|100%| O|  |TAMS 0x0000000085700000| PB 0x0000000085700000| Untracked 
|  26|0x0000000085800000, 0x0000000085900000, 0x0000000085900000|100%| O|  |TAMS 0x0000000085800000| PB 0x0000000085800000| Untracked 
|  27|0x0000000085900000, 0x0000000085a00000, 0x0000000085a00000|100%| O|  |TAMS 0x0000000085900000| PB 0x0000000085900000| Untracked 
|  28|0x0000000085a00000, 0x0000000085b00000, 0x0000000085b00000|100%| O|  |TAMS 0x0000000085a00000| PB 0x0000000085a00000| Untracked 
|  29|0x0000000085b00000, 0x0000000085c00000, 0x0000000085c00000|100%| O|  |TAMS 0x0000000085b00000| PB 0x0000000085b00000| Untracked 
|  30|0x0000000085c00000, 0x0000000085d00000, 0x0000000085d00000|100%| O|  |TAMS 0x0000000085c00000| PB 0x0000000085c00000| Untracked 
|  31|0x0000000085d00000, 0x0000000085e00000, 0x0000000085e00000|100%| O|  |TAMS 0x0000000085d00000| PB 0x0000000085d00000| Untracked 
|  32|0x0000000085e00000, 0x0000000085f00000, 0x0000000085f00000|100%| O|  |TAMS 0x0000000085e00000| PB 0x0000000085e00000| Untracked 
|  33|0x0000000085f00000, 0x0000000086000000, 0x0000000086000000|100%| O|  |TAMS 0x0000000085f00000| PB 0x0000000085f00000| Untracked 
|  34|0x0000000086000000, 0x0000000086100000, 0x0000000086100000|100%| O|  |TAMS 0x0000000086000000| PB 0x0000000086000000| Untracked 
|  35|0x0000000086100000, 0x0000000086200000, 0x0000000086200000|100%| O|  |TAMS 0x0000000086100000| PB 0x0000000086100000| Untracked 
|  36|0x0000000086200000, 0x0000000086300000, 0x0000000086300000|100%| O|  |TAMS 0x0000000086200000| PB 0x0000000086200000| Untracked 
|  37|0x0000000086300000, 0x0000000086400000, 0x0000000086400000|100%| O|  |TAMS 0x0000000086300000| PB 0x0000000086300000| Untracked 
|  38|0x0000000086400000, 0x0000000086500000, 0x0000000086500000|100%| O|  |TAMS 0x0000000086400000| PB 0x0000000086400000| Untracked 
|  39|0x0000000086500000, 0x0000000086600000, 0x0000000086600000|100%| O|  |TAMS 0x0000000086500000| PB 0x0000000086500000| Untracked 
|  40|0x0000000086600000, 0x0000000086700000, 0x0000000086700000|100%| O|  |TAMS 0x0000000086600000| PB 0x0000000086600000| Untracked 
|  41|0x0000000086700000, 0x0000000086800000, 0x0000000086800000|100%| O|  |TAMS 0x0000000086700000| PB 0x0000000086700000| Untracked 
|  42|0x0000000086800000, 0x0000000086900000, 0x0000000086900000|100%| O|  |TAMS 0x0000000086800000| PB 0x0000000086800000| Untracked 
|  43|0x0000000086900000, 0x0000000086a00000, 0x0000000086a00000|100%| O|  |TAMS 0x0000000086900000| PB 0x0000000086900000| Untracked 
|  44|0x0000000086a00000, 0x0000000086b00000, 0x0000000086b00000|100%| O|  |TAMS 0x0000000086a00000| PB 0x0000000086a00000| Untracked 
|  45|0x0000000086b00000, 0x0000000086c00000, 0x0000000086c00000|100%| O|  |TAMS 0x0000000086b00000| PB 0x0000000086b00000| Untracked 
|  46|0x0000000086c00000, 0x0000000086d00000, 0x0000000086d00000|100%| O|  |TAMS 0x0000000086c00000| PB 0x0000000086c00000| Untracked 
|  47|0x0000000086d00000, 0x0000000086e00000, 0x0000000086e00000|100%| O|  |TAMS 0x0000000086d00000| PB 0x0000000086d00000| Untracked 
|  48|0x0000000086e00000, 0x0000000086f00000, 0x0000000086f00000|100%| O|  |TAMS 0x0000000086e00000| PB 0x0000000086e00000| Untracked 
|  49|0x0000000086f00000, 0x0000000087000000, 0x0000000087000000|100%| O|  |TAMS 0x0000000086f00000| PB 0x0000000086f00000| Untracked 
|  50|0x0000000087000000, 0x0000000087100000, 0x0000000087100000|100%| O|  |TAMS 0x0000000087000000| PB 0x0000000087000000| Untracked 
|  51|0x0000000087100000, 0x0000000087200000, 0x0000000087200000|100%| O|  |TAMS 0x0000000087100000| PB 0x0000000087100000| Untracked 
|  52|0x0000000087200000, 0x0000000087300000, 0x0000000087300000|100%| O|  |TAMS 0x0000000087200000| PB 0x0000000087200000| Untracked 
|  53|0x0000000087300000, 0x0000000087400000, 0x0000000087400000|100%| O|  |TAMS 0x0000000087300000| PB 0x0000000087300000| Untracked 
|  54|0x0000000087400000, 0x0000000087500000, 0x0000000087500000|100%| O|  |TAMS 0x0000000087400000| PB 0x0000000087400000| Untracked 
|  55|0x0000000087500000, 0x0000000087600000, 0x0000000087600000|100%| O|  |TAMS 0x0000000087500000| PB 0x0000000087500000| Untracked 
|  56|0x0000000087600000, 0x0000000087700000, 0x0000000087700000|100%| O|  |TAMS 0x0000000087600000| PB 0x0000000087600000| Untracked 
|  57|0x0000000087700000, 0x0000000087800000, 0x0000000087800000|100%| O|  |TAMS 0x0000000087700000| PB 0x0000000087700000| Untracked 
|  58|0x0000000087800000, 0x0000000087900000, 0x0000000087900000|100%| O|  |TAMS 0x0000000087800000| PB 0x0000000087800000| Untracked 
|  59|0x0000000087900000, 0x0000000087a00000, 0x0000000087a00000|100%| O|  |TAMS 0x0000000087900000| PB 0x0000000087900000| Untracked 
|  60|0x0000000087a00000, 0x0000000087b00000, 0x0000000087b00000|100%| O|  |TAMS 0x0000000087a00000| PB 0x0000000087a00000| Untracked 
|  61|0x0000000087b00000, 0x0000000087c00000, 0x0000000087c00000|100%| O|  |TAMS 0x0000000087b00000| PB 0x0000000087b00000| Untracked 
|  62|0x0000000087c00000, 0x0000000087d00000, 0x0000000087d00000|100%| O|  |TAMS 0x0000000087c00000| PB 0x0000000087c00000| Untracked 
|  63|0x0000000087d00000, 0x0000000087e00000, 0x0000000087e00000|100%| O|  |TAMS 0x0000000087d00000| PB 0x0000000087d00000| Untracked 
|  64|0x0000000087e00000, 0x0000000087f00000, 0x0000000087f00000|100%| O|  |TAMS 0x0000000087e00000| PB 0x0000000087e00000| Untracked 
|  65|0x0000000087f00000, 0x0000000088000000, 0x0000000088000000|100%| O|  |TAMS 0x0000000087f00000| PB 0x0000000087f00000| Untracked 
|  66|0x0000000088000000, 0x0000000088100000, 0x0000000088100000|100%| O|  |TAMS 0x0000000088000000| PB 0x0000000088000000| Untracked 
|  67|0x0000000088100000, 0x0000000088200000, 0x0000000088200000|100%| O|  |TAMS 0x0000000088100000| PB 0x0000000088100000| Untracked 
|  68|0x0000000088200000, 0x0000000088300000, 0x0000000088300000|100%| O|  |TAMS 0x0000000088200000| PB 0x0000000088200000| Untracked 
|  69|0x0000000088300000, 0x0000000088400000, 0x0000000088400000|100%| O|  |TAMS 0x0000000088300000| PB 0x0000000088300000| Untracked 
|  70|0x0000000088400000, 0x0000000088500000, 0x0000000088500000|100%| O|  |TAMS 0x0000000088400000| PB 0x0000000088400000| Untracked 
|  71|0x0000000088500000, 0x0000000088600000, 0x0000000088600000|100%| O|  |TAMS 0x0000000088500000| PB 0x0000000088500000| Untracked 
|  72|0x0000000088600000, 0x0000000088700000, 0x0000000088700000|100%| O|  |TAMS 0x0000000088600000| PB 0x0000000088600000| Untracked 
|  73|0x0000000088700000, 0x0000000088800000, 0x0000000088800000|100%| O|  |TAMS 0x0000000088700000| PB 0x0000000088700000| Untracked 
|  74|0x0000000088800000, 0x0000000088900000, 0x0000000088900000|100%| O|  |TAMS 0x0000000088800000| PB 0x0000000088800000| Untracked 
|  75|0x0000000088900000, 0x0000000088a00000, 0x0000000088a00000|100%| O|  |TAMS 0x0000000088900000| PB 0x0000000088900000| Untracked 
|  76|0x0000000088a00000, 0x0000000088b00000, 0x0000000088b00000|100%| O|  |TAMS 0x0000000088a00000| PB 0x0000000088a00000| Untracked 
|  77|0x0000000088b00000, 0x0000000088c00000, 0x0000000088c00000|100%| O|  |TAMS 0x0000000088b00000| PB 0x0000000088b00000| Untracked 
|  78|0x0000000088c00000, 0x0000000088d00000, 0x0000000088d00000|100%| O|  |TAMS 0x0000000088c00000| PB 0x0000000088c00000| Untracked 
|  79|0x0000000088d00000, 0x0000000088e00000, 0x0000000088e00000|100%| O|  |TAMS 0x0000000088d00000| PB 0x0000000088d00000| Untracked 
|  80|0x0000000088e00000, 0x0000000088f00000, 0x0000000088f00000|100%| O|  |TAMS 0x0000000088e00000| PB 0x0000000088e00000| Untracked 
|  81|0x0000000088f00000, 0x0000000089000000, 0x0000000089000000|100%| O|  |TAMS 0x0000000088f00000| PB 0x0000000088f00000| Untracked 
|  82|0x0000000089000000, 0x0000000089100000, 0x0000000089100000|100%| O|  |TAMS 0x0000000089000000| PB 0x0000000089000000| Untracked 
|  83|0x0000000089100000, 0x0000000089200000, 0x0000000089200000|100%| O|  |TAMS 0x0000000089100000| PB 0x0000000089100000| Untracked 
|  84|0x0000000089200000, 0x0000000089300000, 0x0000000089300000|100%| O|  |TAMS 0x0000000089200000| PB 0x0000000089200000| Untracked 
|  85|0x0000000089300000, 0x0000000089400000, 0x0000000089400000|100%| O|  |TAMS 0x0000000089300000| PB 0x0000000089300000| Untracked 
|  86|0x0000000089400000, 0x0000000089500000, 0x0000000089500000|100%| O|  |TAMS 0x0000000089400000| PB 0x0000000089400000| Untracked 
|  87|0x0000000089500000, 0x0000000089600000, 0x0000000089600000|100%| O|  |TAMS 0x0000000089500000| PB 0x0000000089500000| Untracked 
|  88|0x0000000089600000, 0x0000000089700000, 0x0000000089700000|100%| O|  |TAMS 0x0000000089600000| PB 0x0000000089600000| Untracked 
|  89|0x0000000089700000, 0x0000000089800000, 0x0000000089800000|100%| O|  |TAMS 0x0000000089700000| PB 0x0000000089700000| Untracked 
|  90|0x0000000089800000, 0x0000000089900000, 0x0000000089900000|100%| O|  |TAMS 0x0000000089800000| PB 0x0000000089800000| Untracked 
|  91|0x0000000089900000, 0x0000000089a00000, 0x0000000089a00000|100%| O|  |TAMS 0x0000000089900000| PB 0x0000000089900000| Untracked 
|  92|0x0000000089a00000, 0x0000000089b00000, 0x0000000089b00000|100%| O|  |TAMS 0x0000000089a00000| PB 0x0000000089a00000| Untracked 
|  93|0x0000000089b00000, 0x0000000089c00000, 0x0000000089c00000|100%| O|  |TAMS 0x0000000089b00000| PB 0x0000000089b00000| Untracked 
|  94|0x0000000089c00000, 0x0000000089d00000, 0x0000000089d00000|100%| O|  |TAMS 0x0000000089c00000| PB 0x0000000089c00000| Untracked 
|  95|0x0000000089d00000, 0x0000000089e00000, 0x0000000089e00000|100%| O|  |TAMS 0x0000000089d00000| PB 0x0000000089d00000| Untracked 
|  96|0x0000000089e00000, 0x0000000089f00000, 0x0000000089f00000|100%| O|  |TAMS 0x0000000089e00000| PB 0x0000000089e00000| Untracked 
|  97|0x0000000089f00000, 0x000000008a000000, 0x000000008a000000|100%| O|  |TAMS 0x0000000089f00000| PB 0x0000000089f00000| Untracked 
|  98|0x000000008a000000, 0x000000008a100000, 0x000000008a100000|100%| O|  |TAMS 0x000000008a000000| PB 0x000000008a000000| Untracked 
|  99|0x000000008a100000, 0x000000008a200000, 0x000000008a200000|100%| O|  |TAMS 0x000000008a100000| PB 0x000000008a100000| Untracked 
| 100|0x000000008a200000, 0x000000008a300000, 0x000000008a300000|100%| O|  |TAMS 0x000000008a200000| PB 0x000000008a200000| Untracked 
| 101|0x000000008a300000, 0x000000008a400000, 0x000000008a400000|100%| O|  |TAMS 0x000000008a300000| PB 0x000000008a300000| Untracked 
| 102|0x000000008a400000, 0x000000008a500000, 0x000000008a500000|100%| O|  |TAMS 0x000000008a400000| PB 0x000000008a400000| Untracked 
| 103|0x000000008a500000, 0x000000008a600000, 0x000000008a600000|100%| O|  |TAMS 0x000000008a500000| PB 0x000000008a500000| Untracked 
| 104|0x000000008a600000, 0x000000008a700000, 0x000000008a700000|100%| O|  |TAMS 0x000000008a600000| PB 0x000000008a600000| Untracked 
| 105|0x000000008a700000, 0x000000008a800000, 0x000000008a800000|100%| O|  |TAMS 0x000000008a700000| PB 0x000000008a700000| Untracked 
| 106|0x000000008a800000, 0x000000008a900000, 0x000000008a900000|100%| O|  |TAMS 0x000000008a800000| PB 0x000000008a800000| Untracked 
| 107|0x000000008a900000, 0x000000008aa00000, 0x000000008aa00000|100%| O|  |TAMS 0x000000008a900000| PB 0x000000008a900000| Untracked 
| 108|0x000000008aa00000, 0x000000008ab00000, 0x000000008ab00000|100%| O|  |TAMS 0x000000008aa00000| PB 0x000000008aa00000| Untracked 
| 109|0x000000008ab00000, 0x000000008ac00000, 0x000000008ac00000|100%| O|  |TAMS 0x000000008ab00000| PB 0x000000008ab00000| Untracked 
| 110|0x000000008ac00000, 0x000000008ad00000, 0x000000008ad00000|100%| O|  |TAMS 0x000000008ac00000| PB 0x000000008ac00000| Untracked 
| 111|0x000000008ad00000, 0x000000008ae00000, 0x000000008ae00000|100%| O|  |TAMS 0x000000008ad00000| PB 0x000000008ad00000| Untracked 
| 112|0x000000008ae00000, 0x000000008af00000, 0x000000008af00000|100%| O|  |TAMS 0x000000008ae00000| PB 0x000000008ae00000| Untracked 
| 113|0x000000008af00000, 0x000000008b000000, 0x000000008b000000|100%| O|  |TAMS 0x000000008af00000| PB 0x000000008af00000| Untracked 
| 114|0x000000008b000000, 0x000000008b100000, 0x000000008b100000|100%| O|  |TAMS 0x000000008b000000| PB 0x000000008b000000| Untracked 
| 115|0x000000008b100000, 0x000000008b200000, 0x000000008b200000|100%| O|  |TAMS 0x000000008b100000| PB 0x000000008b100000| Untracked 
| 116|0x000000008b200000, 0x000000008b300000, 0x000000008b300000|100%| O|  |TAMS 0x000000008b200000| PB 0x000000008b200000| Untracked 
| 117|0x000000008b300000, 0x000000008b400000, 0x000000008b400000|100%| O|  |TAMS 0x000000008b300000| PB 0x000000008b300000| Untracked 
| 118|0x000000008b400000, 0x000000008b500000, 0x000000008b500000|100%| O|  |TAMS 0x000000008b400000| PB 0x000000008b400000| Untracked 
| 119|0x000000008b500000, 0x000000008b600000, 0x000000008b600000|100%| O|  |TAMS 0x000000008b500000| PB 0x000000008b500000| Untracked 
| 120|0x000000008b600000, 0x000000008b700000, 0x000000008b700000|100%| O|  |TAMS 0x000000008b600000| PB 0x000000008b600000| Untracked 
| 121|0x000000008b700000, 0x000000008b800000, 0x000000008b800000|100%| O|  |TAMS 0x000000008b700000| PB 0x000000008b700000| Untracked 
| 122|0x000000008b800000, 0x000000008b900000, 0x000000008b900000|100%| O|  |TAMS 0x000000008b800000| PB 0x000000008b800000| Untracked 
| 123|0x000000008b900000, 0x000000008ba00000, 0x000000008ba00000|100%| O|  |TAMS 0x000000008b900000| PB 0x000000008b900000| Untracked 
| 124|0x000000008ba00000, 0x000000008bb00000, 0x000000008bb00000|100%| O|  |TAMS 0x000000008ba00000| PB 0x000000008ba00000| Untracked 
| 125|0x000000008bb00000, 0x000000008bc00000, 0x000000008bc00000|100%| O|  |TAMS 0x000000008bb00000| PB 0x000000008bb00000| Untracked 
| 126|0x000000008bc00000, 0x000000008bd00000, 0x000000008bd00000|100%| O|  |TAMS 0x000000008bc00000| PB 0x000000008bc00000| Untracked 
| 127|0x000000008bd00000, 0x000000008be00000, 0x000000008be00000|100%| O|  |TAMS 0x000000008bd00000| PB 0x000000008bd00000| Untracked 
| 128|0x000000008be00000, 0x000000008bf00000, 0x000000008bf00000|100%| O|  |TAMS 0x000000008be00000| PB 0x000000008be00000| Untracked 
| 129|0x000000008bf00000, 0x000000008c000000, 0x000000008c000000|100%| O|  |TAMS 0x000000008bf00000| PB 0x000000008bf00000| Untracked 
| 130|0x000000008c000000, 0x000000008c100000, 0x000000008c100000|100%| O|  |TAMS 0x000000008c000000| PB 0x000000008c000000| Untracked 
| 131|0x000000008c100000, 0x000000008c200000, 0x000000008c200000|100%| O|  |TAMS 0x000000008c100000| PB 0x000000008c100000| Untracked 
| 132|0x000000008c200000, 0x000000008c300000, 0x000000008c300000|100%| O|  |TAMS 0x000000008c200000| PB 0x000000008c200000| Untracked 
| 133|0x000000008c300000, 0x000000008c400000, 0x000000008c400000|100%| O|  |TAMS 0x000000008c300000| PB 0x000000008c300000| Untracked 
| 134|0x000000008c400000, 0x000000008c500000, 0x000000008c500000|100%| O|  |TAMS 0x000000008c400000| PB 0x000000008c400000| Untracked 
| 135|0x000000008c500000, 0x000000008c600000, 0x000000008c600000|100%| O|  |TAMS 0x000000008c500000| PB 0x000000008c500000| Untracked 
| 136|0x000000008c600000, 0x000000008c700000, 0x000000008c700000|100%| O|  |TAMS 0x000000008c600000| PB 0x000000008c600000| Untracked 
| 137|0x000000008c700000, 0x000000008c800000, 0x000000008c800000|100%| O|  |TAMS 0x000000008c700000| PB 0x000000008c700000| Untracked 
| 138|0x000000008c800000, 0x000000008c900000, 0x000000008c900000|100%| O|  |TAMS 0x000000008c800000| PB 0x000000008c800000| Untracked 
| 139|0x000000008c900000, 0x000000008ca00000, 0x000000008ca00000|100%| O|  |TAMS 0x000000008c900000| PB 0x000000008c900000| Untracked 
| 140|0x000000008ca00000, 0x000000008cb00000, 0x000000008cb00000|100%| O|  |TAMS 0x000000008ca00000| PB 0x000000008ca00000| Untracked 
| 141|0x000000008cb00000, 0x000000008cc00000, 0x000000008cc00000|100%| O|  |TAMS 0x000000008cb00000| PB 0x000000008cb00000| Untracked 
| 142|0x000000008cc00000, 0x000000008cd00000, 0x000000008cd00000|100%| O|  |TAMS 0x000000008cc00000| PB 0x000000008cc00000| Untracked 
| 143|0x000000008cd00000, 0x000000008ce00000, 0x000000008ce00000|100%| O|  |TAMS 0x000000008cd00000| PB 0x000000008cd00000| Untracked 
| 144|0x000000008ce00000, 0x000000008cf00000, 0x000000008cf00000|100%| O|  |TAMS 0x000000008ce00000| PB 0x000000008ce00000| Untracked 
| 145|0x000000008cf00000, 0x000000008d000000, 0x000000008d000000|100%| O|  |TAMS 0x000000008cf00000| PB 0x000000008cf00000| Untracked 
| 146|0x000000008d000000, 0x000000008d062660, 0x000000008d100000| 38%| O|  |TAMS 0x000000008d000000| PB 0x000000008d000000| Untracked 
| 147|0x000000008d100000, 0x000000008d100000, 0x000000008d200000|  0%| F|  |TAMS 0x000000008d100000| PB 0x000000008d100000| Untracked 
| 148|0x000000008d200000, 0x000000008d200000, 0x000000008d300000|  0%| F|  |TAMS 0x000000008d200000| PB 0x000000008d200000| Untracked 
| 149|0x000000008d300000, 0x000000008d300000, 0x000000008d400000|  0%| F|  |TAMS 0x000000008d300000| PB 0x000000008d300000| Untracked 
| 150|0x000000008d400000, 0x000000008d400000, 0x000000008d500000|  0%| F|  |TAMS 0x000000008d400000| PB 0x000000008d400000| Untracked 
| 151|0x000000008d500000, 0x000000008d500000, 0x000000008d600000|  0%| F|  |TAMS 0x000000008d500000| PB 0x000000008d500000| Untracked 
| 152|0x000000008d600000, 0x000000008d600000, 0x000000008d700000|  0%| F|  |TAMS 0x000000008d600000| PB 0x000000008d600000| Untracked 
| 153|0x000000008d700000, 0x000000008d700000, 0x000000008d800000|  0%| F|  |TAMS 0x000000008d700000| PB 0x000000008d700000| Untracked 
| 154|0x000000008d800000, 0x000000008d800000, 0x000000008d900000|  0%| F|  |TAMS 0x000000008d800000| PB 0x000000008d800000| Untracked 
| 155|0x000000008d900000, 0x000000008d900000, 0x000000008da00000|  0%| F|  |TAMS 0x000000008d900000| PB 0x000000008d900000| Untracked 
| 156|0x000000008da00000, 0x000000008da00000, 0x000000008db00000|  0%| F|  |TAMS 0x000000008da00000| PB 0x000000008da00000| Untracked 
| 157|0x000000008db00000, 0x000000008db00000, 0x000000008dc00000|  0%| F|  |TAMS 0x000000008db00000| PB 0x000000008db00000| Untracked 
| 158|0x000000008dc00000, 0x000000008dc00000, 0x000000008dd00000|  0%| F|  |TAMS 0x000000008dc00000| PB 0x000000008dc00000| Untracked 
| 159|0x000000008dd00000, 0x000000008dd00000, 0x000000008de00000|  0%| F|  |TAMS 0x000000008dd00000| PB 0x000000008dd00000| Untracked 
| 160|0x000000008de00000, 0x000000008de00000, 0x000000008df00000|  0%| F|  |TAMS 0x000000008de00000| PB 0x000000008de00000| Untracked 
| 161|0x000000008df00000, 0x000000008df00000, 0x000000008e000000|  0%| F|  |TAMS 0x000000008df00000| PB 0x000000008df00000| Untracked 
| 162|0x000000008e000000, 0x000000008e000000, 0x000000008e100000|  0%| F|  |TAMS 0x000000008e000000| PB 0x000000008e000000| Untracked 
| 163|0x000000008e100000, 0x000000008e100000, 0x000000008e200000|  0%| F|  |TAMS 0x000000008e100000| PB 0x000000008e100000| Untracked 
| 164|0x000000008e200000, 0x000000008e200000, 0x000000008e300000|  0%| F|  |TAMS 0x000000008e200000| PB 0x000000008e200000| Untracked 
| 165|0x000000008e300000, 0x000000008e300000, 0x000000008e400000|  0%| F|  |TAMS 0x000000008e300000| PB 0x000000008e300000| Untracked 
| 166|0x000000008e400000, 0x000000008e400000, 0x000000008e500000|  0%| F|  |TAMS 0x000000008e400000| PB 0x000000008e400000| Untracked 
| 167|0x000000008e500000, 0x000000008e500000, 0x000000008e600000|  0%| F|  |TAMS 0x000000008e500000| PB 0x000000008e500000| Untracked 
| 168|0x000000008e600000, 0x000000008e600000, 0x000000008e700000|  0%| F|  |TAMS 0x000000008e600000| PB 0x000000008e600000| Untracked 
| 169|0x000000008e700000, 0x000000008e700000, 0x000000008e800000|  0%| F|  |TAMS 0x000000008e700000| PB 0x000000008e700000| Untracked 
| 170|0x000000008e800000, 0x000000008e800000, 0x000000008e900000|  0%| F|  |TAMS 0x000000008e800000| PB 0x000000008e800000| Untracked 
| 171|0x000000008e900000, 0x000000008e900000, 0x000000008ea00000|  0%| F|  |TAMS 0x000000008e900000| PB 0x000000008e900000| Untracked 
| 172|0x000000008ea00000, 0x000000008ea00000, 0x000000008eb00000|  0%| F|  |TAMS 0x000000008ea00000| PB 0x000000008ea00000| Untracked 
| 173|0x000000008eb00000, 0x000000008eb00000, 0x000000008ec00000|  0%| F|  |TAMS 0x000000008eb00000| PB 0x000000008eb00000| Untracked 
| 174|0x000000008ec00000, 0x000000008ec00000, 0x000000008ed00000|  0%| F|  |TAMS 0x000000008ec00000| PB 0x000000008ec00000| Untracked 
| 175|0x000000008ed00000, 0x000000008ed00000, 0x000000008ee00000|  0%| F|  |TAMS 0x000000008ed00000| PB 0x000000008ed00000| Untracked 
| 176|0x000000008ee00000, 0x000000008ee00000, 0x000000008ef00000|  0%| F|  |TAMS 0x000000008ee00000| PB 0x000000008ee00000| Untracked 
| 177|0x000000008ef00000, 0x000000008ef00000, 0x000000008f000000|  0%| F|  |TAMS 0x000000008ef00000| PB 0x000000008ef00000| Untracked 
| 178|0x000000008f000000, 0x000000008f000000, 0x000000008f100000|  0%| F|  |TAMS 0x000000008f000000| PB 0x000000008f000000| Untracked 
| 179|0x000000008f100000, 0x000000008f100000, 0x000000008f200000|  0%| F|  |TAMS 0x000000008f100000| PB 0x000000008f100000| Untracked 
| 180|0x000000008f200000, 0x000000008f200000, 0x000000008f300000|  0%| F|  |TAMS 0x000000008f200000| PB 0x000000008f200000| Untracked 
| 181|0x000000008f300000, 0x000000008f300000, 0x000000008f400000|  0%| F|  |TAMS 0x000000008f300000| PB 0x000000008f300000| Untracked 
| 182|0x000000008f400000, 0x000000008f400000, 0x000000008f500000|  0%| F|  |TAMS 0x000000008f400000| PB 0x000000008f400000| Untracked 
| 183|0x000000008f500000, 0x000000008f500000, 0x000000008f600000|  0%| F|  |TAMS 0x000000008f500000| PB 0x000000008f500000| Untracked 
| 184|0x000000008f600000, 0x000000008f600000, 0x000000008f700000|  0%| F|  |TAMS 0x000000008f600000| PB 0x000000008f600000| Untracked 
| 185|0x000000008f700000, 0x000000008f700000, 0x000000008f800000|  0%| F|  |TAMS 0x000000008f700000| PB 0x000000008f700000| Untracked 
| 186|0x000000008f800000, 0x000000008f800000, 0x000000008f900000|  0%| F|  |TAMS 0x000000008f800000| PB 0x000000008f800000| Untracked 
| 187|0x000000008f900000, 0x000000008f900000, 0x000000008fa00000|  0%| F|  |TAMS 0x000000008f900000| PB 0x000000008f900000| Untracked 
| 188|0x000000008fa00000, 0x000000008fa00000, 0x000000008fb00000|  0%| F|  |TAMS 0x000000008fa00000| PB 0x000000008fa00000| Untracked 
| 189|0x000000008fb00000, 0x000000008fb00000, 0x000000008fc00000|  0%| F|  |TAMS 0x000000008fb00000| PB 0x000000008fb00000| Untracked 
| 190|0x000000008fc00000, 0x000000008fc00000, 0x000000008fd00000|  0%| F|  |TAMS 0x000000008fc00000| PB 0x000000008fc00000| Untracked 
| 191|0x000000008fd00000, 0x000000008fd00000, 0x000000008fe00000|  0%| F|  |TAMS 0x000000008fd00000| PB 0x000000008fd00000| Untracked 
| 192|0x000000008fe00000, 0x000000008fe00000, 0x000000008ff00000|  0%| F|  |TAMS 0x000000008fe00000| PB 0x000000008fe00000| Untracked 
| 193|0x000000008ff00000, 0x000000008ff00000, 0x0000000090000000|  0%| F|  |TAMS 0x000000008ff00000| PB 0x000000008ff00000| Untracked 
| 194|0x0000000090000000, 0x0000000090000000, 0x0000000090100000|  0%| F|  |TAMS 0x0000000090000000| PB 0x0000000090000000| Untracked 
| 195|0x0000000090100000, 0x0000000090100000, 0x0000000090200000|  0%| F|  |TAMS 0x0000000090100000| PB 0x0000000090100000| Untracked 
| 196|0x0000000090200000, 0x0000000090200000, 0x0000000090300000|  0%| F|  |TAMS 0x0000000090200000| PB 0x0000000090200000| Untracked 
| 197|0x0000000090300000, 0x0000000090300000, 0x0000000090400000|  0%| F|  |TAMS 0x0000000090300000| PB 0x0000000090300000| Untracked 
| 198|0x0000000090400000, 0x0000000090400000, 0x0000000090500000|  0%| F|  |TAMS 0x0000000090400000| PB 0x0000000090400000| Untracked 
| 199|0x0000000090500000, 0x0000000090500000, 0x0000000090600000|  0%| F|  |TAMS 0x0000000090500000| PB 0x0000000090500000| Untracked 
| 200|0x0000000090600000, 0x0000000090600000, 0x0000000090700000|  0%| F|  |TAMS 0x0000000090600000| PB 0x0000000090600000| Untracked 
| 201|0x0000000090700000, 0x0000000090700000, 0x0000000090800000|  0%| F|  |TAMS 0x0000000090700000| PB 0x0000000090700000| Untracked 
| 202|0x0000000090800000, 0x0000000090800000, 0x0000000090900000|  0%| F|  |TAMS 0x0000000090800000| PB 0x0000000090800000| Untracked 
| 203|0x0000000090900000, 0x0000000090900000, 0x0000000090a00000|  0%| F|  |TAMS 0x0000000090900000| PB 0x0000000090900000| Untracked 
| 204|0x0000000090a00000, 0x0000000090a00000, 0x0000000090b00000|  0%| F|  |TAMS 0x0000000090a00000| PB 0x0000000090a00000| Untracked 
| 205|0x0000000090b00000, 0x0000000090b00000, 0x0000000090c00000|  0%| F|  |TAMS 0x0000000090b00000| PB 0x0000000090b00000| Untracked 
| 206|0x0000000090c00000, 0x0000000090c00000, 0x0000000090d00000|  0%| F|  |TAMS 0x0000000090c00000| PB 0x0000000090c00000| Untracked 
| 207|0x0000000090d00000, 0x0000000090d00000, 0x0000000090e00000|  0%| F|  |TAMS 0x0000000090d00000| PB 0x0000000090d00000| Untracked 
| 208|0x0000000090e00000, 0x0000000090e00000, 0x0000000090f00000|  0%| F|  |TAMS 0x0000000090e00000| PB 0x0000000090e00000| Untracked 
| 209|0x0000000090f00000, 0x0000000090f00000, 0x0000000091000000|  0%| F|  |TAMS 0x0000000090f00000| PB 0x0000000090f00000| Untracked 
| 210|0x0000000091000000, 0x0000000091000000, 0x0000000091100000|  0%| F|  |TAMS 0x0000000091000000| PB 0x0000000091000000| Untracked 
| 211|0x0000000091100000, 0x0000000091100000, 0x0000000091200000|  0%| F|  |TAMS 0x0000000091100000| PB 0x0000000091100000| Untracked 
| 212|0x0000000091200000, 0x0000000091200000, 0x0000000091300000|  0%| F|  |TAMS 0x0000000091200000| PB 0x0000000091200000| Untracked 
| 213|0x0000000091300000, 0x0000000091300000, 0x0000000091400000|  0%| F|  |TAMS 0x0000000091300000| PB 0x0000000091300000| Untracked 
| 214|0x0000000091400000, 0x0000000091400000, 0x0000000091500000|  0%| F|  |TAMS 0x0000000091400000| PB 0x0000000091400000| Untracked 
| 215|0x0000000091500000, 0x0000000091500000, 0x0000000091600000|  0%| F|  |TAMS 0x0000000091500000| PB 0x0000000091500000| Untracked 
| 216|0x0000000091600000, 0x0000000091600000, 0x0000000091700000|  0%| F|  |TAMS 0x0000000091600000| PB 0x0000000091600000| Untracked 
| 217|0x0000000091700000, 0x0000000091700000, 0x0000000091800000|  0%| F|  |TAMS 0x0000000091700000| PB 0x0000000091700000| Untracked 
| 218|0x0000000091800000, 0x0000000091800000, 0x0000000091900000|  0%| F|  |TAMS 0x0000000091800000| PB 0x0000000091800000| Untracked 
| 219|0x0000000091900000, 0x0000000091900000, 0x0000000091a00000|  0%| F|  |TAMS 0x0000000091900000| PB 0x0000000091900000| Untracked 
| 220|0x0000000091a00000, 0x0000000091a00000, 0x0000000091b00000|  0%| F|  |TAMS 0x0000000091a00000| PB 0x0000000091a00000| Untracked 
| 221|0x0000000091b00000, 0x0000000091b00000, 0x0000000091c00000|  0%| F|  |TAMS 0x0000000091b00000| PB 0x0000000091b00000| Untracked 
| 222|0x0000000091c00000, 0x0000000091c00000, 0x0000000091d00000|  0%| F|  |TAMS 0x0000000091c00000| PB 0x0000000091c00000| Untracked 
| 223|0x0000000091d00000, 0x0000000091d00000, 0x0000000091e00000|  0%| F|  |TAMS 0x0000000091d00000| PB 0x0000000091d00000| Untracked 
| 224|0x0000000091e00000, 0x0000000091e00000, 0x0000000091f00000|  0%| F|  |TAMS 0x0000000091e00000| PB 0x0000000091e00000| Untracked 
| 225|0x0000000091f00000, 0x0000000091f00000, 0x0000000092000000|  0%| F|  |TAMS 0x0000000091f00000| PB 0x0000000091f00000| Untracked 
| 226|0x0000000092000000, 0x0000000092000000, 0x0000000092100000|  0%| F|  |TAMS 0x0000000092000000| PB 0x0000000092000000| Untracked 
| 227|0x0000000092100000, 0x0000000092100000, 0x0000000092200000|  0%| F|  |TAMS 0x0000000092100000| PB 0x0000000092100000| Untracked 
| 228|0x0000000092200000, 0x0000000092200000, 0x0000000092300000|  0%| F|  |TAMS 0x0000000092200000| PB 0x0000000092200000| Untracked 
| 229|0x0000000092300000, 0x0000000092300000, 0x0000000092400000|  0%| F|  |TAMS 0x0000000092300000| PB 0x0000000092300000| Untracked 
| 230|0x0000000092400000, 0x0000000092400000, 0x0000000092500000|  0%| F|  |TAMS 0x0000000092400000| PB 0x0000000092400000| Untracked 
| 231|0x0000000092500000, 0x0000000092500000, 0x0000000092600000|  0%| F|  |TAMS 0x0000000092500000| PB 0x0000000092500000| Untracked 
| 232|0x0000000092600000, 0x0000000092600000, 0x0000000092700000|  0%| F|  |TAMS 0x0000000092600000| PB 0x0000000092600000| Untracked 
| 233|0x0000000092700000, 0x0000000092700000, 0x0000000092800000|  0%| F|  |TAMS 0x0000000092700000| PB 0x0000000092700000| Untracked 
| 234|0x0000000092800000, 0x0000000092800000, 0x0000000092900000|  0%| F|  |TAMS 0x0000000092800000| PB 0x0000000092800000| Untracked 
| 235|0x0000000092900000, 0x0000000092900000, 0x0000000092a00000|  0%| F|  |TAMS 0x0000000092900000| PB 0x0000000092900000| Untracked 
| 236|0x0000000092a00000, 0x0000000092a00000, 0x0000000092b00000|  0%| F|  |TAMS 0x0000000092a00000| PB 0x0000000092a00000| Untracked 
| 237|0x0000000092b00000, 0x0000000092b00000, 0x0000000092c00000|  0%| F|  |TAMS 0x0000000092b00000| PB 0x0000000092b00000| Untracked 
| 238|0x0000000092c00000, 0x0000000092c00000, 0x0000000092d00000|  0%| F|  |TAMS 0x0000000092c00000| PB 0x0000000092c00000| Untracked 
| 239|0x0000000092d00000, 0x0000000092d00000, 0x0000000092e00000|  0%| F|  |TAMS 0x0000000092d00000| PB 0x0000000092d00000| Untracked 
| 240|0x0000000092e00000, 0x0000000092e00000, 0x0000000092f00000|  0%| F|  |TAMS 0x0000000092e00000| PB 0x0000000092e00000| Untracked 
| 241|0x0000000092f00000, 0x0000000092f00000, 0x0000000093000000|  0%| F|  |TAMS 0x0000000092f00000| PB 0x0000000092f00000| Untracked 
| 242|0x0000000093000000, 0x0000000093000000, 0x0000000093100000|  0%| F|  |TAMS 0x0000000093000000| PB 0x0000000093000000| Untracked 
| 243|0x0000000093100000, 0x0000000093100000, 0x0000000093200000|  0%| F|  |TAMS 0x0000000093100000| PB 0x0000000093100000| Untracked 
| 244|0x0000000093200000, 0x0000000093200000, 0x0000000093300000|  0%| F|  |TAMS 0x0000000093200000| PB 0x0000000093200000| Untracked 
| 245|0x0000000093300000, 0x0000000093300000, 0x0000000093400000|  0%| F|  |TAMS 0x0000000093300000| PB 0x0000000093300000| Untracked 
| 246|0x0000000093400000, 0x0000000093400000, 0x0000000093500000|  0%| F|  |TAMS 0x0000000093400000| PB 0x0000000093400000| Untracked 
| 247|0x0000000093500000, 0x0000000093500000, 0x0000000093600000|  0%| F|  |TAMS 0x0000000093500000| PB 0x0000000093500000| Untracked 
| 248|0x0000000093600000, 0x0000000093600000, 0x0000000093700000|  0%| F|  |TAMS 0x0000000093600000| PB 0x0000000093600000| Untracked 
| 249|0x0000000093700000, 0x0000000093700000, 0x0000000093800000|  0%| F|  |TAMS 0x0000000093700000| PB 0x0000000093700000| Untracked 
| 250|0x0000000093800000, 0x0000000093800000, 0x0000000093900000|  0%| F|  |TAMS 0x0000000093800000| PB 0x0000000093800000| Untracked 
| 251|0x0000000093900000, 0x0000000093900000, 0x0000000093a00000|  0%| F|  |TAMS 0x0000000093900000| PB 0x0000000093900000| Untracked 
| 252|0x0000000093a00000, 0x0000000093a00000, 0x0000000093b00000|  0%| F|  |TAMS 0x0000000093a00000| PB 0x0000000093a00000| Untracked 
| 253|0x0000000093b00000, 0x0000000093c00000, 0x0000000093c00000|100%| S|CS|TAMS 0x0000000093b00000| PB 0x0000000093b00000| Complete 
| 254|0x0000000093c00000, 0x0000000093d00000, 0x0000000093d00000|100%| S|CS|TAMS 0x0000000093c00000| PB 0x0000000093c00000| Complete 
| 255|0x0000000093d00000, 0x0000000093d00000, 0x0000000093e00000|  0%| F|  |TAMS 0x0000000093d00000| PB 0x0000000093d00000| Untracked 
| 256|0x0000000093e00000, 0x0000000093e00000, 0x0000000093f00000|  0%| F|  |TAMS 0x0000000093e00000| PB 0x0000000093e00000| Untracked 
| 257|0x0000000093f00000, 0x0000000093f00000, 0x0000000094000000|  0%| F|  |TAMS 0x0000000093f00000| PB 0x0000000093f00000| Untracked 
| 258|0x0000000094000000, 0x0000000094000000, 0x0000000094100000|  0%| F|  |TAMS 0x0000000094000000| PB 0x0000000094000000| Untracked 
| 259|0x0000000094100000, 0x0000000094100000, 0x0000000094200000|  0%| F|  |TAMS 0x0000000094100000| PB 0x0000000094100000| Untracked 
| 260|0x0000000094200000, 0x0000000094200000, 0x0000000094300000|  0%| F|  |TAMS 0x0000000094200000| PB 0x0000000094200000| Untracked 
| 261|0x0000000094300000, 0x0000000094300000, 0x0000000094400000|  0%| F|  |TAMS 0x0000000094300000| PB 0x0000000094300000| Untracked 
| 262|0x0000000094400000, 0x0000000094400000, 0x0000000094500000|  0%| F|  |TAMS 0x0000000094400000| PB 0x0000000094400000| Untracked 
| 263|0x0000000094500000, 0x0000000094500000, 0x0000000094600000|  0%| F|  |TAMS 0x0000000094500000| PB 0x0000000094500000| Untracked 
| 264|0x0000000094600000, 0x0000000094600000, 0x0000000094700000|  0%| F|  |TAMS 0x0000000094600000| PB 0x0000000094600000| Untracked 
| 265|0x0000000094700000, 0x0000000094700000, 0x0000000094800000|  0%| F|  |TAMS 0x0000000094700000| PB 0x0000000094700000| Untracked 
| 266|0x0000000094800000, 0x0000000094800000, 0x0000000094900000|  0%| F|  |TAMS 0x0000000094800000| PB 0x0000000094800000| Untracked 
| 267|0x0000000094900000, 0x0000000094900000, 0x0000000094a00000|  0%| F|  |TAMS 0x0000000094900000| PB 0x0000000094900000| Untracked 
|1975|0x00000000ff500000, 0x00000000ff600000, 0x00000000ff600000|100%| O|  |TAMS 0x00000000ff500000| PB 0x00000000ff500000| Untracked 
|1976|0x00000000ff600000, 0x00000000ff700000, 0x00000000ff700000|100%| O|  |TAMS 0x00000000ff600000| PB 0x00000000ff600000| Untracked 
|1977|0x00000000ff700000, 0x00000000ff800000, 0x00000000ff800000|100%| O|  |TAMS 0x00000000ff700000| PB 0x00000000ff700000| Untracked 
|1978|0x00000000ff800000, 0x00000000ff900000, 0x00000000ff900000|100%| O|  |TAMS 0x00000000ff800000| PB 0x00000000ff800000| Untracked 
|1979|0x00000000ff900000, 0x00000000ffa00000, 0x00000000ffa00000|100%| O|  |TAMS 0x00000000ff900000| PB 0x00000000ff900000| Untracked 
|1980|0x00000000ffa00000, 0x00000000ffb00000, 0x00000000ffb00000|100%| O|  |TAMS 0x00000000ffa00000| PB 0x00000000ffa00000| Untracked 
|1981|0x00000000ffb00000, 0x00000000ffc00000, 0x00000000ffc00000|100%| O|  |TAMS 0x00000000ffb00000| PB 0x00000000ffb00000| Untracked 
|1982|0x00000000ffc00000, 0x00000000ffd00000, 0x00000000ffd00000|100%| O|  |TAMS 0x00000000ffc00000| PB 0x00000000ffc00000| Untracked 
|1983|0x00000000ffd00000, 0x00000000ffe00000, 0x00000000ffe00000|100%| O|  |TAMS 0x00000000ffd00000| PB 0x00000000ffd00000| Untracked 
|1984|0x00000000ffe00000, 0x00000000fff00000, 0x00000000fff00000|100%| O|  |TAMS 0x00000000ffe00000| PB 0x00000000ffe00000| Untracked 
|1985|0x00000000fff00000, 0x0000000100000000, 0x0000000100000000|100%| O|  |TAMS 0x00000000fff00000| PB 0x00000000fff00000| Untracked 

Card table byte_map: [0x000001b2fb900000,0x000001b2fbcf0000] _byte_map_base: 0x000001b2fb4e1000

Marking Bits: (CMBitMap*) 0x000001b2fb16e2b0
 Bits: [0x000001b2fbcf0000, 0x000001b2fdbf8000)

Polling page: 0x000001b2f9280000

Metaspace:

Usage:
  Non-class:     47.64 MB used.
      Class:      5.95 MB used.
       Both:     53.59 MB used.

Virtual space:
  Non-class space:       64.00 MB reserved,      47.81 MB ( 75%) committed,  1 nodes.
      Class space:        1.00 GB reserved,       6.12 MB ( <1%) committed,  1 nodes.
             Both:        1.06 GB reserved,      53.94 MB (  5%) committed. 

Chunk freelists:
   Non-Class:  15.25 MB
       Class:  9.92 MB
        Both:  25.17 MB

MaxMetaspaceSize: unlimited
CompressedClassSpaceSize: 1.00 GB
Initial GC threshold: 21.00 MB
Current GC threshold: 89.62 MB
CDS: on
 - commit_granule_bytes: 65536.
 - commit_granule_words: 8192.
 - virtual_space_node_default_size: 8388608.
 - enlarge_chunks_in_place: 1.
 - use_allocation_guard: 0.


Internal statistics:

num_allocs_failed_limit: 6.
num_arena_births: 338.
num_arena_deaths: 0.
num_vsnodes_births: 2.
num_vsnodes_deaths: 0.
num_space_committed: 861.
num_space_uncommitted: 0.
num_chunks_returned_to_freelist: 6.
num_chunks_taken_from_freelist: 2240.
num_chunk_merges: 6.
num_chunk_splits: 1823.
num_chunks_enlarged: 1637.
num_inconsistent_stats: 0.

CodeHeap 'non-profiled nmethods': size=120000Kb used=7561Kb max_used=8016Kb free=112438Kb
 bounds [0x000001b28feb0000, 0x000001b290690000, 0x000001b2973e0000]
CodeHeap 'profiled nmethods': size=120000Kb used=32105Kb max_used=35199Kb free=87894Kb
 bounds [0x000001b2883e0000, 0x000001b28a650000, 0x000001b28f910000]
CodeHeap 'non-nmethods': size=5760Kb used=1888Kb max_used=1936Kb free=3871Kb
 bounds [0x000001b28f910000, 0x000001b28fb80000, 0x000001b28feb0000]
 total_blobs=10180 nmethods=9490 adapters=590
 compilation: enabled
              stopped_count=0, restarted_count=0
 full_count=0

Compilation events (20 events):
Event: 23.869 Thread 0x000001b297af1c10 11061       1       org.jetbrains.kotlin.fir.declarations.impl.FirAnonymousObjectImpl::getModuleData (5 bytes)
Event: 23.869 Thread 0x000001b297af1c10 nmethod 11061 0x000001b290475210 code [0x000001b2904753a0, 0x000001b290475468]
Event: 23.869 Thread 0x000001b297af1c10 11044       1       org.jetbrains.kotlin.types.TypeApproximatorConfiguration::getApproximateIntersectionTypesInContravariantPositions (2 bytes)
Event: 23.869 Thread 0x000001b297af1c10 nmethod 11044 0x000001b290474f10 code [0x000001b2904750a0, 0x000001b290475168]
Event: 23.869 Thread 0x000001b297af1c10 11046       1       org.jetbrains.kotlin.types.TypeApproximatorConfiguration$AbstractCapturedTypesAndILTApproximation::getApproximateAllFlexible (2 bytes)
Event: 23.869 Thread 0x000001b297af1c10 nmethod 11046 0x000001b290474c10 code [0x000001b290474da0, 0x000001b290474e68]
Event: 23.869 Thread 0x000001b297af1c10 11065       1       org.jetbrains.kotlin.fir.expressions.impl.FirEqualityOperatorCallImpl::getConeTypeOrNull (5 bytes)
Event: 23.869 Thread 0x000001b297af1c10 nmethod 11065 0x000001b290297a10 code [0x000001b290297ba0, 0x000001b290297c68]
Event: 23.869 Thread 0x000001b297af1c10 11051       1       org.jetbrains.kotlin.fir.resolve.dfa.RealVariable::getDependentVariables (5 bytes)
Event: 23.869 Thread 0x000001b297af1c10 nmethod 11051 0x000001b290297710 code [0x000001b2902978a0, 0x000001b290297968]
Event: 23.869 Thread 0x000001b297af1c10 11052       1       org.jetbrains.kotlin.kotlinx.collections.immutable.implementations.immutableMap.PersistentHashMapBuilder::getNode$kotlinx_collections_immutable (5 bytes)
Event: 23.869 Thread 0x000001b297af1c10 nmethod 11052 0x000001b290297410 code [0x000001b2902975a0, 0x000001b290297668]
Event: 23.869 Thread 0x000001b297af1c10 11063       1       org.jetbrains.kotlin.fir.expressions.impl.FirUnitExpression::getConeTypeOrNull (5 bytes)
Event: 23.869 Thread 0x000001b297af1c10 nmethod 11063 0x000001b290297110 code [0x000001b2902972a0, 0x000001b290297368]
Event: 23.869 Thread 0x000001b297af1c10 11062       1       org.jetbrains.kotlin.fir.resolve.transformers.body.resolve.FirAbstractBodyResolveTransformer$BodyResolveTransformerComponents::getOuterClassManager (5 bytes)
Event: 23.869 Thread 0x000001b297af1c10 nmethod 11062 0x000001b290296c10 code [0x000001b290296da0, 0x000001b290296e68]
Event: 23.887 Thread 0x000001b297ae9850 nmethod 10998 0x000001b290195410 code [0x000001b290195a60, 0x000001b29019acc0]
Event: 23.888 Thread 0x000001b297ae9850 10958       4       org.jetbrains.kotlin.fir.resolve.calls.stages.CollectTypeVariableUsagesInfo::check (186 bytes)
Event: 23.904 Thread 0x000001b297ae9850 nmethod 10958 0x000001b2901e4c10 code [0x000001b2901e4ee0, 0x000001b2901e5a20]
Event: 23.904 Thread 0x000001b297ae9850 11067       4       org.jetbrains.kotlin.fir.deserialization.FirTypeDeserializer::<init> (685 bytes)

GC Heap History (20 events):
Event: 16.604 GC heap after
{Heap after GC invocations=14 (full 0):
 garbage-first heap   total 184320K, used 100864K [0x0000000083e00000, 0x0000000100000000)
  region size 1024K, 9 young (9216K), 9 survivors (9216K)
 Metaspace       used 53296K, committed 53632K, reserved 1114112K
  class space    used 6009K, committed 6144K, reserved 1048576K
}
Event: 17.266 GC heap before
{Heap before GC invocations=14 (full 0):
 garbage-first heap   total 184320K, used 154112K [0x0000000083e00000, 0x0000000100000000)
  region size 1024K, 61 young (62464K), 9 survivors (9216K)
 Metaspace       used 53555K, committed 53952K, reserved 1114112K
  class space    used 6013K, committed 6208K, reserved 1048576K
}
Event: 17.281 GC heap after
{Heap after GC invocations=15 (full 0):
 garbage-first heap   total 184320K, used 111616K [0x0000000083e00000, 0x0000000100000000)
  region size 1024K, 8 young (8192K), 8 survivors (8192K)
 Metaspace       used 53555K, committed 53952K, reserved 1114112K
  class space    used 6013K, committed 6208K, reserved 1048576K
}
Event: 17.407 GC heap before
{Heap before GC invocations=15 (full 0):
 garbage-first heap   total 184320K, used 158720K [0x0000000083e00000, 0x0000000100000000)
  region size 1024K, 54 young (55296K), 8 survivors (8192K)
 Metaspace       used 53555K, committed 53952K, reserved 1114112K
  class space    used 6013K, committed 6208K, reserved 1048576K
}
Event: 17.416 GC heap after
{Heap after GC invocations=16 (full 0):
 garbage-first heap   total 184320K, used 122368K [0x0000000083e00000, 0x0000000100000000)
  region size 1024K, 7 young (7168K), 7 survivors (7168K)
 Metaspace       used 53555K, committed 53952K, reserved 1114112K
  class space    used 6013K, committed 6208K, reserved 1048576K
}
Event: 17.548 GC heap before
{Heap before GC invocations=17 (full 0):
 garbage-first heap   total 209920K, used 161280K [0x0000000083e00000, 0x0000000100000000)
  region size 1024K, 46 young (47104K), 7 survivors (7168K)
 Metaspace       used 53555K, committed 53952K, reserved 1114112K
  class space    used 6013K, committed 6208K, reserved 1048576K
}
Event: 17.555 GC heap after
{Heap after GC invocations=18 (full 0):
 garbage-first heap   total 209920K, used 131072K [0x0000000083e00000, 0x0000000100000000)
  region size 1024K, 6 young (6144K), 6 survivors (6144K)
 Metaspace       used 53555K, committed 53952K, reserved 1114112K
  class space    used 6013K, committed 6208K, reserved 1048576K
}
Event: 18.619 GC heap before
{Heap before GC invocations=18 (full 0):
 garbage-first heap   total 209920K, used 182272K [0x0000000083e00000, 0x0000000100000000)
  region size 1024K, 56 young (57344K), 6 survivors (6144K)
 Metaspace       used 53904K, committed 54272K, reserved 1114112K
  class space    used 6040K, committed 6208K, reserved 1048576K
}
Event: 18.632 GC heap after
{Heap after GC invocations=19 (full 0):
 garbage-first heap   total 285696K, used 137712K [0x0000000083e00000, 0x0000000100000000)
  region size 1024K, 7 young (7168K), 7 survivors (7168K)
 Metaspace       used 53904K, committed 54272K, reserved 1114112K
  class space    used 6040K, committed 6208K, reserved 1048576K
}
Event: 21.360 GC heap before
{Heap before GC invocations=19 (full 0):
 garbage-first heap   total 285696K, used 237040K [0x0000000083e00000, 0x0000000100000000)
  region size 1024K, 104 young (106496K), 7 survivors (7168K)
 Metaspace       used 54616K, committed 54976K, reserved 1114112K
  class space    used 6078K, committed 6272K, reserved 1048576K
}
Event: 21.375 GC heap after
{Heap after GC invocations=20 (full 0):
 garbage-first heap   total 285696K, used 147703K [0x0000000083e00000, 0x0000000100000000)
  region size 1024K, 10 young (10240K), 10 survivors (10240K)
 Metaspace       used 54616K, committed 54976K, reserved 1114112K
  class space    used 6078K, committed 6272K, reserved 1048576K
}
Event: 22.957 GC heap before
{Heap before GC invocations=21 (full 0):
 garbage-first heap   total 285696K, used 241911K [0x0000000083e00000, 0x0000000100000000)
  region size 1024K, 102 young (104448K), 10 survivors (10240K)
 Metaspace       used 54875K, committed 55232K, reserved 1114112K
  class space    used 6089K, committed 6272K, reserved 1048576K
}
Event: 23.851 GC heap after
{Heap after GC invocations=22 (full 0):
 garbage-first heap   total 285696K, used 155920K [0x0000000083e00000, 0x0000000100000000)
  region size 1024K, 9 young (9216K), 9 survivors (9216K)
 Metaspace       used 54875K, committed 55232K, reserved 1114112K
  class space    used 6089K, committed 6272K, reserved 1048576K
}
Event: 23.864 GC heap before
{Heap before GC invocations=22 (full 0):
 garbage-first heap   total 285696K, used 160016K [0x0000000083e00000, 0x0000000100000000)
  region size 1024K, 13 young (13312K), 9 survivors (9216K)
 Metaspace       used 54878K, committed 55232K, reserved 1114112K
  class space    used 6089K, committed 6272K, reserved 1048576K
}
Event: 23.868 GC heap after
{Heap after GC invocations=23 (full 0):
 garbage-first heap   total 285696K, used 156706K [0x0000000083e00000, 0x0000000100000000)
  region size 1024K, 2 young (2048K), 2 survivors (2048K)
 Metaspace       used 54878K, committed 55232K, reserved 1114112K
  class space    used 6089K, committed 6272K, reserved 1048576K
}
Event: 23.883 GC heap before
{Heap before GC invocations=23 (full 0):
 garbage-first heap   total 285696K, used 167970K [0x0000000083e00000, 0x0000000100000000)
  region size 1024K, 13 young (13312K), 2 survivors (2048K)
 Metaspace       used 54878K, committed 55232K, reserved 1114112K
  class space    used 6089K, committed 6272K, reserved 1048576K
}
Event: 23.885 GC heap after
{Heap after GC invocations=24 (full 0):
 garbage-first heap   total 285696K, used 158224K [0x0000000083e00000, 0x0000000100000000)
  region size 1024K, 2 young (2048K), 2 survivors (2048K)
 Metaspace       used 54878K, committed 55232K, reserved 1114112K
  class space    used 6089K, committed 6272K, reserved 1048576K
}
Event: 23.900 GC heap before
{Heap before GC invocations=24 (full 0):
 garbage-first heap   total 285696K, used 169488K [0x0000000083e00000, 0x0000000100000000)
  region size 1024K, 13 young (13312K), 2 survivors (2048K)
 Metaspace       used 54878K, committed 55232K, reserved 1114112K
  class space    used 6089K, committed 6272K, reserved 1048576K
}
Event: 23.903 GC heap after
{Heap after GC invocations=25 (full 0):
 garbage-first heap   total 285696K, used 160502K [0x0000000083e00000, 0x0000000100000000)
  region size 1024K, 2 young (2048K), 2 survivors (2048K)
 Metaspace       used 54878K, committed 55232K, reserved 1114112K
  class space    used 6089K, committed 6272K, reserved 1048576K
}
Event: 23.915 GC heap before
{Heap before GC invocations=25 (full 0):
 garbage-first heap   total 285696K, used 171766K [0x0000000083e00000, 0x0000000100000000)
  region size 1024K, 13 young (13312K), 2 survivors (2048K)
 Metaspace       used 54878K, committed 55232K, reserved 1114112K
  class space    used 6089K, committed 6272K, reserved 1048576K
}

Dll operation events (7 events):
Event: 0.035 Loaded shared library C:\Program Files\Java\latest\jdk-21\bin\java.dll
Event: 0.220 Loaded shared library C:\Program Files\Java\latest\jdk-21\bin\jsvml.dll
Event: 0.297 Loaded shared library C:\Program Files\Java\latest\jdk-21\bin\net.dll
Event: 0.301 Loaded shared library C:\Program Files\Java\latest\jdk-21\bin\nio.dll
Event: 0.345 Loaded shared library C:\Program Files\Java\latest\jdk-21\bin\zip.dll
Event: 0.402 Loaded shared library C:\Program Files\Java\latest\jdk-21\bin\jimage.dll
Event: 3.214 Loaded shared library C:\Program Files\Java\latest\jdk-21\bin\verify.dll

Deoptimization events (20 events):
Event: 21.938 Thread 0x000001b2f8de1510 Uncommon trap: trap_request=0xffffffde fr.pc=0x000001b2906666e8 relative=0x0000000000001408
Event: 21.938 Thread 0x000001b2f8de1510 Uncommon trap: reason=class_check action=maybe_recompile pc=0x000001b2906666e8 method=org.jetbrains.kotlin.fir.resolve.calls.candidate.CandidateFactoryKt.processConstraintStorageFromExpression(Lorg/jetbrains/kotlin/fir/expressions/FirStatement;Lkotlin/jvm
Event: 21.938 Thread 0x000001b2f8de1510 DEOPT PACKING pc=0x000001b2906666e8 sp=0x0000004c94bf3930
Event: 21.938 Thread 0x000001b2f8de1510 DEOPT UNPACKING pc=0x000001b28f967da2 sp=0x0000004c94bf36f8 mode 2
Event: 22.009 Thread 0x000001b2f8de1510 Uncommon trap: trap_request=0xffffff76 fr.pc=0x000001b2905bdda0 relative=0x0000000000001180
Event: 22.009 Thread 0x000001b2f8de1510 Uncommon trap: reason=predicate action=maybe_recompile pc=0x000001b2905bdda0 method=org.jetbrains.kotlin.fir.scopes.impl.AbstractFirUseSiteMemberScope.processPropertiesByName(Lorg/jetbrains/kotlin/name/Name;Lkotlin/jvm/functions/Function1;)V @ 101 c2
Event: 22.010 Thread 0x000001b2f8de1510 DEOPT PACKING pc=0x000001b2905bdda0 sp=0x0000004c94bfb090
Event: 22.010 Thread 0x000001b2f8de1510 DEOPT UNPACKING pc=0x000001b28f967da2 sp=0x0000004c94bfb060 mode 2
Event: 22.012 Thread 0x000001b2f8de1510 Uncommon trap: trap_request=0xffffffc6 fr.pc=0x000001b2905bb4e4 relative=0x0000000000000ba4
Event: 22.012 Thread 0x000001b2f8de1510 Uncommon trap: reason=bimorphic_or_optimized_type_check action=maybe_recompile pc=0x000001b2905bb4e4 method=org.jetbrains.kotlin.fir.resolve.calls.tower.TowerLevelsKt.hasExtensionReceiver(Lorg/jetbrains/kotlin/fir/symbols/impl/FirCallableSymbol;)Z @ 7 c2
Event: 22.012 Thread 0x000001b2f8de1510 DEOPT PACKING pc=0x000001b2905bb4e4 sp=0x0000004c94bfb1d0
Event: 22.012 Thread 0x000001b2f8de1510 DEOPT UNPACKING pc=0x000001b28f967da2 sp=0x0000004c94bfb010 mode 2
Event: 22.033 Thread 0x000001b2f8de1510 Uncommon trap: trap_request=0xfffffff4 fr.pc=0x000001b2901f7034 relative=0x0000000000002df4
Event: 22.033 Thread 0x000001b2f8de1510 Uncommon trap: reason=null_check action=make_not_entrant pc=0x000001b2901f7034 method=org.jetbrains.kotlin.fir.resolve.calls.stages.ArgumentCheckingProcessor.argumentTypeWithCustomConversion(Lorg/jetbrains/kotlin/fir/types/ConeInferenceContext;Lorg/jetbra
Event: 22.033 Thread 0x000001b2f8de1510 DEOPT PACKING pc=0x000001b2901f7034 sp=0x0000004c94bfbad0
Event: 22.033 Thread 0x000001b2f8de1510 DEOPT UNPACKING pc=0x000001b28f967da2 sp=0x0000004c94bfb6c8 mode 2
Event: 22.573 Thread 0x000001b2f8de1510 Uncommon trap: trap_request=0xffffff45 fr.pc=0x000001b29028e2cc relative=0x000000000000058c
Event: 22.573 Thread 0x000001b2f8de1510 Uncommon trap: reason=unstable_if action=reinterpret pc=0x000001b29028e2cc method=kotlin.ranges.RangesKt___RangesKt.coerceAtMost(II)I @ 2 c2
Event: 22.573 Thread 0x000001b2f8de1510 DEOPT PACKING pc=0x000001b29028e2cc sp=0x0000004c94bf7ed0
Event: 22.573 Thread 0x000001b2f8de1510 DEOPT UNPACKING pc=0x000001b28f967da2 sp=0x0000004c94bf7e00 mode 2

Classes loaded (20 events):
Event: 12.184 Loading class java/util/stream/DoubleStream
Event: 12.186 Loading class java/util/stream/DoubleStream done
Event: 12.241 Loading class java/util/AbstractList$SubList
Event: 12.244 Loading class java/util/AbstractList$SubList done
Event: 12.244 Loading class java/util/AbstractList$SubList$1
Event: 12.245 Loading class java/util/AbstractList$SubList$1 done
Event: 12.386 Loading class java/util/EnumMap$EntrySet
Event: 12.390 Loading class java/util/EnumMap$EntrySet done
Event: 12.390 Loading class java/util/EnumMap$EntryIterator
Event: 12.390 Loading class java/util/EnumMap$EnumMapIterator
Event: 12.391 Loading class java/util/EnumMap$EnumMapIterator done
Event: 12.391 Loading class java/util/EnumMap$EntryIterator done
Event: 12.391 Loading class java/util/EnumMap$EntryIterator$Entry
Event: 12.393 Loading class java/util/EnumMap$EntryIterator$Entry done
Event: 13.263 Loading class java/util/AbstractList$RandomAccessSubList
Event: 13.264 Loading class java/util/AbstractList$RandomAccessSubList done
Event: 15.771 Loading class java/lang/Byte$ByteCache
Event: 15.772 Loading class java/lang/Byte$ByteCache done
Event: 18.955 Loading class java/lang/Short$ShortCache
Event: 18.955 Loading class java/lang/Short$ShortCache done

Classes unloaded (0 events):
No events

Classes redefined (0 events):
No events

Internal exceptions (20 events):
Event: 12.308 Thread 0x000001b2f8de1510 Exception <a 'java/lang/NoSuchMethodError'{0x000000008b23bf68}: 'java.lang.Object java.lang.invoke.Invokers$Holder.linkToTargetMethod(java.lang.Object, java.lang.Object, java.lang.Object, int, java.lang.Object)'> (0x000000008b23bf68) 
thrown [s\open\src\hotspot\share\interpreter\linkResolver.cpp, line 773]
Event: 13.409 Thread 0x000001b2f8de1510 Exception <a 'java/lang/NoSuchMethodError'{0x000000008963f9d0}: 'java.lang.Object java.lang.invoke.DirectMethodHandle$Holder.newInvokeSpecial(java.lang.Object, int, java.lang.Object)'> (0x000000008963f9d0) 
thrown [s\open\src\hotspot\share\interpreter\linkResolver.cpp, line 773]
Event: 13.422 Thread 0x000001b2f8de1510 Exception <a 'java/lang/NoSuchMethodError'{0x00000000896c2e70}: 'java.lang.Object java.lang.invoke.DirectMethodHandle$Holder.invokeSpecial(java.lang.Object, java.lang.Object, int, java.lang.Object, java.lang.Object)'> (0x00000000896c2e70) 
thrown [s\open\src\hotspot\share\interpreter\linkResolver.cpp, line 773]
Event: 13.684 Thread 0x000001b2f8de1510 Exception <a 'java/lang/NoSuchMethodError'{0x000000008e4ff250}: 'java.lang.Object java.lang.invoke.DirectMethodHandle$Holder.newInvokeSpecial(java.lang.Object, java.lang.Object, java.lang.Object, java.lang.Object, int, java.lang.Object, java.lang.Object)'> (0x000000008e4ff250) 
thrown [s\open\src\hotspot\share\interpreter\linkResolver.cpp, line 773]
Event: 13.685 Thread 0x000001b2f8de1510 Exception <a 'java/lang/NoSuchMethodError'{0x000000008e307d58}: 'java.lang.Object java.lang.invoke.Invokers$Holder.linkToTargetMethod(java.lang.Object, java.lang.Object, java.lang.Object, int, java.lang.Object, java.lang.Object, java.lang.Object)'> (0x000000008e307d58) 
thrown [s\open\src\hotspot\share\interpreter\linkResolver.cpp, line 773]
Event: 13.822 Thread 0x000001b2f8de1510 Exception <a 'java/lang/NoSuchMethodError'{0x000000008dd1c830}: 'java.lang.Object java.lang.invoke.DirectMethodHandle$Holder.invokeStatic(java.lang.Object, int, java.lang.Object, java.lang.Object)'> (0x000000008dd1c830) 
thrown [s\open\src\hotspot\share\interpreter\linkResolver.cpp, line 773]
Event: 14.374 Thread 0x000001b2f8de1510 Exception <a 'java/lang/NoSuchMethodError'{0x000000008ce78f28}: 'java.lang.Object java.lang.invoke.DirectMethodHandle$Holder.newInvokeSpecial(java.lang.Object, java.lang.Object, java.lang.Object, int)'> (0x000000008ce78f28) 
thrown [s\open\src\hotspot\share\interpreter\linkResolver.cpp, line 773]
Event: 14.375 Thread 0x000001b2f8de1510 Exception <a 'java/lang/NoSuchMethodError'{0x000000008ce7cf88}: 'java.lang.Object java.lang.invoke.DirectMethodHandle$Holder.invokeSpecial(java.lang.Object, java.lang.Object, java.lang.Object, java.lang.Object, int)'> (0x000000008ce7cf88) 
thrown [s\open\src\hotspot\share\interpreter\linkResolver.cpp, line 773]
Event: 14.375 Thread 0x000001b2f8de1510 Exception <a 'java/lang/NoSuchMethodError'{0x000000008ce80bc8}: 'java.lang.Object java.lang.invoke.Invokers$Holder.linkToTargetMethod(java.lang.Object, java.lang.Object, int, java.lang.Object)'> (0x000000008ce80bc8) 
thrown [s\open\src\hotspot\share\interpreter\linkResolver.cpp, line 773]
Event: 15.438 Thread 0x000001b2f8de1510 Exception <a 'java/lang/NoSuchMethodError'{0x000000008e538d58}: 'java.lang.Object java.lang.invoke.DirectMethodHandle$Holder.newInvokeSpecial(java.lang.Object, java.lang.Object, java.lang.Object, java.lang.Object, java.lang.Object, java.lang.Object, java.lang.Object, java.lang.Object, java.lang.Object)'> (0x000000008e538d58) 
thrown [s\open\src\hotspot\share\interpreter\linkResolver.cpp, line 773]
Event: 15.612 Thread 0x000001b2f8de1510 Exception <a 'java/lang/NoSuchMethodError'{0x000000008d241800}: 'java.lang.Object java.lang.invoke.DirectMethodHandle$Holder.newInvokeSpecial(java.lang.Object, int, java.lang.Object, java.lang.Object, java.lang.Object)'> (0x000000008d241800) 
thrown [s\open\src\hotspot\share\interpreter\linkResolver.cpp, line 773]
Event: 15.614 Thread 0x000001b2f8de1510 Exception <a 'java/lang/NoSuchMethodError'{0x000000008d2493b0}: 'java.lang.Object java.lang.invoke.Invokers$Holder.linkToTargetMethod(int, java.lang.Object, java.lang.Object, java.lang.Object, java.lang.Object)'> (0x000000008d2493b0) 
thrown [s\open\src\hotspot\share\interpreter\linkResolver.cpp, line 773]
Event: 15.966 Thread 0x000001b2f8de1510 Exception <a 'java/lang/NoSuchMethodError'{0x000000008c7bc6f8}: 'java.lang.Object java.lang.invoke.DirectMethodHandle$Holder.invokeStatic(java.lang.Object, java.lang.Object, java.lang.Object, int, java.lang.Object, java.lang.Object)'> (0x000000008c7bc6f8) 
thrown [s\open\src\hotspot\share\interpreter\linkResolver.cpp, line 773]
Event: 16.105 Thread 0x000001b2f8de1510 Exception <a 'java/lang/NoSuchMethodError'{0x000000008be1aa80}: 'java.lang.Object java.lang.invoke.DirectMethodHandle$Holder.invokeStatic(java.lang.Object, int, java.lang.Object)'> (0x000000008be1aa80) 
thrown [s\open\src\hotspot\share\interpreter\linkResolver.cpp, line 773]
Event: 16.308 Thread 0x000001b2f8de1510 Exception <a 'java/lang/NoSuchMethodError'{0x000000008b81b110}: 'java.lang.Object java.lang.invoke.DirectMethodHandle$Holder.newInvokeSpecial(java.lang.Object, java.lang.Object, java.lang.Object, java.lang.Object, java.lang.Object, int)'> (0x000000008b81b110) 
thrown [s\open\src\hotspot\share\interpreter\linkResolver.cpp, line 773]
Event: 16.308 Thread 0x000001b2f8de1510 Exception <a 'java/lang/NoSuchMethodError'{0x000000008b81fd78}: 'java.lang.Object java.lang.invoke.DirectMethodHandle$Holder.invokeSpecial(java.lang.Object, java.lang.Object, java.lang.Object, java.lang.Object, java.lang.Object, java.lang.Object, int)'> (0x000000008b81fd78) 
thrown [s\open\src\hotspot\share\interpreter\linkResolver.cpp, line 773]
Event: 16.309 Thread 0x000001b2f8de1510 Exception <a 'java/lang/NoSuchMethodError'{0x000000008b8243c0}: 'java.lang.Object java.lang.invoke.Invokers$Holder.linkToTargetMethod(java.lang.Object, java.lang.Object, java.lang.Object, java.lang.Object, int, java.lang.Object)'> (0x000000008b8243c0) 
thrown [s\open\src\hotspot\share\interpreter\linkResolver.cpp, line 773]
Event: 16.449 Thread 0x000001b2f8de1510 Implicit null exception at 0x000001b29042c6bc to 0x000001b29042c930
Event: 19.742 Thread 0x000001b2f8de1510 Implicit null exception at 0x000001b28ff2cbc1 to 0x000001b28ff2de78
Event: 22.033 Thread 0x000001b2f8de1510 Implicit null exception at 0x000001b2901f5f6b to 0x000001b2901f7014

ZGC Phase Switch (0 events):
No events

VM Operations (20 events):
Event: 21.003 Executing VM operation: ICBufferFull done
Event: 21.360 Executing VM operation: G1CollectForAllocation (G1 Evacuation Pause)
Event: 21.379 Executing VM operation: G1CollectForAllocation (G1 Evacuation Pause) done
Event: 21.554 Executing VM operation: G1PauseRemark
Event: 21.570 Executing VM operation: G1PauseRemark done
Event: 21.638 Executing VM operation: G1PauseCleanup
Event: 21.638 Executing VM operation: G1PauseCleanup done
Event: 21.708 Executing VM operation: HandshakeAllThreads (Deoptimize)
Event: 21.708 Executing VM operation: HandshakeAllThreads (Deoptimize) done
Event: 22.314 Executing VM operation: ICBufferFull
Event: 22.315 Executing VM operation: ICBufferFull done
Event: 22.957 Executing VM operation: G1CollectForAllocation (G1 Evacuation Pause)
Event: 23.851 Executing VM operation: G1CollectForAllocation (G1 Evacuation Pause) done
Event: 23.864 Executing VM operation: G1CollectForAllocation (G1 Evacuation Pause)
Event: 23.868 Executing VM operation: G1CollectForAllocation (G1 Evacuation Pause) done
Event: 23.883 Executing VM operation: G1CollectForAllocation (G1 Evacuation Pause)
Event: 23.885 Executing VM operation: G1CollectForAllocation (G1 Evacuation Pause) done
Event: 23.900 Executing VM operation: G1CollectForAllocation (G1 Evacuation Pause)
Event: 23.903 Executing VM operation: G1CollectForAllocation (G1 Evacuation Pause) done
Event: 23.915 Executing VM operation: G1CollectForAllocation (G1 Evacuation Pause)

Events (20 events):
Event: 21.569 Thread 0x000001b297ab1900 flushing nmethod 0x000001b2894f2990
Event: 21.569 Thread 0x000001b297ab1900 flushing nmethod 0x000001b2894f7190
Event: 21.569 Thread 0x000001b297ab1900 flushing nmethod 0x000001b289504310
Event: 21.569 Thread 0x000001b297ab1900 flushing nmethod 0x000001b2895adf90
Event: 21.569 Thread 0x000001b297ab1900 flushing nmethod 0x000001b2895aea10
Event: 21.569 Thread 0x000001b297ab1900 flushing nmethod 0x000001b2895b1810
Event: 21.569 Thread 0x000001b297ab1900 flushing nmethod 0x000001b2895b2290
Event: 21.569 Thread 0x000001b297ab1900 flushing nmethod 0x000001b2895b4410
Event: 21.569 Thread 0x000001b297ab1900 flushing nmethod 0x000001b2895b8810
Event: 21.569 Thread 0x000001b297ab1900 flushing nmethod 0x000001b2895d7b10
Event: 21.569 Thread 0x000001b297ab1900 flushing nmethod 0x000001b2895d8790
Event: 21.569 Thread 0x000001b297ab1900 flushing nmethod 0x000001b2895ddd10
Event: 21.569 Thread 0x000001b297ab1900 flushing nmethod 0x000001b28962d990
Event: 21.569 Thread 0x000001b297ab1900 flushing nmethod 0x000001b289654210
Event: 21.569 Thread 0x000001b297ab1900 flushing nmethod 0x000001b28970f710
Event: 21.569 Thread 0x000001b297ab1900 flushing nmethod 0x000001b289a95010
Event: 21.569 Thread 0x000001b297ab1900 flushing nmethod 0x000001b289bafb10
Event: 21.569 Thread 0x000001b297ab1900 flushing nmethod 0x000001b289c05e90
Event: 21.569 Thread 0x000001b297ab1900 flushing nmethod 0x000001b289d2b110
Event: 21.569 Thread 0x000001b297ab1900 flushing nmethod 0x000001b289d2f210


Dynamic libraries:
0x00007ff690fb0000 - 0x00007ff690fc0000 	C:\Program Files\Java\latest\jdk-21\bin\java.exe
0x00007ffc95a60000 - 0x00007ffc95cc7000 	C:\WINDOWS\SYSTEM32\ntdll.dll
0x00007ffc93830000 - 0x00007ffc938f9000 	C:\WINDOWS\System32\KERNEL32.DLL
0x00007ffc924c0000 - 0x00007ffc928b1000 	C:\WINDOWS\System32\KERNELBASE.dll
0x00007ffc92370000 - 0x00007ffc924bb000 	C:\WINDOWS\System32\ucrtbase.dll
0x00007ffc6b990000 - 0x00007ffc6b9a9000 	C:\Program Files\Java\latest\jdk-21\bin\jli.dll
0x00007ffc95300000 - 0x00007ffc953bb000 	C:\WINDOWS\System32\ADVAPI32.dll
0x00007ffc94a00000 - 0x00007ffc94aa9000 	C:\WINDOWS\System32\msvcrt.dll
0x00007ffc957a0000 - 0x00007ffc95847000 	C:\WINDOWS\System32\sechost.dll
0x00007ffc65c80000 - 0x00007ffc65c9e000 	C:\Program Files\Java\latest\jdk-21\bin\VCRUNTIME140.dll
0x00007ffc93da0000 - 0x00007ffc93eb8000 	C:\WINDOWS\System32\RPCRT4.dll
0x00007ffc95850000 - 0x00007ffc95a15000 	C:\WINDOWS\System32\USER32.dll
0x00007ffc92340000 - 0x00007ffc92367000 	C:\WINDOWS\System32\win32u.dll
0x00007ffc93800000 - 0x00007ffc9382b000 	C:\WINDOWS\System32\GDI32.dll
0x00007ffc933e0000 - 0x00007ffc9350b000 	C:\WINDOWS\System32\gdi32full.dll
0x00007ffc928c0000 - 0x00007ffc92963000 	C:\WINDOWS\System32\msvcp_win.dll
0x00007ffc6f040000 - 0x00007ffc6f2d3000 	C:\WINDOWS\WinSxS\amd64_microsoft.windows.common-controls_6595b64144ccf1df_6.0.26100.8037_none_3e092faae333b53b\COMCTL32.dll
0x00007ffc90410000 - 0x00007ffc9041b000 	C:\WINDOWS\SYSTEM32\VERSION.dll
0x00007ffc955c0000 - 0x00007ffc955f1000 	C:\WINDOWS\System32\IMM32.DLL
0x00007ffc73cd0000 - 0x00007ffc73cdc000 	C:\Program Files\Java\latest\jdk-21\bin\vcruntime140_1.dll
0x00007ffc3b080000 - 0x00007ffc3b10d000 	C:\Program Files\Java\latest\jdk-21\bin\msvcp140.dll
0x00007ffc13230000 - 0x00007ffc13f57000 	C:\Program Files\Java\latest\jdk-21\bin\server\jvm.dll
0x00007ffc93d20000 - 0x00007ffc93d94000 	C:\WINDOWS\System32\WS2_32.dll
0x00007ffc921a0000 - 0x00007ffc921fe000 	C:\WINDOWS\SYSTEM32\POWRPROF.dll
0x00007ffc88660000 - 0x00007ffc88695000 	C:\WINDOWS\SYSTEM32\WINMM.dll
0x00007ffc92180000 - 0x00007ffc92194000 	C:\WINDOWS\SYSTEM32\UMPDC.dll
0x00007ffc910a0000 - 0x00007ffc910bb000 	C:\WINDOWS\SYSTEM32\kernel.appcore.dll
0x00007ffc716b0000 - 0x00007ffc716ba000 	C:\Program Files\Java\latest\jdk-21\bin\jimage.dll
0x00007ffc8e6c0000 - 0x00007ffc8e902000 	C:\WINDOWS\SYSTEM32\DBGHELP.DLL
0x00007ffc940a0000 - 0x00007ffc94422000 	C:\WINDOWS\System32\combase.dll
0x00007ffc94430000 - 0x00007ffc94507000 	C:\WINDOWS\System32\OLEAUT32.dll
0x00007ffc72e60000 - 0x00007ffc72e9b000 	C:\WINDOWS\SYSTEM32\dbgcore.DLL
0x00007ffc93750000 - 0x00007ffc937f5000 	C:\WINDOWS\System32\bcryptPrimitives.dll
0x00007ffc4f1d0000 - 0x00007ffc4f1f1000 	C:\Program Files\Java\latest\jdk-21\bin\java.dll
0x00007ffc94ad0000 - 0x00007ffc9522f000 	C:\WINDOWS\System32\SHELL32.dll
0x00007ffc92970000 - 0x00007ffc92ada000 	C:\WINDOWS\System32\wintypes.dll
0x00007ffc92ae0000 - 0x00007ffc93344000 	C:\WINDOWS\System32\windows.storage.dll
0x00007ffc93f50000 - 0x00007ffc94047000 	C:\WINDOWS\System32\SHCORE.dll
0x00007ffc953c0000 - 0x00007ffc95427000 	C:\WINDOWS\System32\shlwapi.dll
0x00007ffc92260000 - 0x00007ffc92289000 	C:\WINDOWS\SYSTEM32\profapi.dll
0x00007ffc22f60000 - 0x00007ffc23037000 	C:\Program Files\Java\latest\jdk-21\bin\jsvml.dll
0x00007ffc614e0000 - 0x00007ffc614f1000 	C:\Program Files\Java\latest\jdk-21\bin\net.dll
0x00007ffc83470000 - 0x00007ffc83597000 	C:\WINDOWS\SYSTEM32\WINHTTP.dll
0x00007ffc91620000 - 0x00007ffc9168b000 	C:\WINDOWS\system32\mswsock.dll
0x00007ffc61e90000 - 0x00007ffc61ea6000 	C:\Program Files\Java\latest\jdk-21\bin\nio.dll
0x00007ffc61460000 - 0x00007ffc61478000 	C:\Program Files\Java\latest\jdk-21\bin\zip.dll
0x00007ffc4f270000 - 0x00007ffc4f280000 	C:\Program Files\Java\latest\jdk-21\bin\verify.dll

dbghelp: loaded successfully - version: 4.0.5 - missing functions: none
symbol engine: initialized successfully - sym options: 0x614 - pdb path: .;C:\Program Files\Java\latest\jdk-21\bin;C:\WINDOWS\SYSTEM32;C:\WINDOWS\WinSxS\amd64_microsoft.windows.common-controls_6595b64144ccf1df_6.0.26100.8037_none_3e092faae333b53b;C:\Program Files\Java\latest\jdk-21\bin\server

VM Arguments:
java_command: org.jetbrains.kotlin.cli.jvm.K2JVMCompiler @A:\PROJECTS\PlacementApp\app\build\20260408_126338770114626139.compiler.options
java_class_path (initial): C:\Users\soura\.gradle\caches\modules-2\files-2.1\org.jetbrains.kotlin\kotlin-compiler-embeddable\2.0.21\79346ed53db48b18312a472602eb5c057070c54d\kotlin-compiler-embeddable-2.0.21.jar;C:\Users\soura\.gradle\caches\modules-2\files-2.1\org.jetbrains.kotlin\kotlin-stdlib\2.0.21\618b539767b4899b4660a83006e052b63f1db551\kotlin-stdlib-2.0.21.jar;C:\Users\soura\.gradle\caches\modules-2\files-2.1\org.jetbrains.kotlin\kotlin-script-runtime\2.0.21\c9b044380ad41f89aa89aa896c2d32a8c0b2129d\kotlin-script-runtime-2.0.21.jar;C:\Users\soura\.gradle\caches\modules-2\files-2.1\org.jetbrains.kotlin\kotlin-reflect\1.6.10\1cbe9c92c12a94eea200d23c2bbaedaf3daf5132\kotlin-reflect-1.6.10.jar;C:\Users\soura\.gradle\caches\modules-2\files-2.1\org.jetbrains.kotlin\kotlin-daemon-embeddable\2.0.21\c9e933b23287de9b5a17e2116b4657bb91aea72c\kotlin-daemon-embeddable-2.0.21.jar;C:\Users\soura\.gradle\caches\modules-2\files-2.1\org.jetbrains.intellij.deps\trove4j\1.0.20200330\3afb14d5f9ceb459d724e907a21145e8ff394f02\trove4j-1.0.20200330.jar;C:\Users\soura\.gradle\caches\modules-2\files-2.1\org.jetbrains.kotlinx\kotlinx-coroutines-core-jvm\1.6.4\2c997cd1c0ef33f3e751d3831929aeff1390cb30\kotlinx-coroutines-core-jvm-1.6.4.jar;C:\Users\soura\.gradle\caches\modules-2\files-2.1\org.jetbrains\annotations\13.0\919f0dfe192fb4e063e7dacadee7f8bb9a2672a9\annotations-13.0.jar
Launcher Type: SUN_STANDARD

[Global flags]
     intx CICompilerCount                          = 4                                         {product} {ergonomic}
     uint ConcGCThreads                            = 2                                         {product} {ergonomic}
     uint G1ConcRefinementThreads                  = 8                                         {product} {ergonomic}
   size_t G1HeapRegionSize                         = 1048576                                   {product} {ergonomic}
    uintx GCDrainStackTargetSize                   = 64                                        {product} {ergonomic}
   size_t InitialHeapSize                          = 132120576                                 {product} {ergonomic}
   size_t MarkStackSize                            = 4194304                                   {product} {ergonomic}
   size_t MaxHeapSize                              = 2082471936                                {product} {ergonomic}
   size_t MaxNewSize                               = 1248854016                                {product} {ergonomic}
   size_t MinHeapDeltaBytes                        = 1048576                                   {product} {ergonomic}
   size_t MinHeapSize                              = 8388608                                   {product} {ergonomic}
    uintx NonNMethodCodeHeapSize                   = 5839372                                {pd product} {ergonomic}
    uintx NonProfiledCodeHeapSize                  = 122909434                              {pd product} {ergonomic}
    uintx ProfiledCodeHeapSize                     = 122909434                              {pd product} {ergonomic}
    uintx ReservedCodeCacheSize                    = 251658240                              {pd product} {ergonomic}
     bool SegmentedCodeCache                       = true                                      {product} {ergonomic}
   size_t SoftMaxHeapSize                          = 2082471936                             {manageable} {ergonomic}
     bool UseCompressedOops                        = true                           {product lp64_product} {ergonomic}
     bool UseG1GC                                  = true                                      {product} {ergonomic}
     bool UseLargePagesIndividualAllocation        = false                                  {pd product} {ergonomic}

Logging:
Log output configuration:
 #0: stdout all=warning uptime,level,tags foldmultilines=false
 #1: stderr all=off uptime,level,tags foldmultilines=false

Environment Variables:
JAVA_HOME=C:\Program Files\Java\latest\jdk-21
CLASSPATH=A:\PROJECTS\PlacementApp\\gradle\wrapper\gradle-wrapper.jar
PATH=C:\Program Files\Java\latest\jdk-21\bin;C:\WINDOWS\system32;C:\WINDOWS;C:\WINDOWS\System32\Wbem;C:\WINDOWS\System32\WindowsPowerShell\v1.0\;C:\WINDOWS\System32\OpenSSH\;C:\msys64\mingw64\bin;C:\Program Files\HP\HP One Agent;C:\Program Files\HP\Common\HPDestPlgIn\;C:\Program Files (x86)\HP\Common\HPDestPlgIn\;C:\ProgramData\chocolatey\bin;C:\WINDOWS\system32;C:\WINDOWS;C:\WINDOWS\System32\Wbem;C:\WINDOWS\System32\WindowsPowerShell\v1.0\;C:\WINDOWS\System32\OpenSSH\;C:\Program Files\Docker\Docker\resources\bin;A:\PROJECTS\kobweb-0.9.21\bin;C:\Program Files\Java\latest\jdk-21\bin;A:\Git\cmd;A:\Node\;C:\Program Files\Java\latest\jdk-21;C:\Users\soura\AppData\Local\Microsoft\WindowsApps;C:\Program Files\Azure Data Studio\bin;C:\Users\soura\AppData\Local\Programs\Microsoft VS Code Insiders\bin;A:\IntelliJ IDEA Community Edition 2024.2.3\bin;C:\Program Files\HP\Common\HPDestPlgIn\;C:\Program Files (x86)\HP\Common\HPDestPlgIn\;A:\Git\cmd;A:\Java\bin;A:\cursor\resources\app\bin;C:\Users\soura\AppData\Local\spicetify;C:\Users\soura\AppData\Roaming\npm;A:\Node;C:\Program Files\Java\latest\jdk-21;
USERNAME=soura
TERM=dumb
OS=Windows_NT
PROCESSOR_IDENTIFIER=Intel64 Family 6 Model 140 Stepping 2, GenuineIntel
TMP=C:\Users\soura\AppData\Local\Temp
TEMP=C:\Users\soura\AppData\Local\Temp




Periodic native trim disabled

---------------  S Y S T E M  ---------------

OS:
 Windows 11 , 64 bit Build 26100 (10.0.26100.7920)
OS uptime: 1 days 1:14 hours
Hyper-V role detected

CPU: total 8 (initial active 8) (4 cores per cpu, 2 threads per core) family 6 model 140 stepping 2 microcode 0x2c, cx8, cmov, fxsr, ht, mmx, 3dnowpref, sse, sse2, sse3, ssse3, sse4.1, sse4.2, popcnt, lzcnt, tsc, tscinvbit, avx, avx2, aes, erms, clmul, bmi1, bmi2, adx, avx512f, avx512dq, avx512cd, avx512bw, avx512vl, sha, fma, vzeroupper, avx512_vpopcntdq, avx512_vpclmulqdq, avx512_vaes, avx512_vnni, clflush, clflushopt, clwb, avx512_vbmi2, avx512_vbmi, hv, rdtscp, rdpid, fsrm, gfni, avx512_bitalg, f16c, cet_ibt, cet_ss, avx512_ifma
Processor Information for all 8 processors :
  Max Mhz: 2496, Current Mhz: 2496, Mhz Limit: 2496

Memory: 4k page, system-wide physical 7941M (743M free)
TotalPageFile size 26572M (AvailPageFile size 83M)
current process WorkingSet (physical memory assigned to process): 513M, peak: 540M
current process commit charge ("private bytes"): 534M, peak: 1023M

vm_info: Java HotSpot(TM) 64-Bit Server VM (21.0.10+8-LTS-217) for windows-amd64 JRE (21.0.10+8-LTS-217), built on 2025-12-18T14:59:28Z by "mach5run" with MS VC++ 17.13 (VS2022)

END.
