#
# There is insufficient memory for the Java Runtime Environment to continue.
# Native memory allocation (malloc) failed to allocate 753648 bytes for Chunk::new
# Possible reasons:
#   The system is out of physical RAM or swap space
#   The process is running with CompressedOops enabled, and the Java Heap may be blocking the growth of the native heap
# Possible solutions:
#   Reduce memory load on the system
#   Increase physical memory or swap space
#   Check if swap backing store is full
#   Decrease Java heap size (-Xmx/-Xms)
#   Decrease number of Java threads
#   Decrease Java thread stack sizes (-Xss)
#   Set larger code cache with -XX:ReservedCodeCacheSize=
#   JVM is running with Unscaled Compressed Oops mode in which the Java heap is
#     placed in the first 4GB address space. The Java Heap base address is the
#     maximum limit for the native heap growth. Please use -XX:HeapBaseMinAddress
#     to set the Java Heap base and to place the Java Heap above 4GB virtual address.
# This output file may be truncated or incomplete.
#
#  Out of Memory Error (arena.cpp:168), pid=12924, tid=21496
#
# JRE version: Java(TM) SE Runtime Environment (21.0.10+8) (build 21.0.10+8-LTS-217)
# Java VM: Java HotSpot(TM) 64-Bit Server VM (21.0.10+8-LTS-217, mixed mode, sharing, tiered, compressed oops, compressed class ptrs, g1 gc, windows-amd64)
# No core dump will be written. Minidumps are not enabled by default on client versions of Windows
#

---------------  S U M M A R Y ------------

Command Line: org.jetbrains.kotlin.cli.jvm.K2JVMCompiler @A:\PROJECTS\PlacementMP-II\PlacementApp\app\build\20260514_8164488391089914306.compiler.options

Host: 11th Gen Intel(R) Core(TM) i5-1155G7 @ 2.50GHz, 8 cores, 7G,  Windows 11 , 64 bit Build 26100 (10.0.26100.8328)
Time: Thu May 14 22:35:40 2026 India Standard Time elapsed time: 26.770875 seconds (0d 0h 0m 26s)

---------------  T H R E A D  ---------------

Current thread (0x0000026bfd71c090):  JavaThread "C2 CompilerThread1" daemon [_thread_in_native, id=21496, stack(0x000000d33c500000,0x000000d33c600000) (1024K)]


Current CompileTask:
C2:  26771 13350       4       org.jetbrains.kotlin.util.capitalizeDecapitalize.CapitalizeDecapitalizeKt::decapitalizeSmartForCompiler (293 bytes)

Stack: [0x000000d33c500000,0x000000d33c600000]
Native frames: (J=compiled Java code, j=interpreted, Vv=VM code, C=native code)
V  [jvm.dll+0x6d0b59]
V  [jvm.dll+0x85fd56]
V  [jvm.dll+0x86224e]
V  [jvm.dll+0x862923]
V  [jvm.dll+0x282a16]
V  [jvm.dll+0xc662d]
V  [jvm.dll+0xc6b71]
V  [jvm.dll+0x3bbb5b]
V  [jvm.dll+0x1e38e9]
V  [jvm.dll+0x24b4c3]
V  [jvm.dll+0x24a94f]
V  [jvm.dll+0x1cacfe]
V  [jvm.dll+0x25a629]
V  [jvm.dll+0x258bb5]
V  [jvm.dll+0x3f4da1]
V  [jvm.dll+0x80a83d]
V  [jvm.dll+0x6cf3fd]
C  [ucrtbase.dll+0x37b0]
C  [KERNEL32.DLL+0x2e957]
C  [ntdll.dll+0x427c]


---------------  P R O C E S S  ---------------

Threads class SMR info:
_java_thread_list=0x0000026b81b8d120, length=13, elements={
0x0000026b9851f860, 0x0000026bb6c04880, 0x0000026bb6c097f0, 0x0000026bb6c0d4d0,
0x0000026bb6c0a430, 0x0000026bb6c0af80, 0x0000026bb6c0b9e0, 0x0000026bb6c11340,
0x0000026bb6c2d780, 0x0000026bfc1408d0, 0x0000026bfc142540, 0x0000026bfd71c090,
0x0000026b8156cf30
}

Java Threads: ( => current thread )
  0x0000026b9851f860 JavaThread "main"                              [_thread_in_Java, id=22824, stack(0x000000d33ac00000,0x000000d33ad00000) (1024K)]
  0x0000026bb6c04880 JavaThread "Reference Handler"          daemon [_thread_blocked, id=4900, stack(0x000000d33b400000,0x000000d33b500000) (1024K)]
  0x0000026bb6c097f0 JavaThread "Finalizer"                  daemon [_thread_blocked, id=296, stack(0x000000d33b500000,0x000000d33b600000) (1024K)]
  0x0000026bb6c0d4d0 JavaThread "Signal Dispatcher"          daemon [_thread_blocked, id=23276, stack(0x000000d33b600000,0x000000d33b700000) (1024K)]
  0x0000026bb6c0a430 JavaThread "Attach Listener"            daemon [_thread_blocked, id=20488, stack(0x000000d33b700000,0x000000d33b800000) (1024K)]
  0x0000026bb6c0af80 JavaThread "Service Thread"             daemon [_thread_blocked, id=22724, stack(0x000000d33b800000,0x000000d33b900000) (1024K)]
  0x0000026bb6c0b9e0 JavaThread "Monitor Deflation Thread"   daemon [_thread_blocked, id=23496, stack(0x000000d33b900000,0x000000d33ba00000) (1024K)]
  0x0000026bb6c11340 JavaThread "C2 CompilerThread0"         daemon [_thread_in_native, id=21812, stack(0x000000d33ba00000,0x000000d33bb00000) (1024K)]
  0x0000026bb6c2d780 JavaThread "C1 CompilerThread0"         daemon [_thread_in_native, id=22716, stack(0x000000d33bb00000,0x000000d33bc00000) (1024K)]
  0x0000026bfc1408d0 JavaThread "Notification Thread"        daemon [_thread_blocked, id=22500, stack(0x000000d33bc00000,0x000000d33bd00000) (1024K)]
  0x0000026bfc142540 JavaThread "Common-Cleaner"             daemon [_thread_blocked, id=17516, stack(0x000000d33bd00000,0x000000d33be00000) (1024K)]
=>0x0000026bfd71c090 JavaThread "C2 CompilerThread1"         daemon [_thread_in_native, id=21496, stack(0x000000d33c500000,0x000000d33c600000) (1024K)]
  0x0000026b8156cf30 JavaThread "C2 CompilerThread2"         daemon [_thread_in_vm, id=23436, stack(0x000000d33c700000,0x000000d33c800000) (1024K)]
Total: 13

Other Threads:
  0x0000026bb6be3150 VMThread "VM Thread"                           [id=15252, stack(0x000000d33b300000,0x000000d33b400000) (1024K)]
  0x0000026bb6bd19d0 WatcherThread "VM Periodic Task Thread"        [id=22996, stack(0x000000d33b200000,0x000000d33b300000) (1024K)]
  0x0000026b9856f010 WorkerThread "GC Thread#0"                     [id=3752, stack(0x000000d33ad00000,0x000000d33ae00000) (1024K)]
  0x0000026bfc7e7e00 WorkerThread "GC Thread#1"                     [id=13936, stack(0x000000d33be00000,0x000000d33bf00000) (1024K)]
  0x0000026bfc7b5510 WorkerThread "GC Thread#2"                     [id=18792, stack(0x000000d33bf00000,0x000000d33c000000) (1024K)]
  0x0000026bfc8156a0 WorkerThread "GC Thread#3"                     [id=23224, stack(0x000000d33c000000,0x000000d33c100000) (1024K)]
  0x0000026bfc816a60 WorkerThread "GC Thread#4"                     [id=22412, stack(0x000000d33c100000,0x000000d33c200000) (1024K)]
  0x0000026bfc816e10 WorkerThread "GC Thread#5"                     [id=1092, stack(0x000000d33c200000,0x000000d33c300000) (1024K)]
  0x0000026bfc9f3fd0 WorkerThread "GC Thread#6"                     [id=8384, stack(0x000000d33c300000,0x000000d33c400000) (1024K)]
  0x0000026bfc9f2d60 WorkerThread "GC Thread#7"                     [id=15704, stack(0x000000d33c400000,0x000000d33c500000) (1024K)]
  0x0000026b98580050 ConcurrentGCThread "G1 Main Marker"            [id=22624, stack(0x000000d33ae00000,0x000000d33af00000) (1024K)]
  0x0000026b98580b60 WorkerThread "G1 Conc#0"                       [id=14984, stack(0x000000d33af00000,0x000000d33b000000) (1024K)]
  0x0000026bfd0397c0 WorkerThread "G1 Conc#1"                       [id=11696, stack(0x000000d33c600000,0x000000d33c700000) (1024K)]
  0x0000026bb6aa1570 ConcurrentGCThread "G1 Refine#0"               [id=3544, stack(0x000000d33b000000,0x000000d33b100000) (1024K)]
  0x0000026bb6aa1ea0 ConcurrentGCThread "G1 Service"                [id=8256, stack(0x000000d33b100000,0x000000d33b200000) (1024K)]
Total: 15

Threads with active compile tasks:
C2 CompilerThread0    26818 13258       4       org.jetbrains.kotlin.fir.resolve.calls.tower.MemberScopeTowerLevel::processMembers (676 bytes)
C2 CompilerThread1    26818 13350       4       org.jetbrains.kotlin.util.capitalizeDecapitalize.CapitalizeDecapitalizeKt::decapitalizeSmartForCompiler (293 bytes)
C2 CompilerThread2    26818 13377       4       org.jetbrains.kotlin.fir.resolve.inference.ConstraintSystemCompleterKt::processCandidatesAndPostponedAtomsInOrderImpl$process (151 bytes)
Total: 3

VM state: not at safepoint (normal execution)

VM Mutex/Monitor currently owned by a thread: None

Heap address: 0x0000000083e00000, size: 1986 MB, Compressed Oops mode: 32-bit

CDS archive(s) mapped at: [0x0000026bb7000000-0x0000026bb7c90000-0x0000026bb7c90000), size 13172736, SharedBaseAddress: 0x0000026bb7000000, ArchiveRelocationMode: 1.
Compressed class space mapped at: 0x0000026bb8000000-0x0000026bf8000000, reserved size: 1073741824
Narrow klass base: 0x0000026bb7000000, Narrow klass shift: 0, Narrow klass range: 0x100000000

GC Precious Log:
 CardTable entry size: 512
 Card Set container configuration: InlinePtr #cards 5 size 8 Array Of Cards #cards 12 size 40 Howl #buckets 4 coarsen threshold 1843 Howl Bitmap #cards 512 size 80 coarsen threshold 460 Card regions per heap region 1 cards per card region 2048
 CPUs: 8 total, 8 available
 Memory: 7941M
 Large Page Support: Disabled
 NUMA Support: Disabled
 Compressed Oops: Enabled (32-bit)
 Heap Region Size: 1M
 Heap Min Capacity: 8M
 Heap Initial Capacity: 126M
 Heap Max Capacity: 1986M
 Pre-touch: Disabled
 Parallel Workers: 8
 Concurrent Workers: 2
 Concurrent Refinement Workers: 8
 Periodic GC: Disabled

Heap:
 garbage-first heap   total 301056K, used 258708K [0x0000000083e00000, 0x0000000100000000)
  region size 1024K, 82 young (83968K), 9 survivors (9216K)
 Metaspace       used 56156K, committed 56576K, reserved 1114112K
  class space    used 6145K, committed 6336K, reserved 1048576K

Heap Regions: E=young(eden), S=young(survivor), O=old, HS=humongous(starts), HC=humongous(continues), CS=collection set, F=free, TAMS=top-at-mark-start, PB=parsable bottom
|   0|0x0000000083e00000, 0x0000000083f00000, 0x0000000083f00000|100%|HS|  |TAMS 0x0000000083e00000| PB 0x0000000083e00000| Complete 
|   1|0x0000000083f00000, 0x0000000084000000, 0x0000000084000000|100%|HC|  |TAMS 0x0000000083f00000| PB 0x0000000083f00000| Complete 
|   2|0x0000000084000000, 0x0000000084100000, 0x0000000084100000|100%|HC|  |TAMS 0x0000000084000000| PB 0x0000000084000000| Complete 
|   3|0x0000000084100000, 0x0000000084200000, 0x0000000084200000|100%| O|  |TAMS 0x0000000084100000| PB 0x0000000084100000| Untracked 
|   4|0x0000000084200000, 0x0000000084300000, 0x0000000084300000|100%| O|  |TAMS 0x0000000084200000| PB 0x0000000084200000| Untracked 
|   5|0x0000000084300000, 0x0000000084400000, 0x0000000084400000|100%| O|  |TAMS 0x0000000084300000| PB 0x0000000084300000| Untracked 
|   6|0x0000000084400000, 0x0000000084500000, 0x0000000084500000|100%| O|  |TAMS 0x0000000084400000| PB 0x0000000084400000| Untracked 
|   7|0x0000000084500000, 0x0000000084600000, 0x0000000084600000|100%| O|  |TAMS 0x0000000084500000| PB 0x0000000084500000| Untracked 
|   8|0x0000000084600000, 0x0000000084700000, 0x0000000084700000|100%| O|  |TAMS 0x0000000084600000| PB 0x0000000084600000| Untracked 
|   9|0x0000000084700000, 0x0000000084800000, 0x0000000084800000|100%| O|  |TAMS 0x0000000084700000| PB 0x0000000084700000| Untracked 
|  10|0x0000000084800000, 0x0000000084900000, 0x0000000084900000|100%| O|  |TAMS 0x0000000084800000| PB 0x0000000084800000| Untracked 
|  11|0x0000000084900000, 0x0000000084a00000, 0x0000000084a00000|100%| O|  |TAMS 0x0000000084900000| PB 0x0000000084900000| Untracked 
|  12|0x0000000084a00000, 0x0000000084b00000, 0x0000000084b00000|100%| O|  |TAMS 0x0000000084a00000| PB 0x0000000084a00000| Untracked 
|  13|0x0000000084b00000, 0x0000000084c00000, 0x0000000084c00000|100%| O|  |TAMS 0x0000000084b00000| PB 0x0000000084b00000| Untracked 
|  14|0x0000000084c00000, 0x0000000084d00000, 0x0000000084d00000|100%| O|  |TAMS 0x0000000084c00000| PB 0x0000000084c00000| Untracked 
|  15|0x0000000084d00000, 0x0000000084e00000, 0x0000000084e00000|100%| O|  |TAMS 0x0000000084d00000| PB 0x0000000084d00000| Untracked 
|  16|0x0000000084e00000, 0x0000000084f00000, 0x0000000084f00000|100%| O|  |TAMS 0x0000000084e00000| PB 0x0000000084e00000| Untracked 
|  17|0x0000000084f00000, 0x0000000085000000, 0x0000000085000000|100%| O|  |TAMS 0x0000000084f00000| PB 0x0000000084f00000| Untracked 
|  18|0x0000000085000000, 0x0000000085100000, 0x0000000085100000|100%| O|  |TAMS 0x0000000085000000| PB 0x0000000085000000| Untracked 
|  19|0x0000000085100000, 0x0000000085200000, 0x0000000085200000|100%| O|  |TAMS 0x0000000085100000| PB 0x0000000085100000| Untracked 
|  20|0x0000000085200000, 0x0000000085300000, 0x0000000085300000|100%| O|  |TAMS 0x0000000085200000| PB 0x0000000085200000| Untracked 
|  21|0x0000000085300000, 0x0000000085400000, 0x0000000085400000|100%| O|  |TAMS 0x0000000085300000| PB 0x0000000085300000| Untracked 
|  22|0x0000000085400000, 0x0000000085500000, 0x0000000085500000|100%| O|  |TAMS 0x0000000085400000| PB 0x0000000085400000| Untracked 
|  23|0x0000000085500000, 0x0000000085600000, 0x0000000085600000|100%| O|  |TAMS 0x0000000085500000| PB 0x0000000085500000| Untracked 
|  24|0x0000000085600000, 0x0000000085700000, 0x0000000085700000|100%| O|  |TAMS 0x0000000085600000| PB 0x0000000085600000| Untracked 
|  25|0x0000000085700000, 0x0000000085800000, 0x0000000085800000|100%| O|  |TAMS 0x0000000085700000| PB 0x0000000085700000| Untracked 
|  26|0x0000000085800000, 0x0000000085900000, 0x0000000085900000|100%| O|  |TAMS 0x0000000085800000| PB 0x0000000085800000| Untracked 
|  27|0x0000000085900000, 0x0000000085a00000, 0x0000000085a00000|100%| O|  |TAMS 0x0000000085900000| PB 0x0000000085900000| Untracked 
|  28|0x0000000085a00000, 0x0000000085b00000, 0x0000000085b00000|100%| O|  |TAMS 0x0000000085a00000| PB 0x0000000085a00000| Untracked 
|  29|0x0000000085b00000, 0x0000000085c00000, 0x0000000085c00000|100%| O|  |TAMS 0x0000000085b00000| PB 0x0000000085b00000| Untracked 
|  30|0x0000000085c00000, 0x0000000085d00000, 0x0000000085d00000|100%| O|  |TAMS 0x0000000085c00000| PB 0x0000000085c00000| Untracked 
|  31|0x0000000085d00000, 0x0000000085e00000, 0x0000000085e00000|100%| O|  |TAMS 0x0000000085d00000| PB 0x0000000085d00000| Untracked 
|  32|0x0000000085e00000, 0x0000000085f00000, 0x0000000085f00000|100%| O|  |TAMS 0x0000000085e00000| PB 0x0000000085e00000| Untracked 
|  33|0x0000000085f00000, 0x0000000086000000, 0x0000000086000000|100%| O|  |TAMS 0x0000000085f00000| PB 0x0000000085f00000| Untracked 
|  34|0x0000000086000000, 0x0000000086100000, 0x0000000086100000|100%| O|  |TAMS 0x0000000086000000| PB 0x0000000086000000| Untracked 
|  35|0x0000000086100000, 0x0000000086200000, 0x0000000086200000|100%| O|  |TAMS 0x0000000086100000| PB 0x0000000086100000| Untracked 
|  36|0x0000000086200000, 0x0000000086300000, 0x0000000086300000|100%| O|  |TAMS 0x0000000086200000| PB 0x0000000086200000| Untracked 
|  37|0x0000000086300000, 0x0000000086400000, 0x0000000086400000|100%| O|  |TAMS 0x0000000086300000| PB 0x0000000086300000| Untracked 
|  38|0x0000000086400000, 0x0000000086500000, 0x0000000086500000|100%| O|  |TAMS 0x0000000086400000| PB 0x0000000086400000| Untracked 
|  39|0x0000000086500000, 0x0000000086600000, 0x0000000086600000|100%| O|  |TAMS 0x0000000086500000| PB 0x0000000086500000| Untracked 
|  40|0x0000000086600000, 0x0000000086700000, 0x0000000086700000|100%| O|  |TAMS 0x0000000086600000| PB 0x0000000086600000| Untracked 
|  41|0x0000000086700000, 0x0000000086800000, 0x0000000086800000|100%| O|  |TAMS 0x0000000086700000| PB 0x0000000086700000| Untracked 
|  42|0x0000000086800000, 0x0000000086900000, 0x0000000086900000|100%| O|  |TAMS 0x0000000086800000| PB 0x0000000086800000| Untracked 
|  43|0x0000000086900000, 0x0000000086a00000, 0x0000000086a00000|100%| O|  |TAMS 0x0000000086900000| PB 0x0000000086900000| Untracked 
|  44|0x0000000086a00000, 0x0000000086b00000, 0x0000000086b00000|100%| O|  |TAMS 0x0000000086a00000| PB 0x0000000086a00000| Untracked 
|  45|0x0000000086b00000, 0x0000000086c00000, 0x0000000086c00000|100%| O|  |TAMS 0x0000000086b00000| PB 0x0000000086b00000| Untracked 
|  46|0x0000000086c00000, 0x0000000086d00000, 0x0000000086d00000|100%| O|  |TAMS 0x0000000086c00000| PB 0x0000000086c00000| Untracked 
|  47|0x0000000086d00000, 0x0000000086e00000, 0x0000000086e00000|100%| O|  |TAMS 0x0000000086d00000| PB 0x0000000086d00000| Untracked 
|  48|0x0000000086e00000, 0x0000000086f00000, 0x0000000086f00000|100%| O|  |TAMS 0x0000000086e00000| PB 0x0000000086e00000| Untracked 
|  49|0x0000000086f00000, 0x0000000087000000, 0x0000000087000000|100%| O|  |TAMS 0x0000000086f00000| PB 0x0000000086f00000| Untracked 
|  50|0x0000000087000000, 0x0000000087100000, 0x0000000087100000|100%| O|  |TAMS 0x0000000087000000| PB 0x0000000087000000| Untracked 
|  51|0x0000000087100000, 0x0000000087200000, 0x0000000087200000|100%| O|  |TAMS 0x0000000087100000| PB 0x0000000087100000| Untracked 
|  52|0x0000000087200000, 0x0000000087300000, 0x0000000087300000|100%| O|  |TAMS 0x0000000087200000| PB 0x0000000087200000| Untracked 
|  53|0x0000000087300000, 0x0000000087400000, 0x0000000087400000|100%| O|  |TAMS 0x0000000087300000| PB 0x0000000087300000| Untracked 
|  54|0x0000000087400000, 0x0000000087500000, 0x0000000087500000|100%| O|  |TAMS 0x0000000087400000| PB 0x0000000087400000| Untracked 
|  55|0x0000000087500000, 0x0000000087600000, 0x0000000087600000|100%| O|  |TAMS 0x0000000087500000| PB 0x0000000087500000| Untracked 
|  56|0x0000000087600000, 0x0000000087700000, 0x0000000087700000|100%| O|  |TAMS 0x0000000087600000| PB 0x0000000087600000| Untracked 
|  57|0x0000000087700000, 0x0000000087800000, 0x0000000087800000|100%| O|  |TAMS 0x0000000087700000| PB 0x0000000087700000| Untracked 
|  58|0x0000000087800000, 0x0000000087900000, 0x0000000087900000|100%| O|  |TAMS 0x0000000087800000| PB 0x0000000087800000| Untracked 
|  59|0x0000000087900000, 0x0000000087a00000, 0x0000000087a00000|100%| O|  |TAMS 0x0000000087900000| PB 0x0000000087900000| Untracked 
|  60|0x0000000087a00000, 0x0000000087b00000, 0x0000000087b00000|100%| O|  |TAMS 0x0000000087a00000| PB 0x0000000087a00000| Untracked 
|  61|0x0000000087b00000, 0x0000000087c00000, 0x0000000087c00000|100%| O|  |TAMS 0x0000000087b00000| PB 0x0000000087b00000| Untracked 
|  62|0x0000000087c00000, 0x0000000087d00000, 0x0000000087d00000|100%| O|  |TAMS 0x0000000087c00000| PB 0x0000000087c00000| Untracked 
|  63|0x0000000087d00000, 0x0000000087e00000, 0x0000000087e00000|100%| O|  |TAMS 0x0000000087d00000| PB 0x0000000087d00000| Untracked 
|  64|0x0000000087e00000, 0x0000000087f00000, 0x0000000087f00000|100%| O|  |TAMS 0x0000000087e00000| PB 0x0000000087e00000| Untracked 
|  65|0x0000000087f00000, 0x0000000088000000, 0x0000000088000000|100%| O|  |TAMS 0x0000000087f00000| PB 0x0000000087f00000| Untracked 
|  66|0x0000000088000000, 0x0000000088100000, 0x0000000088100000|100%| O|  |TAMS 0x0000000088000000| PB 0x0000000088000000| Untracked 
|  67|0x0000000088100000, 0x0000000088200000, 0x0000000088200000|100%| O|  |TAMS 0x0000000088100000| PB 0x0000000088100000| Untracked 
|  68|0x0000000088200000, 0x0000000088300000, 0x0000000088300000|100%| O|  |TAMS 0x0000000088200000| PB 0x0000000088200000| Untracked 
|  69|0x0000000088300000, 0x0000000088400000, 0x0000000088400000|100%| O|  |TAMS 0x0000000088300000| PB 0x0000000088300000| Untracked 
|  70|0x0000000088400000, 0x0000000088500000, 0x0000000088500000|100%| O|  |TAMS 0x0000000088400000| PB 0x0000000088400000| Untracked 
|  71|0x0000000088500000, 0x0000000088600000, 0x0000000088600000|100%| O|  |TAMS 0x0000000088500000| PB 0x0000000088500000| Untracked 
|  72|0x0000000088600000, 0x0000000088700000, 0x0000000088700000|100%| O|  |TAMS 0x0000000088600000| PB 0x0000000088600000| Untracked 
|  73|0x0000000088700000, 0x0000000088800000, 0x0000000088800000|100%| O|  |TAMS 0x0000000088700000| PB 0x0000000088700000| Untracked 
|  74|0x0000000088800000, 0x0000000088900000, 0x0000000088900000|100%| O|Cm|TAMS 0x0000000088800000| PB 0x0000000088800000| Complete 
|  75|0x0000000088900000, 0x0000000088a00000, 0x0000000088a00000|100%| O|  |TAMS 0x0000000088900000| PB 0x0000000088900000| Untracked 
|  76|0x0000000088a00000, 0x0000000088b00000, 0x0000000088b00000|100%| O|  |TAMS 0x0000000088a00000| PB 0x0000000088a00000| Untracked 
|  77|0x0000000088b00000, 0x0000000088c00000, 0x0000000088c00000|100%| O|  |TAMS 0x0000000088b00000| PB 0x0000000088b00000| Untracked 
|  78|0x0000000088c00000, 0x0000000088d00000, 0x0000000088d00000|100%| O|  |TAMS 0x0000000088c00000| PB 0x0000000088c00000| Untracked 
|  79|0x0000000088d00000, 0x0000000088e00000, 0x0000000088e00000|100%| O|  |TAMS 0x0000000088d00000| PB 0x0000000088d00000| Untracked 
|  80|0x0000000088e00000, 0x0000000088f00000, 0x0000000088f00000|100%| O|  |TAMS 0x0000000088e00000| PB 0x0000000088e00000| Untracked 
|  81|0x0000000088f00000, 0x0000000089000000, 0x0000000089000000|100%| O|  |TAMS 0x0000000088f00000| PB 0x0000000088f00000| Untracked 
|  82|0x0000000089000000, 0x0000000089100000, 0x0000000089100000|100%| O|  |TAMS 0x0000000089000000| PB 0x0000000089000000| Untracked 
|  83|0x0000000089100000, 0x0000000089200000, 0x0000000089200000|100%| O|  |TAMS 0x0000000089100000| PB 0x0000000089100000| Untracked 
|  84|0x0000000089200000, 0x0000000089300000, 0x0000000089300000|100%| O|  |TAMS 0x0000000089200000| PB 0x0000000089200000| Untracked 
|  85|0x0000000089300000, 0x0000000089400000, 0x0000000089400000|100%| O|  |TAMS 0x0000000089300000| PB 0x0000000089300000| Untracked 
|  86|0x0000000089400000, 0x0000000089500000, 0x0000000089500000|100%| O|  |TAMS 0x0000000089400000| PB 0x0000000089400000| Untracked 
|  87|0x0000000089500000, 0x0000000089600000, 0x0000000089600000|100%| O|  |TAMS 0x0000000089500000| PB 0x0000000089500000| Untracked 
|  88|0x0000000089600000, 0x0000000089700000, 0x0000000089700000|100%| O|  |TAMS 0x0000000089600000| PB 0x0000000089600000| Untracked 
|  89|0x0000000089700000, 0x0000000089800000, 0x0000000089800000|100%| O|  |TAMS 0x0000000089700000| PB 0x0000000089700000| Untracked 
|  90|0x0000000089800000, 0x0000000089900000, 0x0000000089900000|100%| O|  |TAMS 0x0000000089800000| PB 0x0000000089800000| Untracked 
|  91|0x0000000089900000, 0x0000000089a00000, 0x0000000089a00000|100%| O|  |TAMS 0x0000000089900000| PB 0x0000000089900000| Untracked 
|  92|0x0000000089a00000, 0x0000000089b00000, 0x0000000089b00000|100%| O|  |TAMS 0x0000000089a00000| PB 0x0000000089a00000| Untracked 
|  93|0x0000000089b00000, 0x0000000089c00000, 0x0000000089c00000|100%| O|  |TAMS 0x0000000089b00000| PB 0x0000000089b00000| Untracked 
|  94|0x0000000089c00000, 0x0000000089d00000, 0x0000000089d00000|100%| O|  |TAMS 0x0000000089c00000| PB 0x0000000089c00000| Untracked 
|  95|0x0000000089d00000, 0x0000000089e00000, 0x0000000089e00000|100%| O|  |TAMS 0x0000000089d00000| PB 0x0000000089d00000| Untracked 
|  96|0x0000000089e00000, 0x0000000089f00000, 0x0000000089f00000|100%| O|  |TAMS 0x0000000089e00000| PB 0x0000000089e00000| Untracked 
|  97|0x0000000089f00000, 0x000000008a000000, 0x000000008a000000|100%| O|  |TAMS 0x0000000089f00000| PB 0x0000000089f00000| Untracked 
|  98|0x000000008a000000, 0x000000008a100000, 0x000000008a100000|100%| O|  |TAMS 0x000000008a000000| PB 0x000000008a000000| Untracked 
|  99|0x000000008a100000, 0x000000008a200000, 0x000000008a200000|100%| O|  |TAMS 0x000000008a100000| PB 0x000000008a100000| Untracked 
| 100|0x000000008a200000, 0x000000008a300000, 0x000000008a300000|100%| O|  |TAMS 0x000000008a200000| PB 0x000000008a200000| Untracked 
| 101|0x000000008a300000, 0x000000008a400000, 0x000000008a400000|100%| O|  |TAMS 0x000000008a300000| PB 0x000000008a300000| Untracked 
| 102|0x000000008a400000, 0x000000008a500000, 0x000000008a500000|100%| O|  |TAMS 0x000000008a400000| PB 0x000000008a400000| Untracked 
| 103|0x000000008a500000, 0x000000008a600000, 0x000000008a600000|100%| O|  |TAMS 0x000000008a500000| PB 0x000000008a500000| Untracked 
| 104|0x000000008a600000, 0x000000008a700000, 0x000000008a700000|100%| O|  |TAMS 0x000000008a600000| PB 0x000000008a600000| Untracked 
| 105|0x000000008a700000, 0x000000008a800000, 0x000000008a800000|100%| O|  |TAMS 0x000000008a700000| PB 0x000000008a700000| Untracked 
| 106|0x000000008a800000, 0x000000008a900000, 0x000000008a900000|100%| O|  |TAMS 0x000000008a800000| PB 0x000000008a800000| Untracked 
| 107|0x000000008a900000, 0x000000008aa00000, 0x000000008aa00000|100%| O|  |TAMS 0x000000008a900000| PB 0x000000008a900000| Untracked 
| 108|0x000000008aa00000, 0x000000008ab00000, 0x000000008ab00000|100%| O|  |TAMS 0x000000008aa00000| PB 0x000000008aa00000| Untracked 
| 109|0x000000008ab00000, 0x000000008ac00000, 0x000000008ac00000|100%| O|  |TAMS 0x000000008ab00000| PB 0x000000008ab00000| Untracked 
| 110|0x000000008ac00000, 0x000000008ad00000, 0x000000008ad00000|100%| O|  |TAMS 0x000000008ac00000| PB 0x000000008ac00000| Untracked 
| 111|0x000000008ad00000, 0x000000008ae00000, 0x000000008ae00000|100%| O|  |TAMS 0x000000008ad00000| PB 0x000000008ad00000| Untracked 
| 112|0x000000008ae00000, 0x000000008af00000, 0x000000008af00000|100%| O|  |TAMS 0x000000008ae00000| PB 0x000000008ae00000| Untracked 
| 113|0x000000008af00000, 0x000000008b000000, 0x000000008b000000|100%| O|  |TAMS 0x000000008af00000| PB 0x000000008af00000| Untracked 
| 114|0x000000008b000000, 0x000000008b100000, 0x000000008b100000|100%| O|  |TAMS 0x000000008b000000| PB 0x000000008b000000| Untracked 
| 115|0x000000008b100000, 0x000000008b200000, 0x000000008b200000|100%| O|  |TAMS 0x000000008b100000| PB 0x000000008b100000| Untracked 
| 116|0x000000008b200000, 0x000000008b300000, 0x000000008b300000|100%| O|Cm|TAMS 0x000000008b200000| PB 0x000000008b200000| Complete 
| 117|0x000000008b300000, 0x000000008b400000, 0x000000008b400000|100%| O|  |TAMS 0x000000008b300000| PB 0x000000008b300000| Untracked 
| 118|0x000000008b400000, 0x000000008b500000, 0x000000008b500000|100%| O|  |TAMS 0x000000008b400000| PB 0x000000008b400000| Untracked 
| 119|0x000000008b500000, 0x000000008b600000, 0x000000008b600000|100%| O|  |TAMS 0x000000008b500000| PB 0x000000008b500000| Untracked 
| 120|0x000000008b600000, 0x000000008b700000, 0x000000008b700000|100%| O|  |TAMS 0x000000008b600000| PB 0x000000008b600000| Untracked 
| 121|0x000000008b700000, 0x000000008b800000, 0x000000008b800000|100%| O|  |TAMS 0x000000008b700000| PB 0x000000008b700000| Untracked 
| 122|0x000000008b800000, 0x000000008b900000, 0x000000008b900000|100%| O|  |TAMS 0x000000008b800000| PB 0x000000008b800000| Untracked 
| 123|0x000000008b900000, 0x000000008ba00000, 0x000000008ba00000|100%| O|  |TAMS 0x000000008b900000| PB 0x000000008b900000| Untracked 
| 124|0x000000008ba00000, 0x000000008bb00000, 0x000000008bb00000|100%| O|  |TAMS 0x000000008ba00000| PB 0x000000008ba00000| Untracked 
| 125|0x000000008bb00000, 0x000000008bc00000, 0x000000008bc00000|100%| O|  |TAMS 0x000000008bb00000| PB 0x000000008bb00000| Untracked 
| 126|0x000000008bc00000, 0x000000008bd00000, 0x000000008bd00000|100%| O|Cm|TAMS 0x000000008bc00000| PB 0x000000008bc00000| Complete 
| 127|0x000000008bd00000, 0x000000008be00000, 0x000000008be00000|100%| O|  |TAMS 0x000000008bd00000| PB 0x000000008bd00000| Untracked 
| 128|0x000000008be00000, 0x000000008bf00000, 0x000000008bf00000|100%| O|  |TAMS 0x000000008be00000| PB 0x000000008be00000| Untracked 
| 129|0x000000008bf00000, 0x000000008c000000, 0x000000008c000000|100%| O|  |TAMS 0x000000008bf00000| PB 0x000000008bf00000| Untracked 
| 130|0x000000008c000000, 0x000000008c100000, 0x000000008c100000|100%| O|  |TAMS 0x000000008c000000| PB 0x000000008c000000| Untracked 
| 131|0x000000008c100000, 0x000000008c200000, 0x000000008c200000|100%| O|  |TAMS 0x000000008c100000| PB 0x000000008c100000| Untracked 
| 132|0x000000008c200000, 0x000000008c300000, 0x000000008c300000|100%| O|  |TAMS 0x000000008c200000| PB 0x000000008c200000| Untracked 
| 133|0x000000008c300000, 0x000000008c400000, 0x000000008c400000|100%| O|  |TAMS 0x000000008c300000| PB 0x000000008c300000| Untracked 
| 134|0x000000008c400000, 0x000000008c500000, 0x000000008c500000|100%| O|  |TAMS 0x000000008c400000| PB 0x000000008c400000| Untracked 
| 135|0x000000008c500000, 0x000000008c600000, 0x000000008c600000|100%| O|  |TAMS 0x000000008c500000| PB 0x000000008c500000| Untracked 
| 136|0x000000008c600000, 0x000000008c700000, 0x000000008c700000|100%| O|  |TAMS 0x000000008c600000| PB 0x000000008c600000| Untracked 
| 137|0x000000008c700000, 0x000000008c800000, 0x000000008c800000|100%| O|  |TAMS 0x000000008c700000| PB 0x000000008c700000| Untracked 
| 138|0x000000008c800000, 0x000000008c900000, 0x000000008c900000|100%| O|  |TAMS 0x000000008c800000| PB 0x000000008c800000| Untracked 
| 139|0x000000008c900000, 0x000000008ca00000, 0x000000008ca00000|100%| O|  |TAMS 0x000000008c900000| PB 0x000000008c900000| Untracked 
| 140|0x000000008ca00000, 0x000000008cb00000, 0x000000008cb00000|100%| O|  |TAMS 0x000000008ca00000| PB 0x000000008ca00000| Untracked 
| 141|0x000000008cb00000, 0x000000008cc00000, 0x000000008cc00000|100%| O|  |TAMS 0x000000008cb00000| PB 0x000000008cb00000| Untracked 
| 142|0x000000008cc00000, 0x000000008cd00000, 0x000000008cd00000|100%| O|  |TAMS 0x000000008cc00000| PB 0x000000008cc00000| Untracked 
| 143|0x000000008cd00000, 0x000000008ce00000, 0x000000008ce00000|100%| O|  |TAMS 0x000000008cd00000| PB 0x000000008cd00000| Untracked 
| 144|0x000000008ce00000, 0x000000008cf00000, 0x000000008cf00000|100%| O|  |TAMS 0x000000008ce00000| PB 0x000000008ce00000| Untracked 
| 145|0x000000008cf00000, 0x000000008d000000, 0x000000008d000000|100%| O|  |TAMS 0x000000008cf00000| PB 0x000000008cf00000| Untracked 
| 146|0x000000008d000000, 0x000000008d100000, 0x000000008d100000|100%| O|Cm|TAMS 0x000000008d000000| PB 0x000000008d000000| Complete 
| 147|0x000000008d100000, 0x000000008d200000, 0x000000008d200000|100%| O|  |TAMS 0x000000008d100000| PB 0x000000008d100000| Untracked 
| 148|0x000000008d200000, 0x000000008d300000, 0x000000008d300000|100%| O|  |TAMS 0x000000008d200000| PB 0x000000008d200000| Untracked 
| 149|0x000000008d300000, 0x000000008d400000, 0x000000008d400000|100%| O|  |TAMS 0x000000008d300000| PB 0x000000008d300000| Untracked 
| 150|0x000000008d400000, 0x000000008d500000, 0x000000008d500000|100%| O|  |TAMS 0x000000008d400000| PB 0x000000008d400000| Untracked 
| 151|0x000000008d500000, 0x000000008d600000, 0x000000008d600000|100%| O|  |TAMS 0x000000008d500000| PB 0x000000008d500000| Untracked 
| 152|0x000000008d600000, 0x000000008d700000, 0x000000008d700000|100%| O|  |TAMS 0x000000008d600000| PB 0x000000008d600000| Untracked 
| 153|0x000000008d700000, 0x000000008d800000, 0x000000008d800000|100%| O|  |TAMS 0x000000008d700000| PB 0x000000008d700000| Untracked 
| 154|0x000000008d800000, 0x000000008d900000, 0x000000008d900000|100%| O|  |TAMS 0x000000008d800000| PB 0x000000008d800000| Untracked 
| 155|0x000000008d900000, 0x000000008da00000, 0x000000008da00000|100%| O|  |TAMS 0x000000008d900000| PB 0x000000008d900000| Untracked 
| 156|0x000000008da00000, 0x000000008db00000, 0x000000008db00000|100%| O|  |TAMS 0x000000008da00000| PB 0x000000008da00000| Untracked 
| 157|0x000000008db00000, 0x000000008dc00000, 0x000000008dc00000|100%| O|  |TAMS 0x000000008db00000| PB 0x000000008db00000| Untracked 
| 158|0x000000008dc00000, 0x000000008dd00000, 0x000000008dd00000|100%| O|  |TAMS 0x000000008dc00000| PB 0x000000008dc00000| Untracked 
| 159|0x000000008dd00000, 0x000000008de00000, 0x000000008de00000|100%| O|  |TAMS 0x000000008dd00000| PB 0x000000008dd00000| Untracked 
| 160|0x000000008de00000, 0x000000008df00000, 0x000000008df00000|100%| O|  |TAMS 0x000000008de00000| PB 0x000000008de00000| Untracked 
| 161|0x000000008df00000, 0x000000008df00000, 0x000000008e000000|  0%| F|  |TAMS 0x000000008df00000| PB 0x000000008df00000| Untracked 
| 162|0x000000008e000000, 0x000000008e000000, 0x000000008e100000|  0%| F|  |TAMS 0x000000008e000000| PB 0x000000008e000000| Untracked 
| 163|0x000000008e100000, 0x000000008e100000, 0x000000008e200000|  0%| F|  |TAMS 0x000000008e100000| PB 0x000000008e100000| Untracked 
| 164|0x000000008e200000, 0x000000008e200000, 0x000000008e300000|  0%| F|  |TAMS 0x000000008e200000| PB 0x000000008e200000| Untracked 
| 165|0x000000008e300000, 0x000000008e300000, 0x000000008e400000|  0%| F|  |TAMS 0x000000008e300000| PB 0x000000008e300000| Untracked 
| 166|0x000000008e400000, 0x000000008e400000, 0x000000008e500000|  0%| F|  |TAMS 0x000000008e400000| PB 0x000000008e400000| Untracked 
| 167|0x000000008e500000, 0x000000008e500000, 0x000000008e600000|  0%| F|  |TAMS 0x000000008e500000| PB 0x000000008e500000| Untracked 
| 168|0x000000008e600000, 0x000000008e600000, 0x000000008e700000|  0%| F|  |TAMS 0x000000008e600000| PB 0x000000008e600000| Untracked 
| 169|0x000000008e700000, 0x000000008e700000, 0x000000008e800000|  0%| F|  |TAMS 0x000000008e700000| PB 0x000000008e700000| Untracked 
| 170|0x000000008e800000, 0x000000008e800000, 0x000000008e900000|  0%| F|  |TAMS 0x000000008e800000| PB 0x000000008e800000| Untracked 
| 171|0x000000008e900000, 0x000000008e900000, 0x000000008ea00000|  0%| F|  |TAMS 0x000000008e900000| PB 0x000000008e900000| Untracked 
| 172|0x000000008ea00000, 0x000000008ea00000, 0x000000008eb00000|  0%| F|  |TAMS 0x000000008ea00000| PB 0x000000008ea00000| Untracked 
| 173|0x000000008eb00000, 0x000000008eb00000, 0x000000008ec00000|  0%| F|  |TAMS 0x000000008eb00000| PB 0x000000008eb00000| Untracked 
| 174|0x000000008ec00000, 0x000000008ec00000, 0x000000008ed00000|  0%| F|  |TAMS 0x000000008ec00000| PB 0x000000008ec00000| Untracked 
| 175|0x000000008ed00000, 0x000000008ed00000, 0x000000008ee00000|  0%| F|  |TAMS 0x000000008ed00000| PB 0x000000008ed00000| Untracked 
| 176|0x000000008ee00000, 0x000000008ee00000, 0x000000008ef00000|  0%| F|  |TAMS 0x000000008ee00000| PB 0x000000008ee00000| Untracked 
| 177|0x000000008ef00000, 0x000000008ef00000, 0x000000008f000000|  0%| F|  |TAMS 0x000000008ef00000| PB 0x000000008ef00000| Untracked 
| 178|0x000000008f000000, 0x000000008f000000, 0x000000008f100000|  0%| F|  |TAMS 0x000000008f000000| PB 0x000000008f000000| Untracked 
| 179|0x000000008f100000, 0x000000008f100000, 0x000000008f200000|  0%| F|  |TAMS 0x000000008f100000| PB 0x000000008f100000| Untracked 
| 180|0x000000008f200000, 0x000000008f200000, 0x000000008f300000|  0%| F|  |TAMS 0x000000008f200000| PB 0x000000008f200000| Untracked 
| 181|0x000000008f300000, 0x000000008f300000, 0x000000008f400000|  0%| F|  |TAMS 0x000000008f300000| PB 0x000000008f300000| Untracked 
| 182|0x000000008f400000, 0x000000008f400000, 0x000000008f500000|  0%| F|  |TAMS 0x000000008f400000| PB 0x000000008f400000| Untracked 
| 183|0x000000008f500000, 0x000000008f500000, 0x000000008f600000|  0%| F|  |TAMS 0x000000008f500000| PB 0x000000008f500000| Untracked 
| 184|0x000000008f600000, 0x000000008f600000, 0x000000008f700000|  0%| F|  |TAMS 0x000000008f600000| PB 0x000000008f600000| Untracked 
| 185|0x000000008f700000, 0x000000008f700000, 0x000000008f800000|  0%| F|  |TAMS 0x000000008f700000| PB 0x000000008f700000| Untracked 
| 186|0x000000008f800000, 0x000000008f800000, 0x000000008f900000|  0%| F|  |TAMS 0x000000008f800000| PB 0x000000008f800000| Untracked 
| 187|0x000000008f900000, 0x000000008f900000, 0x000000008fa00000|  0%| F|  |TAMS 0x000000008f900000| PB 0x000000008f900000| Untracked 
| 188|0x000000008fa00000, 0x000000008fa00000, 0x000000008fb00000|  0%| F|  |TAMS 0x000000008fa00000| PB 0x000000008fa00000| Untracked 
| 189|0x000000008fb00000, 0x000000008fb00000, 0x000000008fc00000|  0%| F|  |TAMS 0x000000008fb00000| PB 0x000000008fb00000| Untracked 
| 190|0x000000008fc00000, 0x000000008fc00000, 0x000000008fd00000|  0%| F|  |TAMS 0x000000008fc00000| PB 0x000000008fc00000| Untracked 
| 191|0x000000008fd00000, 0x000000008fd00000, 0x000000008fe00000|  0%| F|  |TAMS 0x000000008fd00000| PB 0x000000008fd00000| Untracked 
| 192|0x000000008fe00000, 0x000000008fe00000, 0x000000008ff00000|  0%| F|  |TAMS 0x000000008fe00000| PB 0x000000008fe00000| Untracked 
| 193|0x000000008ff00000, 0x000000008ff00000, 0x0000000090000000|  0%| F|  |TAMS 0x000000008ff00000| PB 0x000000008ff00000| Untracked 
| 194|0x0000000090000000, 0x0000000090000000, 0x0000000090100000|  0%| F|  |TAMS 0x0000000090000000| PB 0x0000000090000000| Untracked 
| 195|0x0000000090100000, 0x0000000090100000, 0x0000000090200000|  0%| F|  |TAMS 0x0000000090100000| PB 0x0000000090100000| Untracked 
| 196|0x0000000090200000, 0x0000000090200000, 0x0000000090300000|  0%| F|  |TAMS 0x0000000090200000| PB 0x0000000090200000| Untracked 
| 197|0x0000000090300000, 0x0000000090300000, 0x0000000090400000|  0%| F|  |TAMS 0x0000000090300000| PB 0x0000000090300000| Untracked 
| 198|0x0000000090400000, 0x0000000090400000, 0x0000000090500000|  0%| F|  |TAMS 0x0000000090400000| PB 0x0000000090400000| Untracked 
| 199|0x0000000090500000, 0x0000000090500000, 0x0000000090600000|  0%| F|  |TAMS 0x0000000090500000| PB 0x0000000090500000| Untracked 
| 200|0x0000000090600000, 0x0000000090600000, 0x0000000090700000|  0%| F|  |TAMS 0x0000000090600000| PB 0x0000000090600000| Untracked 
| 201|0x0000000090700000, 0x0000000090780000, 0x0000000090800000| 50%| E|  |TAMS 0x0000000090700000| PB 0x0000000090700000| Complete 
| 202|0x0000000090800000, 0x0000000090900000, 0x0000000090900000|100%| E|CS|TAMS 0x0000000090800000| PB 0x0000000090800000| Complete 
| 203|0x0000000090900000, 0x0000000090a00000, 0x0000000090a00000|100%| E|CS|TAMS 0x0000000090900000| PB 0x0000000090900000| Complete 
| 204|0x0000000090a00000, 0x0000000090b00000, 0x0000000090b00000|100%| E|CS|TAMS 0x0000000090a00000| PB 0x0000000090a00000| Complete 
| 205|0x0000000090b00000, 0x0000000090c00000, 0x0000000090c00000|100%| E|CS|TAMS 0x0000000090b00000| PB 0x0000000090b00000| Complete 
| 206|0x0000000090c00000, 0x0000000090ca5018, 0x0000000090d00000| 64%| S|CS|TAMS 0x0000000090c00000| PB 0x0000000090c00000| Complete 
| 207|0x0000000090d00000, 0x0000000090e00000, 0x0000000090e00000|100%| S|CS|TAMS 0x0000000090d00000| PB 0x0000000090d00000| Complete 
| 208|0x0000000090e00000, 0x0000000090f00000, 0x0000000090f00000|100%| S|CS|TAMS 0x0000000090e00000| PB 0x0000000090e00000| Complete 
| 209|0x0000000090f00000, 0x0000000091000000, 0x0000000091000000|100%| S|CS|TAMS 0x0000000090f00000| PB 0x0000000090f00000| Complete 
| 210|0x0000000091000000, 0x0000000091100000, 0x0000000091100000|100%| S|CS|TAMS 0x0000000091000000| PB 0x0000000091000000| Complete 
| 211|0x0000000091100000, 0x0000000091200000, 0x0000000091200000|100%| S|CS|TAMS 0x0000000091100000| PB 0x0000000091100000| Complete 
| 212|0x0000000091200000, 0x0000000091300000, 0x0000000091300000|100%| S|CS|TAMS 0x0000000091200000| PB 0x0000000091200000| Complete 
| 213|0x0000000091300000, 0x0000000091400000, 0x0000000091400000|100%| S|CS|TAMS 0x0000000091300000| PB 0x0000000091300000| Complete 
| 214|0x0000000091400000, 0x0000000091500000, 0x0000000091500000|100%| S|CS|TAMS 0x0000000091400000| PB 0x0000000091400000| Complete 
| 215|0x0000000091500000, 0x0000000091600000, 0x0000000091600000|100%| E|CS|TAMS 0x0000000091500000| PB 0x0000000091500000| Complete 
| 216|0x0000000091600000, 0x0000000091700000, 0x0000000091700000|100%| E|CS|TAMS 0x0000000091600000| PB 0x0000000091600000| Complete 
| 217|0x0000000091700000, 0x0000000091800000, 0x0000000091800000|100%| E|CS|TAMS 0x0000000091700000| PB 0x0000000091700000| Complete 
| 218|0x0000000091800000, 0x0000000091900000, 0x0000000091900000|100%| E|CS|TAMS 0x0000000091800000| PB 0x0000000091800000| Complete 
| 219|0x0000000091900000, 0x0000000091a00000, 0x0000000091a00000|100%| E|CS|TAMS 0x0000000091900000| PB 0x0000000091900000| Complete 
| 220|0x0000000091a00000, 0x0000000091b00000, 0x0000000091b00000|100%| E|CS|TAMS 0x0000000091a00000| PB 0x0000000091a00000| Complete 
| 221|0x0000000091b00000, 0x0000000091c00000, 0x0000000091c00000|100%| E|CS|TAMS 0x0000000091b00000| PB 0x0000000091b00000| Complete 
| 222|0x0000000091c00000, 0x0000000091d00000, 0x0000000091d00000|100%| E|CS|TAMS 0x0000000091c00000| PB 0x0000000091c00000| Complete 
| 223|0x0000000091d00000, 0x0000000091e00000, 0x0000000091e00000|100%| E|CS|TAMS 0x0000000091d00000| PB 0x0000000091d00000| Complete 
| 224|0x0000000091e00000, 0x0000000091f00000, 0x0000000091f00000|100%| E|CS|TAMS 0x0000000091e00000| PB 0x0000000091e00000| Complete 
| 225|0x0000000091f00000, 0x0000000092000000, 0x0000000092000000|100%| E|CS|TAMS 0x0000000091f00000| PB 0x0000000091f00000| Complete 
| 226|0x0000000092000000, 0x0000000092100000, 0x0000000092100000|100%| E|CS|TAMS 0x0000000092000000| PB 0x0000000092000000| Complete 
| 227|0x0000000092100000, 0x0000000092200000, 0x0000000092200000|100%| E|CS|TAMS 0x0000000092100000| PB 0x0000000092100000| Complete 
| 228|0x0000000092200000, 0x0000000092300000, 0x0000000092300000|100%| E|CS|TAMS 0x0000000092200000| PB 0x0000000092200000| Complete 
| 229|0x0000000092300000, 0x0000000092400000, 0x0000000092400000|100%| E|CS|TAMS 0x0000000092300000| PB 0x0000000092300000| Complete 
| 230|0x0000000092400000, 0x0000000092500000, 0x0000000092500000|100%| E|CS|TAMS 0x0000000092400000| PB 0x0000000092400000| Complete 
| 231|0x0000000092500000, 0x0000000092600000, 0x0000000092600000|100%| E|CS|TAMS 0x0000000092500000| PB 0x0000000092500000| Complete 
| 232|0x0000000092600000, 0x0000000092700000, 0x0000000092700000|100%| E|CS|TAMS 0x0000000092600000| PB 0x0000000092600000| Complete 
| 233|0x0000000092700000, 0x0000000092800000, 0x0000000092800000|100%| E|CS|TAMS 0x0000000092700000| PB 0x0000000092700000| Complete 
| 234|0x0000000092800000, 0x0000000092900000, 0x0000000092900000|100%| E|CS|TAMS 0x0000000092800000| PB 0x0000000092800000| Complete 
| 235|0x0000000092900000, 0x0000000092a00000, 0x0000000092a00000|100%| E|CS|TAMS 0x0000000092900000| PB 0x0000000092900000| Complete 
| 236|0x0000000092a00000, 0x0000000092b00000, 0x0000000092b00000|100%| E|CS|TAMS 0x0000000092a00000| PB 0x0000000092a00000| Complete 
| 237|0x0000000092b00000, 0x0000000092c00000, 0x0000000092c00000|100%| E|CS|TAMS 0x0000000092b00000| PB 0x0000000092b00000| Complete 
| 238|0x0000000092c00000, 0x0000000092d00000, 0x0000000092d00000|100%| E|CS|TAMS 0x0000000092c00000| PB 0x0000000092c00000| Complete 
| 239|0x0000000092d00000, 0x0000000092e00000, 0x0000000092e00000|100%| E|CS|TAMS 0x0000000092d00000| PB 0x0000000092d00000| Complete 
| 240|0x0000000092e00000, 0x0000000092f00000, 0x0000000092f00000|100%| E|CS|TAMS 0x0000000092e00000| PB 0x0000000092e00000| Complete 
| 241|0x0000000092f00000, 0x0000000093000000, 0x0000000093000000|100%| E|CS|TAMS 0x0000000092f00000| PB 0x0000000092f00000| Complete 
| 242|0x0000000093000000, 0x0000000093100000, 0x0000000093100000|100%| E|CS|TAMS 0x0000000093000000| PB 0x0000000093000000| Complete 
| 243|0x0000000093100000, 0x0000000093200000, 0x0000000093200000|100%| E|CS|TAMS 0x0000000093100000| PB 0x0000000093100000| Complete 
| 244|0x0000000093200000, 0x0000000093300000, 0x0000000093300000|100%| E|CS|TAMS 0x0000000093200000| PB 0x0000000093200000| Complete 
| 245|0x0000000093300000, 0x0000000093400000, 0x0000000093400000|100%| E|CS|TAMS 0x0000000093300000| PB 0x0000000093300000| Complete 
| 246|0x0000000093400000, 0x0000000093500000, 0x0000000093500000|100%| E|CS|TAMS 0x0000000093400000| PB 0x0000000093400000| Complete 
| 247|0x0000000093500000, 0x0000000093600000, 0x0000000093600000|100%| E|CS|TAMS 0x0000000093500000| PB 0x0000000093500000| Complete 
| 248|0x0000000093600000, 0x0000000093700000, 0x0000000093700000|100%| E|CS|TAMS 0x0000000093600000| PB 0x0000000093600000| Complete 
| 249|0x0000000093700000, 0x0000000093800000, 0x0000000093800000|100%| E|CS|TAMS 0x0000000093700000| PB 0x0000000093700000| Complete 
| 250|0x0000000093800000, 0x0000000093900000, 0x0000000093900000|100%| E|CS|TAMS 0x0000000093800000| PB 0x0000000093800000| Complete 
| 251|0x0000000093900000, 0x0000000093a00000, 0x0000000093a00000|100%| E|CS|TAMS 0x0000000093900000| PB 0x0000000093900000| Complete 
| 252|0x0000000093a00000, 0x0000000093b00000, 0x0000000093b00000|100%| E|CS|TAMS 0x0000000093a00000| PB 0x0000000093a00000| Complete 
| 253|0x0000000093b00000, 0x0000000093c00000, 0x0000000093c00000|100%| E|CS|TAMS 0x0000000093b00000| PB 0x0000000093b00000| Complete 
| 254|0x0000000093c00000, 0x0000000093d00000, 0x0000000093d00000|100%| E|CS|TAMS 0x0000000093c00000| PB 0x0000000093c00000| Complete 
| 255|0x0000000093d00000, 0x0000000093e00000, 0x0000000093e00000|100%| E|CS|TAMS 0x0000000093d00000| PB 0x0000000093d00000| Complete 
| 256|0x0000000093e00000, 0x0000000093f00000, 0x0000000093f00000|100%| E|CS|TAMS 0x0000000093e00000| PB 0x0000000093e00000| Complete 
| 257|0x0000000093f00000, 0x0000000094000000, 0x0000000094000000|100%| E|CS|TAMS 0x0000000093f00000| PB 0x0000000093f00000| Complete 
| 258|0x0000000094000000, 0x0000000094100000, 0x0000000094100000|100%| E|CS|TAMS 0x0000000094000000| PB 0x0000000094000000| Complete 
| 259|0x0000000094100000, 0x0000000094200000, 0x0000000094200000|100%| E|CS|TAMS 0x0000000094100000| PB 0x0000000094100000| Complete 
| 260|0x0000000094200000, 0x0000000094300000, 0x0000000094300000|100%| E|CS|TAMS 0x0000000094200000| PB 0x0000000094200000| Complete 
| 261|0x0000000094300000, 0x0000000094400000, 0x0000000094400000|100%| E|CS|TAMS 0x0000000094300000| PB 0x0000000094300000| Complete 
| 262|0x0000000094400000, 0x0000000094500000, 0x0000000094500000|100%| E|CS|TAMS 0x0000000094400000| PB 0x0000000094400000| Complete 
| 263|0x0000000094500000, 0x0000000094600000, 0x0000000094600000|100%| E|CS|TAMS 0x0000000094500000| PB 0x0000000094500000| Complete 
| 264|0x0000000094600000, 0x0000000094700000, 0x0000000094700000|100%| E|CS|TAMS 0x0000000094600000| PB 0x0000000094600000| Complete 
| 265|0x0000000094700000, 0x0000000094800000, 0x0000000094800000|100%| E|CS|TAMS 0x0000000094700000| PB 0x0000000094700000| Complete 
| 266|0x0000000094800000, 0x0000000094900000, 0x0000000094900000|100%| E|CS|TAMS 0x0000000094800000| PB 0x0000000094800000| Complete 
| 267|0x0000000094900000, 0x0000000094a00000, 0x0000000094a00000|100%| E|CS|TAMS 0x0000000094900000| PB 0x0000000094900000| Complete 
| 268|0x0000000094a00000, 0x0000000094b00000, 0x0000000094b00000|100%| E|CS|TAMS 0x0000000094a00000| PB 0x0000000094a00000| Complete 
| 269|0x0000000094b00000, 0x0000000094c00000, 0x0000000094c00000|100%| E|CS|TAMS 0x0000000094b00000| PB 0x0000000094b00000| Complete 
| 270|0x0000000094c00000, 0x0000000094d00000, 0x0000000094d00000|100%| E|CS|TAMS 0x0000000094c00000| PB 0x0000000094c00000| Complete 
| 271|0x0000000094d00000, 0x0000000094e00000, 0x0000000094e00000|100%| E|CS|TAMS 0x0000000094d00000| PB 0x0000000094d00000| Complete 
| 272|0x0000000094e00000, 0x0000000094f00000, 0x0000000094f00000|100%| E|CS|TAMS 0x0000000094e00000| PB 0x0000000094e00000| Complete 
| 273|0x0000000094f00000, 0x0000000095000000, 0x0000000095000000|100%| E|CS|TAMS 0x0000000094f00000| PB 0x0000000094f00000| Complete 
| 274|0x0000000095000000, 0x0000000095100000, 0x0000000095100000|100%| E|CS|TAMS 0x0000000095000000| PB 0x0000000095000000| Complete 
| 275|0x0000000095100000, 0x0000000095200000, 0x0000000095200000|100%| E|CS|TAMS 0x0000000095100000| PB 0x0000000095100000| Complete 
| 276|0x0000000095200000, 0x0000000095300000, 0x0000000095300000|100%| E|CS|TAMS 0x0000000095200000| PB 0x0000000095200000| Complete 
| 277|0x0000000095300000, 0x0000000095400000, 0x0000000095400000|100%| E|CS|TAMS 0x0000000095300000| PB 0x0000000095300000| Complete 
| 278|0x0000000095400000, 0x0000000095500000, 0x0000000095500000|100%| E|CS|TAMS 0x0000000095400000| PB 0x0000000095400000| Complete 
| 279|0x0000000095500000, 0x0000000095600000, 0x0000000095600000|100%| E|CS|TAMS 0x0000000095500000| PB 0x0000000095500000| Complete 
| 280|0x0000000095600000, 0x0000000095700000, 0x0000000095700000|100%| E|CS|TAMS 0x0000000095600000| PB 0x0000000095600000| Complete 
| 281|0x0000000095700000, 0x0000000095800000, 0x0000000095800000|100%| E|CS|TAMS 0x0000000095700000| PB 0x0000000095700000| Complete 
| 282|0x0000000095800000, 0x0000000095900000, 0x0000000095900000|100%| E|CS|TAMS 0x0000000095800000| PB 0x0000000095800000| Complete 
|1975|0x00000000ff500000, 0x00000000ff600000, 0x00000000ff600000|100%| O|  |TAMS 0x00000000ff500000| PB 0x00000000ff500000| Untracked 
|1976|0x00000000ff600000, 0x00000000ff700000, 0x00000000ff700000|100%| O|  |TAMS 0x00000000ff600000| PB 0x00000000ff600000| Untracked 
|1977|0x00000000ff700000, 0x00000000ff800000, 0x00000000ff800000|100%| O|  |TAMS 0x00000000ff700000| PB 0x00000000ff700000| Untracked 
|1978|0x00000000ff800000, 0x00000000ff900000, 0x00000000ff900000|100%| O|  |TAMS 0x00000000ff800000| PB 0x00000000ff800000| Untracked 
|1979|0x00000000ff900000, 0x00000000ffa00000, 0x00000000ffa00000|100%| O|  |TAMS 0x00000000ff900000| PB 0x00000000ff900000| Untracked 
|1980|0x00000000ffa00000, 0x00000000ffb00000, 0x00000000ffb00000|100%| O|  |TAMS 0x00000000ffa00000| PB 0x00000000ffa00000| Untracked 
|1981|0x00000000ffb00000, 0x00000000ffc00000, 0x00000000ffc00000|100%| O|  |TAMS 0x00000000ffb00000| PB 0x00000000ffb00000| Untracked 
|1982|0x00000000ffc00000, 0x00000000ffd00000, 0x00000000ffd00000|100%| O|  |TAMS 0x00000000ffc00000| PB 0x00000000ffc00000| Untracked 
|1983|0x00000000ffd00000, 0x00000000ffe00000, 0x00000000ffe00000|100%| O|  |TAMS 0x00000000ffd00000| PB 0x00000000ffd00000| Untracked 
|1984|0x00000000ffe00000, 0x00000000fff00000, 0x00000000fff00000|100%| O|  |TAMS 0x00000000ffe00000| PB 0x00000000ffe00000| Untracked 
|1985|0x00000000fff00000, 0x0000000100000000, 0x0000000100000000|100%| O|  |TAMS 0x00000000fff00000| PB 0x00000000fff00000| Untracked 

Card table byte_map: [0x0000026bb1e10000,0x0000026bb2200000] _byte_map_base: 0x0000026bb19f1000

Marking Bits: (CMBitMap*) 0x0000026b9856ff30
 Bits: [0x0000026bb2200000, 0x0000026bb4108000)

Polling page: 0x0000026b985e0000

Metaspace:

Usage:
  Non-class:     48.84 MB used.
      Class:      6.00 MB used.
       Both:     54.84 MB used.

Virtual space:
  Non-class space:       64.00 MB reserved,      49.06 MB ( 77%) committed,  1 nodes.
      Class space:        1.00 GB reserved,       6.19 MB ( <1%) committed,  1 nodes.
             Both:        1.06 GB reserved,      55.25 MB (  5%) committed. 

Chunk freelists:
   Non-Class:  14.17 MB
       Class:  9.86 MB
        Both:  24.03 MB

MaxMetaspaceSize: unlimited
CompressedClassSpaceSize: 1.00 GB
Initial GC threshold: 21.00 MB
Current GC threshold: 91.25 MB
CDS: on
 - commit_granule_bytes: 65536.
 - commit_granule_words: 8192.
 - virtual_space_node_default_size: 8388608.
 - enlarge_chunks_in_place: 1.
 - use_allocation_guard: 0.


Internal statistics:

num_allocs_failed_limit: 6.
num_arena_births: 346.
num_arena_deaths: 0.
num_vsnodes_births: 2.
num_vsnodes_deaths: 0.
num_space_committed: 882.
num_space_uncommitted: 0.
num_chunks_returned_to_freelist: 6.
num_chunks_taken_from_freelist: 2293.
num_chunk_merges: 6.
num_chunk_splits: 1858.
num_chunks_enlarged: 1670.
num_inconsistent_stats: 0.

CodeHeap 'non-profiled nmethods': size=120000Kb used=8813Kb max_used=8813Kb free=111186Kb
 bounds [0x0000026ba9a90000, 0x0000026baa330000, 0x0000026bb0fc0000]
CodeHeap 'profiled nmethods': size=120000Kb used=40135Kb max_used=40135Kb free=79864Kb
 bounds [0x0000026ba1fc0000, 0x0000026ba4710000, 0x0000026ba94f0000]
CodeHeap 'non-nmethods': size=5760Kb used=1866Kb max_used=1938Kb free=3893Kb
 bounds [0x0000026ba94f0000, 0x0000026ba9760000, 0x0000026ba9a90000]
 total_blobs=12063 nmethods=11375 adapters=590
 compilation: enabled
              stopped_count=0, restarted_count=0
 full_count=0

Compilation events (20 events):
Event: 26.680 Thread 0x0000026bb6c2d780 13361       3       org.jetbrains.kotlin.fir.scopes.impl.FirClassSubstitutionScope::processDirectOverriddenFunctionsWithBaseScope (194 bytes)
Event: 26.683 Thread 0x0000026bb6c2d780 nmethod 13361 0x0000026ba46e0e90 code [0x0000026ba46e1400, 0x0000026ba46e3ed0]
Event: 26.684 Thread 0x0000026bb6c2d780 13363       3       org.jetbrains.kotlin.types.model.TypeSystemContextKt::requireOrDescribe (88 bytes)
Event: 26.685 Thread 0x0000026bb6c2d780 nmethod 13363 0x0000026ba46e4c90 code [0x0000026ba46e5000, 0x0000026ba46e6080]
Event: 26.685 Thread 0x0000026bb6c2d780 13362       3       org.jetbrains.kotlin.name.StandardClassIds::getDouble (4 bytes)
Event: 26.686 Thread 0x0000026bb6c2d780 nmethod 13362 0x0000026ba2c24610 code [0x0000026ba2c247a0, 0x0000026ba2c248b8]
Event: 26.695 Thread 0x0000026bb6c2d780 13367       3       org.jetbrains.kotlin.fir.resolve.providers.FirCachedSymbolNamesProvider::getTopLevelClassifierPackageNames (15 bytes)
Event: 26.695 Thread 0x0000026bb6c2d780 nmethod 13367 0x0000026ba2995c10 code [0x0000026ba2995dc0, 0x0000026ba29960a0]
Event: 26.697 Thread 0x0000026bb6c2d780 13368       1       org.jetbrains.kotlin.fir.types.ConeCapturedType::getCaptureStatus (5 bytes)
Event: 26.697 Thread 0x0000026bb6c2d780 nmethod 13368 0x0000026baa323390 code [0x0000026baa323520, 0x0000026baa3235e8]
Event: 26.720 Thread 0x0000026bb6c2d780 13369       3       org.jetbrains.kotlin.fir.resolve.calls.overloads.ConeOverloadConflictResolver$SpecificityComparisonWithNumerics$1::isNonSubtypeEquallyOrMoreSpecific (303 bytes)
Event: 26.723 Thread 0x0000026bb6c2d780 nmethod 13369 0x0000026ba46e6710 code [0x0000026ba46e6d00, 0x0000026ba46e9870]
Event: 26.726 Thread 0x0000026bb6c2d780 13370       3       org.jetbrains.kotlin.resolve.calls.inference.model.NewConstraintSystemImpl::addOtherSystem (496 bytes)
Event: 26.729 Thread 0x0000026bb6c2d780 nmethod 13370 0x0000026ba46ea610 code [0x0000026ba46ead60, 0x0000026ba46ef0a0]
Event: 26.729 Thread 0x0000026bb6c2d780 13371       3       java.util.ArrayList::hashCodeRange (68 bytes)
Event: 26.730 Thread 0x0000026bb6c2d780 nmethod 13371 0x0000026ba2a54c10 code [0x0000026ba2a54de0, 0x0000026ba2a55220]
Event: 26.735 Thread 0x0000026bb6c2d780 13372       3       org.jetbrains.kotlin.util.OneElementArrayMap::copy (19 bytes)
Event: 26.736 Thread 0x0000026bb6c2d780 nmethod 13372 0x0000026ba46f0590 code [0x0000026ba46f07e0, 0x0000026ba46f0ff8]
Event: 26.752 Thread 0x0000026bb6c2d780 13374       3       org.jetbrains.kotlin.fir.resolve.inference.ConstraintSystemCompleterKt::processCandidatesAndPostponedAtomsInOrderImpl (400 bytes)
Event: 26.756 Thread 0x0000026bb6c2d780 nmethod 13374 0x0000026ba46f1310 code [0x0000026ba46f18e0, 0x0000026ba46f4f08]

GC Heap History (20 events):
Event: 12.036 GC heap before
{Heap before GC invocations=17 (full 0):
 garbage-first heap   total 162816K, used 134613K [0x0000000083e00000, 0x0000000100000000)
  region size 1024K, 40 young (40960K), 4 survivors (4096K)
 Metaspace       used 46648K, committed 46976K, reserved 1114112K
  class space    used 5355K, committed 5504K, reserved 1048576K
}
Event: 12.056 GC heap after
{Heap after GC invocations=18 (full 0):
 garbage-first heap   total 162816K, used 102792K [0x0000000083e00000, 0x0000000100000000)
  region size 1024K, 5 young (5120K), 5 survivors (5120K)
 Metaspace       used 46648K, committed 46976K, reserved 1114112K
  class space    used 5355K, committed 5504K, reserved 1048576K
}
Event: 12.377 GC heap before
{Heap before GC invocations=18 (full 0):
 garbage-first heap   total 162816K, used 139656K [0x0000000083e00000, 0x0000000100000000)
  region size 1024K, 41 young (41984K), 5 survivors (5120K)
 Metaspace       used 46940K, committed 47296K, reserved 1114112K
  class space    used 5360K, committed 5504K, reserved 1048576K
}
Event: 12.394 GC heap after
{Heap after GC invocations=19 (full 0):
 garbage-first heap   total 199680K, used 112450K [0x0000000083e00000, 0x0000000100000000)
  region size 1024K, 6 young (6144K), 6 survivors (6144K)
 Metaspace       used 46940K, committed 47296K, reserved 1114112K
  class space    used 5360K, committed 5504K, reserved 1048576K
}
Event: 14.060 GC heap before
{Heap before GC invocations=20 (full 0):
 garbage-first heap   total 199680K, used 165698K [0x0000000083e00000, 0x0000000100000000)
  region size 1024K, 58 young (59392K), 6 survivors (6144K)
 Metaspace       used 51278K, committed 51648K, reserved 1114112K
  class space    used 5824K, committed 6016K, reserved 1048576K
}
Event: 14.079 GC heap after
{Heap after GC invocations=21 (full 0):
 garbage-first heap   total 199680K, used 121188K [0x0000000083e00000, 0x0000000100000000)
  region size 1024K, 8 young (8192K), 8 survivors (8192K)
 Metaspace       used 51278K, committed 51648K, reserved 1114112K
  class space    used 5824K, committed 6016K, reserved 1048576K
}
Event: 15.918 GC heap before
{Heap before GC invocations=21 (full 0):
 garbage-first heap   total 199680K, used 170340K [0x0000000083e00000, 0x0000000100000000)
  region size 1024K, 56 young (57344K), 8 survivors (8192K)
 Metaspace       used 52752K, committed 53120K, reserved 1114112K
  class space    used 5884K, committed 6080K, reserved 1048576K
}
Event: 15.942 GC heap after
{Heap after GC invocations=22 (full 0):
 garbage-first heap   total 199680K, used 127488K [0x0000000083e00000, 0x0000000100000000)
  region size 1024K, 7 young (7168K), 7 survivors (7168K)
 Metaspace       used 52752K, committed 53120K, reserved 1114112K
  class space    used 5884K, committed 6080K, reserved 1048576K
}
Event: 16.141 GC heap before
{Heap before GC invocations=22 (full 0):
 garbage-first heap   total 199680K, used 173568K [0x0000000083e00000, 0x0000000100000000)
  region size 1024K, 52 young (53248K), 7 survivors (7168K)
 Metaspace       used 52752K, committed 53120K, reserved 1114112K
  class space    used 5884K, committed 6080K, reserved 1048576K
}
Event: 16.156 GC heap after
{Heap after GC invocations=23 (full 0):
 garbage-first heap   total 199680K, used 137728K [0x0000000083e00000, 0x0000000100000000)
  region size 1024K, 7 young (7168K), 7 survivors (7168K)
 Metaspace       used 52752K, committed 53120K, reserved 1114112K
  class space    used 5884K, committed 6080K, reserved 1048576K
}
Event: 16.504 GC heap before
{Heap before GC invocations=24 (full 0):
 garbage-first heap   total 278528K, used 176640K [0x0000000083e00000, 0x0000000100000000)
  region size 1024K, 45 young (46080K), 7 survivors (7168K)
 Metaspace       used 52753K, committed 53120K, reserved 1114112K
  class space    used 5885K, committed 6080K, reserved 1048576K
}
Event: 16.512 GC heap after
{Heap after GC invocations=25 (full 0):
 garbage-first heap   total 278528K, used 147250K [0x0000000083e00000, 0x0000000100000000)
  region size 1024K, 6 young (6144K), 6 survivors (6144K)
 Metaspace       used 52753K, committed 53120K, reserved 1114112K
  class space    used 5885K, committed 6080K, reserved 1048576K
}
Event: 18.968 GC heap before
{Heap before GC invocations=25 (full 0):
 garbage-first heap   total 278528K, used 233266K [0x0000000083e00000, 0x0000000100000000)
  region size 1024K, 90 young (92160K), 6 survivors (6144K)
 Metaspace       used 53945K, committed 54336K, reserved 1114112K
  class space    used 5959K, committed 6144K, reserved 1048576K
}
Event: 18.984 GC heap after
{Heap after GC invocations=26 (full 0):
 garbage-first heap   total 278528K, used 160660K [0x0000000083e00000, 0x0000000100000000)
  region size 1024K, 12 young (12288K), 12 survivors (12288K)
 Metaspace       used 53945K, committed 54336K, reserved 1114112K
  class space    used 5959K, committed 6144K, reserved 1048576K
}
Event: 21.085 GC heap before
{Heap before GC invocations=26 (full 0):
 garbage-first heap   total 278528K, used 232340K [0x0000000083e00000, 0x0000000100000000)
  region size 1024K, 82 young (83968K), 12 survivors (12288K)
 Metaspace       used 54864K, committed 55168K, reserved 1114112K
  class space    used 6044K, committed 6208K, reserved 1048576K
}
Event: 21.100 GC heap after
{Heap after GC invocations=27 (full 0):
 garbage-first heap   total 278528K, used 169602K [0x0000000083e00000, 0x0000000100000000)
  region size 1024K, 8 young (8192K), 8 survivors (8192K)
 Metaspace       used 54864K, committed 55168K, reserved 1114112K
  class space    used 6044K, committed 6208K, reserved 1048576K
}
Event: 23.332 GC heap before
{Heap before GC invocations=27 (full 0):
 garbage-first heap   total 278528K, used 241282K [0x0000000083e00000, 0x0000000100000000)
  region size 1024K, 78 young (79872K), 8 survivors (8192K)
 Metaspace       used 55559K, committed 55936K, reserved 1114112K
  class space    used 6107K, committed 6272K, reserved 1048576K
}
Event: 23.348 GC heap after
{Heap after GC invocations=28 (full 0):
 garbage-first heap   total 278528K, used 177412K [0x0000000083e00000, 0x0000000100000000)
  region size 1024K, 9 young (9216K), 9 survivors (9216K)
 Metaspace       used 55559K, committed 55936K, reserved 1114112K
  class space    used 6107K, committed 6272K, reserved 1048576K
}
Event: 25.208 GC heap before
{Heap before GC invocations=29 (full 0):
 garbage-first heap   total 301056K, used 246020K [0x0000000083e00000, 0x0000000100000000)
  region size 1024K, 77 young (78848K), 9 survivors (9216K)
 Metaspace       used 55959K, committed 56320K, reserved 1114112K
  class space    used 6131K, committed 6272K, reserved 1048576K
}
Event: 25.221 GC heap after
{Heap after GC invocations=30 (full 0):
 garbage-first heap   total 301056K, used 184980K [0x0000000083e00000, 0x0000000100000000)
  region size 1024K, 9 young (9216K), 9 survivors (9216K)
 Metaspace       used 55959K, committed 56320K, reserved 1114112K
  class space    used 6131K, committed 6272K, reserved 1048576K
}

Dll operation events (7 events):
Event: 0.021 Loaded shared library C:\Program Files\Java\latest\jdk-21\bin\java.dll
Event: 0.104 Loaded shared library C:\Program Files\Java\latest\jdk-21\bin\jsvml.dll
Event: 0.191 Loaded shared library C:\Program Files\Java\latest\jdk-21\bin\net.dll
Event: 0.197 Loaded shared library C:\Program Files\Java\latest\jdk-21\bin\nio.dll
Event: 0.245 Loaded shared library C:\Program Files\Java\latest\jdk-21\bin\zip.dll
Event: 0.291 Loaded shared library C:\Program Files\Java\latest\jdk-21\bin\jimage.dll
Event: 2.208 Loaded shared library C:\Program Files\Java\latest\jdk-21\bin\verify.dll

Deoptimization events (20 events):
Event: 26.575 Thread 0x0000026b9851f860 DEOPT PACKING pc=0x0000026baa319e50 sp=0x000000d33acf65e0
Event: 26.575 Thread 0x0000026b9851f860 DEOPT UNPACKING pc=0x0000026ba9547da2 sp=0x000000d33acf65a8 mode 2
Event: 26.575 Thread 0x0000026b9851f860 Uncommon trap: trap_request=0xffffffbe fr.pc=0x0000026baa319e50 relative=0x0000000000002e70
Event: 26.575 Thread 0x0000026b9851f860 Uncommon trap: reason=profile_predicate action=maybe_recompile pc=0x0000026baa319e50 method=org.jetbrains.kotlin.types.AbstractNullabilityChecker.hasNotNullSupertype(Lorg/jetbrains/kotlin/types/TypeCheckerState;Lorg/jetbrains/kotlin/types/model/SimpleType
Event: 26.575 Thread 0x0000026b9851f860 DEOPT PACKING pc=0x0000026baa319e50 sp=0x000000d33acf6990
Event: 26.575 Thread 0x0000026b9851f860 DEOPT UNPACKING pc=0x0000026ba9547da2 sp=0x000000d33acf6958 mode 2
Event: 26.575 Thread 0x0000026b9851f860 Uncommon trap: trap_request=0xffffffbe fr.pc=0x0000026baa319e50 relative=0x0000000000002e70
Event: 26.575 Thread 0x0000026b9851f860 Uncommon trap: reason=profile_predicate action=maybe_recompile pc=0x0000026baa319e50 method=org.jetbrains.kotlin.types.AbstractNullabilityChecker.hasNotNullSupertype(Lorg/jetbrains/kotlin/types/TypeCheckerState;Lorg/jetbrains/kotlin/types/model/SimpleType
Event: 26.575 Thread 0x0000026b9851f860 DEOPT PACKING pc=0x0000026baa319e50 sp=0x000000d33acf65e0
Event: 26.575 Thread 0x0000026b9851f860 DEOPT UNPACKING pc=0x0000026ba9547da2 sp=0x000000d33acf65a8 mode 2
Event: 26.714 Thread 0x0000026b9851f860 DEOPT PACKING pc=0x0000026ba4596be4 sp=0x000000d33acf5400
Event: 26.714 Thread 0x0000026b9851f860 DEOPT UNPACKING pc=0x0000026ba95488e2 sp=0x000000d33acf4df0 mode 0
Event: 26.716 Thread 0x0000026b9851f860 Uncommon trap: trap_request=0xffffff45 fr.pc=0x0000026baa26141c relative=0x0000000000003a7c
Event: 26.716 Thread 0x0000026b9851f860 Uncommon trap: reason=unstable_if action=reinterpret pc=0x0000026baa26141c method=org.jetbrains.kotlin.resolve.calls.inference.model.NewConstraintSystemImpl.addOtherSystem(Lorg/jetbrains/kotlin/resolve/calls/inference/model/ConstraintStorage;ZZ)V @ 130 c2
Event: 26.716 Thread 0x0000026b9851f860 DEOPT PACKING pc=0x0000026baa26141c sp=0x000000d33acf3e60
Event: 26.716 Thread 0x0000026b9851f860 DEOPT UNPACKING pc=0x0000026ba9547da2 sp=0x000000d33acf3e70 mode 2
Event: 26.733 Thread 0x0000026b9851f860 Uncommon trap: trap_request=0xffffff45 fr.pc=0x0000026baa236850 relative=0x0000000000001ab0
Event: 26.733 Thread 0x0000026b9851f860 Uncommon trap: reason=unstable_if action=reinterpret pc=0x0000026baa236850 method=org.jetbrains.kotlin.fir.resolve.inference.ConstraintSystemCompleterKt.processCandidatesAndPostponedAtomsInOrderImpl(Lorg/jetbrains/kotlin/fir/expressions/FirStatement;Lorg/
Event: 26.733 Thread 0x0000026b9851f860 DEOPT PACKING pc=0x0000026baa236850 sp=0x000000d33acf5e90
Event: 26.733 Thread 0x0000026b9851f860 DEOPT UNPACKING pc=0x0000026ba9547da2 sp=0x000000d33acf5eb8 mode 2

Classes loaded (20 events):
Event: 11.690 Loading class java/util/AbstractList$SubList
Event: 11.691 Loading class java/util/AbstractList$SubList done
Event: 11.692 Loading class java/util/AbstractList$SubList$1
Event: 11.693 Loading class java/util/AbstractList$SubList$1 done
Event: 11.787 Loading class java/util/EnumMap$EntrySet
Event: 11.789 Loading class java/util/EnumMap$EntrySet done
Event: 11.789 Loading class java/util/EnumMap$EntryIterator
Event: 11.791 Loading class java/util/EnumMap$EnumMapIterator
Event: 11.793 Loading class java/util/EnumMap$EnumMapIterator done
Event: 11.793 Loading class java/util/EnumMap$EntryIterator done
Event: 11.793 Loading class java/util/EnumMap$EntryIterator$Entry
Event: 11.795 Loading class java/util/EnumMap$EntryIterator$Entry done
Event: 13.193 Loading class java/util/AbstractList$RandomAccessSubList
Event: 13.194 Loading class java/util/AbstractList$RandomAccessSubList done
Event: 18.828 Loading class java/lang/Byte$ByteCache
Event: 18.829 Loading class java/lang/Byte$ByteCache done
Event: 20.480 Loading class java/security/CodeSigner
Event: 20.481 Loading class java/security/CodeSigner done
Event: 23.626 Loading class java/lang/Short$ShortCache
Event: 23.629 Loading class java/lang/Short$ShortCache done

Classes unloaded (0 events):
No events

Classes redefined (0 events):
No events

Internal exceptions (20 events):
Event: 13.315 Thread 0x0000026b9851f860 Exception <a 'java/lang/NoSuchMethodError'{0x000000008d56eee0}: 'java.lang.Object java.lang.invoke.DirectMethodHandle$Holder.newInvokeSpecial(java.lang.Object, int, java.lang.Object)'> (0x000000008d56eee0) 
thrown [s\open\src\hotspot\share\interpreter\linkResolver.cpp, line 773]
Event: 13.330 Thread 0x0000026b9851f860 Exception <a 'java/lang/NoSuchMethodError'{0x000000008d407698}: 'java.lang.Object java.lang.invoke.DirectMethodHandle$Holder.newInvokeSpecial(java.lang.Object, int, java.lang.Object, java.lang.Object)'> (0x000000008d407698) 
thrown [s\open\src\hotspot\share\interpreter\linkResolver.cpp, line 773]
Event: 13.331 Thread 0x0000026b9851f860 Exception <a 'java/lang/NoSuchMethodError'{0x000000008d40bcf8}: 'java.lang.Object java.lang.invoke.DirectMethodHandle$Holder.invokeSpecial(java.lang.Object, java.lang.Object, int, java.lang.Object, java.lang.Object)'> (0x000000008d40bcf8) 
thrown [s\open\src\hotspot\share\interpreter\linkResolver.cpp, line 773]
Event: 13.627 Thread 0x0000026b9851f860 Exception <a 'java/lang/NoSuchMethodError'{0x000000008cf37f20}: 'java.lang.Object java.lang.invoke.DirectMethodHandle$Holder.newInvokeSpecial(java.lang.Object, java.lang.Object, java.lang.Object, java.lang.Object, int, java.lang.Object, java.lang.Object)'> (0x000000008cf37f20) 
thrown [s\open\src\hotspot\share\interpreter\linkResolver.cpp, line 773]
Event: 13.627 Thread 0x0000026b9851f860 Exception <a 'java/lang/NoSuchMethodError'{0x000000008cf3fd20}: 'java.lang.Object java.lang.invoke.Invokers$Holder.linkToTargetMethod(java.lang.Object, java.lang.Object, java.lang.Object, int, java.lang.Object, java.lang.Object, java.lang.Object)'> (0x000000008cf3fd20) 
thrown [s\open\src\hotspot\share\interpreter\linkResolver.cpp, line 773]
Event: 13.711 Thread 0x0000026b9851f860 Exception <a 'java/lang/NoSuchMethodError'{0x000000008cdc5460}: 'java.lang.Object java.lang.invoke.DirectMethodHandle$Holder.newInvokeSpecial(java.lang.Object, java.lang.Object, java.lang.Object, int)'> (0x000000008cdc5460) 
thrown [s\open\src\hotspot\share\interpreter\linkResolver.cpp, line 773]
Event: 13.712 Thread 0x0000026b9851f860 Exception <a 'java/lang/NoSuchMethodError'{0x000000008cdc9210}: 'java.lang.Object java.lang.invoke.DirectMethodHandle$Holder.invokeSpecial(java.lang.Object, java.lang.Object, java.lang.Object, java.lang.Object, int)'> (0x000000008cdc9210) 
thrown [s\open\src\hotspot\share\interpreter\linkResolver.cpp, line 773]
Event: 13.712 Thread 0x0000026b9851f860 Exception <a 'java/lang/NoSuchMethodError'{0x000000008cdcc958}: 'java.lang.Object java.lang.invoke.Invokers$Holder.linkToTargetMethod(java.lang.Object, java.lang.Object, int, java.lang.Object)'> (0x000000008cdcc958) 
thrown [s\open\src\hotspot\share\interpreter\linkResolver.cpp, line 773]
Event: 14.050 Thread 0x0000026b9851f860 Exception <a 'java/lang/NoSuchMethodError'{0x000000008c293738}: 'java.lang.Object java.lang.invoke.DirectMethodHandle$Holder.invokeStatic(java.lang.Object, int, java.lang.Object, java.lang.Object)'> (0x000000008c293738) 
thrown [s\open\src\hotspot\share\interpreter\linkResolver.cpp, line 773]
Event: 15.201 Thread 0x0000026b9851f860 Exception <a 'java/lang/NoSuchMethodError'{0x000000008dd8d620}: 'java.lang.Object java.lang.invoke.DirectMethodHandle$Holder.invokeStatic(java.lang.Object, java.lang.Object, java.lang.Object, int, java.lang.Object, java.lang.Object)'> (0x000000008dd8d620) 
thrown [s\open\src\hotspot\share\interpreter\linkResolver.cpp, line 773]
Event: 18.409 Thread 0x0000026b9851f860 Exception <a 'java/lang/NoSuchMethodError'{0x000000009041a0e8}: 'java.lang.Object java.lang.invoke.DirectMethodHandle$Holder.newInvokeSpecial(java.lang.Object, java.lang.Object, java.lang.Object, java.lang.Object, java.lang.Object, java.lang.Object, java.lang.Object, java.lang.Object, java.lang.Object)'> (0x000000009041a0e8) 
thrown [s\open\src\hotspot\share\interpreter\linkResolver.cpp, line 773]
Event: 19.311 Thread 0x0000026b9851f860 Exception <a 'java/lang/NoSuchMethodError'{0x0000000093727ce8}: 'java.lang.Object java.lang.invoke.DirectMethodHandle$Holder.newInvokeSpecial(java.lang.Object, int, java.lang.Object, java.lang.Object, java.lang.Object)'> (0x0000000093727ce8) 
thrown [s\open\src\hotspot\share\interpreter\linkResolver.cpp, line 773]
Event: 19.311 Thread 0x0000026b9851f860 Exception <a 'java/lang/NoSuchMethodError'{0x000000009372c1c8}: 'java.lang.Object java.lang.invoke.DirectMethodHandle$Holder.invokeSpecial(java.lang.Object, java.lang.Object, int, java.lang.Object, java.lang.Object, java.lang.Object)'> (0x000000009372c1c8) 
thrown [s\open\src\hotspot\share\interpreter\linkResolver.cpp, line 773]
Event: 19.311 Thread 0x0000026b9851f860 Exception <a 'java/lang/NoSuchMethodError'{0x000000009372fcc0}: 'java.lang.Object java.lang.invoke.Invokers$Holder.linkToTargetMethod(int, java.lang.Object, java.lang.Object, java.lang.Object, java.lang.Object)'> (0x000000009372fcc0) 
thrown [s\open\src\hotspot\share\interpreter\linkResolver.cpp, line 773]
Event: 19.692 Thread 0x0000026b9851f860 Exception <a 'java/lang/NoSuchMethodError'{0x0000000092c86378}: 'java.lang.Object java.lang.invoke.DirectMethodHandle$Holder.newInvokeSpecial(java.lang.Object, java.lang.Object, java.lang.Object, java.lang.Object, java.lang.Object, int)'> (0x0000000092c86378) 
thrown [s\open\src\hotspot\share\interpreter\linkResolver.cpp, line 773]
Event: 19.693 Thread 0x0000026b9851f860 Exception <a 'java/lang/NoSuchMethodError'{0x0000000092c8aa80}: 'java.lang.Object java.lang.invoke.DirectMethodHandle$Holder.invokeSpecial(java.lang.Object, java.lang.Object, java.lang.Object, java.lang.Object, java.lang.Object, java.lang.Object, int)'> (0x0000000092c8aa80) 
thrown [s\open\src\hotspot\share\interpreter\linkResolver.cpp, line 773]
Event: 19.693 Thread 0x0000026b9851f860 Exception <a 'java/lang/NoSuchMethodError'{0x0000000092c8eb68}: 'java.lang.Object java.lang.invoke.Invokers$Holder.linkToTargetMethod(java.lang.Object, java.lang.Object, java.lang.Object, java.lang.Object, int, java.lang.Object)'> (0x0000000092c8eb68) 
thrown [s\open\src\hotspot\share\interpreter\linkResolver.cpp, line 773]
Event: 20.465 Thread 0x0000026b9851f860 Exception <a 'java/lang/NoSuchMethodError'{0x000000009122cba0}: 'java.lang.Object java.lang.invoke.DirectMethodHandle$Holder.invokeStatic(java.lang.Object, int, java.lang.Object)'> (0x000000009122cba0) 
thrown [s\open\src\hotspot\share\interpreter\linkResolver.cpp, line 773]
Event: 20.769 Thread 0x0000026b9851f860 Implicit null exception at 0x0000026ba9ddb260 to 0x0000026ba9ddbb94
Event: 24.352 Thread 0x0000026b9851f860 Implicit null exception at 0x0000026ba9d9a6b0 to 0x0000026ba9d9af24

ZGC Phase Switch (0 events):
No events

VM Operations (20 events):
Event: 24.487 Executing VM operation: ICBufferFull
Event: 24.487 Executing VM operation: ICBufferFull done
Event: 24.561 Executing VM operation: HandshakeAllThreads (Deoptimize)
Event: 24.562 Executing VM operation: HandshakeAllThreads (Deoptimize) done
Event: 24.722 Executing VM operation: HandshakeAllThreads (Deoptimize)
Event: 24.722 Executing VM operation: HandshakeAllThreads (Deoptimize) done
Event: 25.107 Executing VM operation: ICBufferFull
Event: 25.107 Executing VM operation: ICBufferFull done
Event: 25.208 Executing VM operation: G1CollectForAllocation (G1 Evacuation Pause)
Event: 25.221 Executing VM operation: G1CollectForAllocation (G1 Evacuation Pause) done
Event: 25.764 Executing VM operation: ICBufferFull
Event: 25.764 Executing VM operation: ICBufferFull done
Event: 25.806 Executing VM operation: HandshakeAllThreads (Deoptimize)
Event: 25.806 Executing VM operation: HandshakeAllThreads (Deoptimize) done
Event: 25.824 Executing VM operation: HandshakeAllThreads (Deoptimize)
Event: 25.824 Executing VM operation: HandshakeAllThreads (Deoptimize) done
Event: 26.691 Executing VM operation: ICBufferFull
Event: 26.691 Executing VM operation: ICBufferFull done
Event: 26.713 Executing VM operation: HandshakeAllThreads (Deoptimize)
Event: 26.714 Executing VM operation: HandshakeAllThreads (Deoptimize) done

Events (20 events):
Event: 23.605 Thread 0x0000026bb6be3150 flushing nmethod 0x0000026ba3005b90
Event: 23.605 Thread 0x0000026bb6be3150 flushing nmethod 0x0000026ba3006690
Event: 23.605 Thread 0x0000026bb6be3150 flushing nmethod 0x0000026ba3007510
Event: 23.605 Thread 0x0000026bb6be3150 flushing nmethod 0x0000026ba3008190
Event: 23.605 Thread 0x0000026bb6be3150 flushing nmethod 0x0000026ba300cc90
Event: 23.605 Thread 0x0000026bb6be3150 flushing nmethod 0x0000026ba309d610
Event: 23.605 Thread 0x0000026bb6be3150 flushing nmethod 0x0000026ba3171a90
Event: 23.605 Thread 0x0000026bb6be3150 flushing nmethod 0x0000026ba3172710
Event: 23.605 Thread 0x0000026bb6be3150 flushing nmethod 0x0000026ba31d8a10
Event: 23.605 Thread 0x0000026bb6be3150 flushing nmethod 0x0000026ba31daf10
Event: 23.605 Thread 0x0000026bb6be3150 flushing nmethod 0x0000026ba31dda10
Event: 23.605 Thread 0x0000026bb6be3150 flushing nmethod 0x0000026ba31dde10
Event: 23.605 Thread 0x0000026bb6be3150 flushing nmethod 0x0000026ba31de290
Event: 23.605 Thread 0x0000026bb6be3150 flushing nmethod 0x0000026ba31e1810
Event: 23.605 Thread 0x0000026bb6be3150 flushing nmethod 0x0000026ba3202490
Event: 23.605 Thread 0x0000026bb6be3150 flushing nmethod 0x0000026ba3208b10
Event: 23.605 Thread 0x0000026bb6be3150 flushing nmethod 0x0000026ba3267290
Event: 23.605 Thread 0x0000026bb6be3150 flushing nmethod 0x0000026ba326d290
Event: 23.605 Thread 0x0000026bb6be3150 flushing nmethod 0x0000026ba3272510
Event: 23.605 Thread 0x0000026bb6be3150 flushing nmethod 0x0000026ba32ef810


Dynamic libraries:
0x00007ff6efec0000 - 0x00007ff6efed0000 	C:\Program Files\Java\latest\jdk-21\bin\java.exe
0x00007ffeba6e0000 - 0x00007ffeba947000 	C:\WINDOWS\SYSTEM32\ntdll.dll
0x00007ffeb8d00000 - 0x00007ffeb8dc9000 	C:\WINDOWS\System32\KERNEL32.DLL
0x00007ffeb7fd0000 - 0x00007ffeb83c7000 	C:\WINDOWS\System32\KERNELBASE.dll
0x00007ffeb7300000 - 0x00007ffeb744b000 	C:\WINDOWS\System32\ucrtbase.dll
0x00007ffe8eae0000 - 0x00007ffe8eaf9000 	C:\Program Files\Java\latest\jdk-21\bin\jli.dll
0x00007ffe8ea60000 - 0x00007ffe8ea7e000 	C:\Program Files\Java\latest\jdk-21\bin\VCRUNTIME140.dll
0x00007ffeb9f80000 - 0x00007ffeba036000 	C:\WINDOWS\System32\ADVAPI32.dll
0x00007ffeb9a30000 - 0x00007ffeb9ad9000 	C:\WINDOWS\System32\msvcrt.dll
0x00007ffeba460000 - 0x00007ffeba507000 	C:\WINDOWS\System32\sechost.dll
0x00007ffeb8be0000 - 0x00007ffeb8cf8000 	C:\WINDOWS\System32\RPCRT4.dll
0x00007ffeb89a0000 - 0x00007ffeb8b66000 	C:\WINDOWS\System32\USER32.dll
0x00007ffeb75d0000 - 0x00007ffeb75f7000 	C:\WINDOWS\System32\win32u.dll
0x00007ffeb8bb0000 - 0x00007ffeb8bdb000 	C:\WINDOWS\System32\GDI32.dll
0x00007ffe96150000 - 0x00007ffe963e2000 	C:\WINDOWS\WinSxS\amd64_microsoft.windows.common-controls_6595b64144ccf1df_6.0.26100.8457_none_3e0b2faee331e92d\COMCTL32.dll
0x00007ffeb7110000 - 0x00007ffeb723c000 	C:\WINDOWS\System32\gdi32full.dll
0x00007ffeb7e70000 - 0x00007ffeb7f13000 	C:\WINDOWS\System32\msvcp_win.dll
0x00007ffea6720000 - 0x00007ffea672b000 	C:\WINDOWS\SYSTEM32\VERSION.dll
0x00007ffeb9190000 - 0x00007ffeb91c2000 	C:\WINDOWS\System32\IMM32.DLL
0x00007ffe92b20000 - 0x00007ffe92b2c000 	C:\Program Files\Java\latest\jdk-21\bin\vcruntime140_1.dll
0x00007ffe3e5d0000 - 0x00007ffe3e65d000 	C:\Program Files\Java\latest\jdk-21\bin\msvcp140.dll
0x00007ffe20c10000 - 0x00007ffe21937000 	C:\Program Files\Java\latest\jdk-21\bin\server\jvm.dll
0x00007ffeb9080000 - 0x00007ffeb9100000 	C:\WINDOWS\System32\WS2_32.dll
0x00007ffeabe50000 - 0x00007ffeabe86000 	C:\WINDOWS\SYSTEM32\WINMM.dll
0x00007ffeb6f90000 - 0x00007ffeb6fee000 	C:\WINDOWS\SYSTEM32\POWRPROF.dll
0x00007ffeb6f70000 - 0x00007ffeb6f84000 	C:\WINDOWS\SYSTEM32\UMPDC.dll
0x00007ffeb5e70000 - 0x00007ffeb5e8b000 	C:\WINDOWS\SYSTEM32\kernel.appcore.dll
0x00007ffe918d0000 - 0x00007ffe918da000 	C:\Program Files\Java\latest\jdk-21\bin\jimage.dll
0x00007ffeb4f60000 - 0x00007ffeb51a2000 	C:\WINDOWS\SYSTEM32\DBGHELP.DLL
0x00007ffeba050000 - 0x00007ffeba3d3000 	C:\WINDOWS\System32\combase.dll
0x00007ffeb9950000 - 0x00007ffeb9a29000 	C:\WINDOWS\System32\OLEAUT32.dll
0x00007ffe88270000 - 0x00007ffe882ab000 	C:\WINDOWS\SYSTEM32\dbgcore.DLL
0x00007ffeb7f20000 - 0x00007ffeb7fc8000 	C:\WINDOWS\System32\bcryptPrimitives.dll
0x00007ffe7f0e0000 - 0x00007ffe7f101000 	C:\Program Files\Java\latest\jdk-21\bin\java.dll
0x00007ffeb91d0000 - 0x00007ffeb993e000 	C:\WINDOWS\System32\SHELL32.dll
0x00007ffeb7600000 - 0x00007ffeb7e6c000 	C:\WINDOWS\System32\windows.storage.dll
0x00007ffeba510000 - 0x00007ffeba606000 	C:\WINDOWS\System32\SHCORE.dll
0x00007ffeb8ff0000 - 0x00007ffeb9056000 	C:\WINDOWS\System32\shlwapi.dll
0x00007ffeb7030000 - 0x00007ffeb7059000 	C:\WINDOWS\SYSTEM32\profapi.dll
0x00007ffe3a590000 - 0x00007ffe3a667000 	C:\Program Files\Java\latest\jdk-21\bin\jsvml.dll
0x00007ffe8ea40000 - 0x00007ffe8ea51000 	C:\Program Files\Java\latest\jdk-21\bin\net.dll
0x00007ffea6580000 - 0x00007ffea66a9000 	C:\WINDOWS\SYSTEM32\WINHTTP.dll
0x00007ffeb63f0000 - 0x00007ffeb645c000 	C:\WINDOWS\system32\mswsock.dll
0x00007ffe7f0c0000 - 0x00007ffe7f0d6000 	C:\Program Files\Java\latest\jdk-21\bin\nio.dll
0x00007ffe79a90000 - 0x00007ffe79aa8000 	C:\Program Files\Java\latest\jdk-21\bin\zip.dll
0x00007ffe8e800000 - 0x00007ffe8e810000 	C:\Program Files\Java\latest\jdk-21\bin\verify.dll

dbghelp: loaded successfully - version: 4.0.5 - missing functions: none
symbol engine: initialized successfully - sym options: 0x614 - pdb path: .;C:\Program Files\Java\latest\jdk-21\bin;C:\WINDOWS\SYSTEM32;C:\WINDOWS\WinSxS\amd64_microsoft.windows.common-controls_6595b64144ccf1df_6.0.26100.8457_none_3e0b2faee331e92d;C:\Program Files\Java\latest\jdk-21\bin\server

VM Arguments:
java_command: org.jetbrains.kotlin.cli.jvm.K2JVMCompiler @A:\PROJECTS\PlacementMP-II\PlacementApp\app\build\20260514_8164488391089914306.compiler.options
java_class_path (initial): C:\Users\soura\.gradle\caches\modules-2\files-2.1\org.jetbrains.kotlin\kotlin-compiler-embeddable\2.0.21\79346ed53db48b18312a472602eb5c057070c54d\kotlin-compiler-embeddable-2.0.21.jar;C:\Users\soura\.gradle\caches\modules-2\files-2.1\org.jetbrains.kotlin\kotlin-stdlib\2.0.21\618b539767b4899b4660a83006e052b63f1db551\kotlin-stdlib-2.0.21.jar;C:\Users\soura\.gradle\caches\modules-2\files-2.1\org.jetbrains.kotlin\kotlin-script-runtime\2.0.21\c9b044380ad41f89aa89aa896c2d32a8c0b2129d\kotlin-script-runtime-2.0.21.jar;C:\Users\soura\.gradle\caches\modules-2\files-2.1\org.jetbrains.kotlin\kotlin-reflect\1.6.10\1cbe9c92c12a94eea200d23c2bbaedaf3daf5132\kotlin-reflect-1.6.10.jar;C:\Users\soura\.gradle\caches\modules-2\files-2.1\org.jetbrains.kotlin\kotlin-daemon-embeddable\2.0.21\c9e933b23287de9b5a17e2116b4657bb91aea72c\kotlin-daemon-embeddable-2.0.21.jar;C:\Users\soura\.gradle\caches\modules-2\files-2.1\org.jetbrains.intellij.deps\trove4j\1.0.20200330\3afb14d5f9ceb459d724e907a21145e8ff394f02\trove4j-1.0.20200330.jar;C:\Users\soura\.gradle\caches\modules-2\files-2.1\org.jetbrains.kotlinx\kotlinx-coroutines-core-jvm\1.6.4\2c997cd1c0ef33f3e751d3831929aeff1390cb30\kotlinx-coroutines-core-jvm-1.6.4.jar;C:\Users\soura\.gradle\caches\modules-2\files-2.1\org.jetbrains\annotations\13.0\919f0dfe192fb4e063e7dacadee7f8bb9a2672a9\annotations-13.0.jar
Launcher Type: SUN_STANDARD

[Global flags]
     intx CICompilerCount                          = 4                                         {product} {ergonomic}
     uint ConcGCThreads                            = 2                                         {product} {ergonomic}
     uint G1ConcRefinementThreads                  = 8                                         {product} {ergonomic}
   size_t G1HeapRegionSize                         = 1048576                                   {product} {ergonomic}
    uintx GCDrainStackTargetSize                   = 64                                        {product} {ergonomic}
   size_t InitialHeapSize                          = 132120576                                 {product} {ergonomic}
   size_t MarkStackSize                            = 4194304                                   {product} {ergonomic}
   size_t MaxHeapSize                              = 2082471936                                {product} {ergonomic}
   size_t MaxNewSize                               = 1248854016                                {product} {ergonomic}
   size_t MinHeapDeltaBytes                        = 1048576                                   {product} {ergonomic}
   size_t MinHeapSize                              = 8388608                                   {product} {ergonomic}
    uintx NonNMethodCodeHeapSize                   = 5839372                                {pd product} {ergonomic}
    uintx NonProfiledCodeHeapSize                  = 122909434                              {pd product} {ergonomic}
    uintx ProfiledCodeHeapSize                     = 122909434                              {pd product} {ergonomic}
    uintx ReservedCodeCacheSize                    = 251658240                              {pd product} {ergonomic}
     bool SegmentedCodeCache                       = true                                      {product} {ergonomic}
   size_t SoftMaxHeapSize                          = 2082471936                             {manageable} {ergonomic}
     bool UseCompressedOops                        = true                           {product lp64_product} {ergonomic}
     bool UseG1GC                                  = true                                      {product} {ergonomic}
     bool UseLargePagesIndividualAllocation        = false                                  {pd product} {ergonomic}

Logging:
Log output configuration:
 #0: stdout all=warning uptime,level,tags foldmultilines=false
 #1: stderr all=off uptime,level,tags foldmultilines=false

Environment Variables:
JAVA_HOME=C:\Program Files\Java\latest\jdk-21
CLASSPATH=A:\PROJECTS\PlacementMP-II\PlacementApp\\gradle\wrapper\gradle-wrapper.jar
PATH=a:\APPSexe\cursor\resources\app\resources\helpers;C:\Program Files\Java\latest\jdk-21\bin;C:\WINDOWS\system32;C:\WINDOWS;C:\WINDOWS\System32\Wbem;C:\WINDOWS\System32\WindowsPowerShell\v1.0\;C:\WINDOWS\System32\OpenSSH\;C:\msys64\mingw64\bin;C:\Program Files\HP\HP One Agent;C:\Program Files\HP\Common\HPDestPlgIn\;C:\Program Files (x86)\HP\Common\HPDestPlgIn\;C:\ProgramData\chocolatey\bin;C:\WINDOWS\system32;C:\WINDOWS;C:\WINDOWS\System32\Wbem;C:\WINDOWS\System32\WindowsPowerShell\v1.0\;C:\WINDOWS\System32\OpenSSH\;C:\Program Files\Docker\Docker\resources\bin;A:\PROJECTS\kobweb-0.9.21\bin;C:\Program Files\Java\latest\jdk-21\bin;A:\Git\cmd;A:\Node\;C:\Program Files\Java\latest\jdk-21;C:\Users\soura\AppData\Local\Microsoft\WindowsApps;C:\Program Files\Azure Data Studio\bin;C:\Users\soura\AppData\Local\Programs\Microsoft VS Code Insiders\bin;A:\IntelliJ IDEA Community Edition 2024.2.3\bin;C:\Program Files\HP\Common\HPDestPlgIn\;C:\Program Files (x86)\HP\Common\HPDestPlgIn\;A:\Git\cmd;A:\Java\bin;C:\Users\soura\AppData\Local\spicetify;C:\Users\soura\AppData\Roaming\npm;A:\Node;C:\Program Files\Java\latest\jdk-21;A:\APPSexe\cursor\resources\app\bin;A:\APPSexe\Microsoft VS Code\bin
USERNAME=soura
TERM=dumb
OS=Windows_NT
PROCESSOR_IDENTIFIER=Intel64 Family 6 Model 140 Stepping 2, GenuineIntel
TMP=C:\Users\soura\AppData\Local\Temp
TEMP=C:\Users\soura\AppData\Local\Temp




Periodic native trim disabled

---------------  S Y S T E M  ---------------

OS:
 Windows 11 , 64 bit Build 26100 (10.0.26100.8328)
OS uptime: 0 days 4:16 hours
Hyper-V role detected

CPU: total 8 (initial active 8) (4 cores per cpu, 2 threads per core) family 6 model 140 stepping 2 microcode 0x2c, cx8, cmov, fxsr, ht, mmx, 3dnowpref, sse, sse2, sse3, ssse3, sse4.1, sse4.2, popcnt, lzcnt, tsc, tscinvbit, avx, avx2, aes, erms, clmul, bmi1, bmi2, adx, avx512f, avx512dq, avx512cd, avx512bw, avx512vl, sha, fma, vzeroupper, avx512_vpopcntdq, avx512_vpclmulqdq, avx512_vaes, avx512_vnni, clflush, clflushopt, clwb, avx512_vbmi2, avx512_vbmi, hv, rdtscp, rdpid, fsrm, gfni, avx512_bitalg, f16c, cet_ibt, cet_ss, avx512_ifma
Processor Information for all 8 processors :
  Max Mhz: 2496, Current Mhz: 2496, Mhz Limit: 2496

Memory: 4k page, system-wide physical 7941M (1886M free)
TotalPageFile size 22565M (AvailPageFile size 5M)
current process WorkingSet (physical memory assigned to process): 508M, peak: 514M
current process commit charge ("private bytes"): 577M, peak: 584M

vm_info: Java HotSpot(TM) 64-Bit Server VM (21.0.10+8-LTS-217) for windows-amd64 JRE (21.0.10+8-LTS-217), built on 2025-12-18T14:59:28Z by "mach5run" with MS VC++ 17.13 (VS2022)

END.
